[0.049s] Invoking command in '/home/xmedia/ros2_foxy/build/unitree_lidar_ros2': CMAKE_PREFIX_PATH=${CMAKE_PREFIX_PATH}:/opt/ros/foxy /usr/bin/cmake --build /home/xmedia/ros2_foxy/build/unitree_lidar_ros2 -- -j4 -l4
[0.222s] [100%] Built target unitree_lidar_ros2_node
[0.271s] Invoked command in '/home/xmedia/ros2_foxy/build/unitree_lidar_ros2' returned '0': CMAKE_PREFIX_PATH=${CMAKE_PREFIX_PATH}:/opt/ros/foxy /usr/bin/cmake --build /home/xmedia/ros2_foxy/build/unitree_lidar_ros2 -- -j4 -l4
[0.278s] Invoking command in '/home/xmedia/ros2_foxy/build/unitree_lidar_ros2': CMAKE_PREFIX_PATH=${CMAKE_PREFIX_PATH}:/opt/ros/foxy /usr/bin/cmake --install /home/xmedia/ros2_foxy/build/unitree_lidar_ros2
[0.326s] -- Install configuration: "Release"
[0.327s] -- Execute custom install script
[0.328s] -- Up-to-date symlink: /home/xmedia/ros2_foxy/install/unitree_lidar_ros2/lib/unitree_lidar_ros2/unitree_lidar_ros2_node
[0.329s] -- Up-to-date symlink: /home/xmedia/ros2_foxy/install/unitree_lidar_ros2/share/unitree_lidar_ros2/view.rviz
[0.329s] -- Up-to-date symlink: /home/xmedia/ros2_foxy/install/unitree_lidar_ros2/share/unitree_lidar_ros2/launch.py
[0.329s] -- Up-to-date symlink: /home/xmedia/ros2_foxy/install/unitree_lidar_ros2/share/ament_index/resource_index/package_run_dependencies/unitree_lidar_ros2
[0.329s] -- Up-to-date symlink: /home/xmedia/ros2_foxy/install/unitree_lidar_ros2/share/ament_index/resource_index/parent_prefix_path/unitree_lidar_ros2
[0.329s] -- Up-to-date symlink: /home/xmedia/ros2_foxy/install/unitree_lidar_ros2/share/unitree_lidar_ros2/environment/ament_prefix_path.sh
[0.329s] -- Up-to-date symlink: /home/xmedia/ros2_foxy/install/unitree_lidar_ros2/share/unitree_lidar_ros2/environment/ament_prefix_path.dsv
[0.329s] -- Up-to-date symlink: /home/xmedia/ros2_foxy/install/unitree_lidar_ros2/share/unitree_lidar_ros2/environment/path.sh
[0.330s] -- Up-to-date symlink: /home/xmedia/ros2_foxy/install/unitree_lidar_ros2/share/unitree_lidar_ros2/environment/path.dsv
[0.330s] -- Up-to-date symlink: /home/xmedia/ros2_foxy/install/unitree_lidar_ros2/share/unitree_lidar_ros2/local_setup.bash
[0.330s] -- Up-to-date symlink: /home/xmedia/ros2_foxy/install/unitree_lidar_ros2/share/unitree_lidar_ros2/local_setup.sh
[0.330s] -- Up-to-date symlink: /home/xmedia/ros2_foxy/install/unitree_lidar_ros2/share/unitree_lidar_ros2/local_setup.zsh
[0.330s] -- Up-to-date symlink: /home/xmedia/ros2_foxy/install/unitree_lidar_ros2/share/unitree_lidar_ros2/local_setup.dsv
[0.330s] -- Symlinking: /home/xmedia/ros2_foxy/install/unitree_lidar_ros2/share/unitree_lidar_ros2/package.dsv
[0.351s] -- Up-to-date symlink: /home/xmedia/ros2_foxy/install/unitree_lidar_ros2/share/ament_index/resource_index/packages/unitree_lidar_ros2
[0.352s] -- Up-to-date symlink: /home/xmedia/ros2_foxy/install/unitree_lidar_ros2/share/unitree_lidar_ros2/cmake/unitree_lidar_ros2Config.cmake
[0.352s] -- Up-to-date symlink: /home/xmedia/ros2_foxy/install/unitree_lidar_ros2/share/unitree_lidar_ros2/cmake/unitree_lidar_ros2Config-version.cmake
[0.355s] -- Up-to-date symlink: /home/xmedia/ros2_foxy/install/unitree_lidar_ros2/share/unitree_lidar_ros2/package.xml
[0.373s] Invoked command in '/home/xmedia/ros2_foxy/build/unitree_lidar_ros2' returned '0': CMAKE_PREFIX_PATH=${CMAKE_PREFIX_PATH}:/opt/ros/foxy /usr/bin/cmake --install /home/xmedia/ros2_foxy/build/unitree_lidar_ros2
