[0.213s] DEBUG:colcon:Command line arguments: ['/usr/bin/colcon', 'build', '--symlink-install', '--cmake-args', '-DCMAKE_BUILD_TYPE=Release']
[0.213s] DEBUG:colcon:Parsed command line arguments: Namespace(allow_overriding=[], ament_cmake_args=None, base_paths=['.'], build_base='build', catkin_cmake_args=None, catkin_skip_building_tests=False, cmake_args=['-DCMAKE_BUILD_TYPE=Release'], cmake_clean_cache=False, cmake_clean_first=False, cmake_force_configure=False, cmake_target=None, cmake_target_skip_unavailable=False, continue_on_error=False, event_handlers=None, executor='parallel', ignore_user_meta=False, install_base='install', log_base=None, log_level=None, main=<bound method BuildVerb.main of <colcon_core.verb.build.BuildVerb object at 0x7f992c714610>>, merge_install=False, metas=['./colcon.meta'], mixin=None, mixin_files=None, mixin_verb=('build',), packages_above=None, packages_above_and_dependencies=None, packages_above_depth=None, packages_end=None, packages_ignore=None, packages_ignore_regex=None, packages_select=None, packages_select_build_failed=False, packages_select_by_dep=None, packages_select_regex=None, packages_select_test_failures=False, packages_skip=None, packages_skip_build_finished=False, packages_skip_by_dep=None, packages_skip_regex=None, packages_skip_test_passed=False, packages_skip_up_to=None, packages_start=None, packages_up_to=None, packages_up_to_regex=None, parallel_workers=4, paths=None, symlink_install=True, test_result_base=None, verb_extension=<colcon_core.verb.build.BuildVerb object at 0x7f992c714610>, verb_name='build', verb_parser=<colcon_mixin.mixin.mixin_argument.MixinArgumentDecorator object at 0x7f992c67a0d0>)
[0.364s] Level 1:colcon.colcon_core.package_discovery:discover_packages(colcon_meta) check parameters
[0.364s] Level 1:colcon.colcon_core.package_discovery:discover_packages(recursive) check parameters
[0.364s] Level 1:colcon.colcon_core.package_discovery:discover_packages(ignore) check parameters
[0.364s] Level 1:colcon.colcon_core.package_discovery:discover_packages(path) check parameters
[0.364s] Level 1:colcon.colcon_core.package_discovery:discover_packages(colcon_meta) discover
[0.364s] Level 1:colcon.colcon_core.package_discovery:discover_packages(recursive) discover
[0.364s] INFO:colcon.colcon_core.package_discovery:Crawling recursively for packages in '/home/xmedia/ros2_foxy'
[0.364s] Level 1:colcon.colcon_core.package_identification:_identify(.) by extensions ['ignore', 'ignore_ament_install']
[0.364s] Level 1:colcon.colcon_core.package_identification:_identify(.) by extension 'ignore'
[0.364s] Level 1:colcon.colcon_core.package_identification:_identify(.) by extension 'ignore_ament_install'
[0.364s] Level 1:colcon.colcon_core.package_identification:_identify(.) by extensions ['colcon_pkg']
[0.364s] Level 1:colcon.colcon_core.package_identification:_identify(.) by extension 'colcon_pkg'
[0.364s] Level 1:colcon.colcon_core.package_identification:_identify(.) by extensions ['colcon_meta']
[0.364s] Level 1:colcon.colcon_core.package_identification:_identify(.) by extension 'colcon_meta'
[0.365s] Level 1:colcon.colcon_core.package_identification:_identify(.) by extensions ['ros']
[0.365s] Level 1:colcon.colcon_core.package_identification:_identify(.) by extension 'ros'
[0.375s] Level 1:colcon.colcon_core.package_identification:_identify(.) by extensions ['cmake', 'python']
[0.375s] Level 1:colcon.colcon_core.package_identification:_identify(.) by extension 'cmake'
[0.375s] Level 1:colcon.colcon_core.package_identification:_identify(.) by extension 'python'
[0.375s] Level 1:colcon.colcon_core.package_identification:_identify(.) by extensions ['python_setup_py']
[0.375s] Level 1:colcon.colcon_core.package_identification:_identify(.) by extension 'python_setup_py'
[0.376s] Level 1:colcon.colcon_core.package_identification:_identify(build) by extensions ['ignore', 'ignore_ament_install']
[0.376s] Level 1:colcon.colcon_core.package_identification:_identify(build) by extension 'ignore'
[0.376s] Level 1:colcon.colcon_core.package_identification:_identify(build) ignored
[0.376s] Level 1:colcon.colcon_core.package_identification:_identify(install) by extensions ['ignore', 'ignore_ament_install']
[0.376s] Level 1:colcon.colcon_core.package_identification:_identify(install) by extension 'ignore'
[0.376s] Level 1:colcon.colcon_core.package_identification:_identify(install) ignored
[0.376s] Level 1:colcon.colcon_core.package_identification:_identify(log) by extensions ['ignore', 'ignore_ament_install']
[0.376s] Level 1:colcon.colcon_core.package_identification:_identify(log) by extension 'ignore'
[0.376s] Level 1:colcon.colcon_core.package_identification:_identify(log) ignored
[0.376s] Level 1:colcon.colcon_core.package_identification:_identify(maps) by extensions ['ignore', 'ignore_ament_install']
[0.376s] Level 1:colcon.colcon_core.package_identification:_identify(maps) by extension 'ignore'
[0.377s] Level 1:colcon.colcon_core.package_identification:_identify(maps) by extension 'ignore_ament_install'
[0.377s] Level 1:colcon.colcon_core.package_identification:_identify(maps) by extensions ['colcon_pkg']
[0.377s] Level 1:colcon.colcon_core.package_identification:_identify(maps) by extension 'colcon_pkg'
[0.377s] Level 1:colcon.colcon_core.package_identification:_identify(maps) by extensions ['colcon_meta']
[0.377s] Level 1:colcon.colcon_core.package_identification:_identify(maps) by extension 'colcon_meta'
[0.377s] Level 1:colcon.colcon_core.package_identification:_identify(maps) by extensions ['ros']
[0.377s] Level 1:colcon.colcon_core.package_identification:_identify(maps) by extension 'ros'
[0.377s] Level 1:colcon.colcon_core.package_identification:_identify(maps) by extensions ['cmake', 'python']
[0.377s] Level 1:colcon.colcon_core.package_identification:_identify(maps) by extension 'cmake'
[0.377s] Level 1:colcon.colcon_core.package_identification:_identify(maps) by extension 'python'
[0.377s] Level 1:colcon.colcon_core.package_identification:_identify(maps) by extensions ['python_setup_py']
[0.377s] Level 1:colcon.colcon_core.package_identification:_identify(maps) by extension 'python_setup_py'
[0.377s] Level 1:colcon.colcon_core.package_identification:_identify(src) by extensions ['ignore', 'ignore_ament_install']
[0.377s] Level 1:colcon.colcon_core.package_identification:_identify(src) by extension 'ignore'
[0.377s] Level 1:colcon.colcon_core.package_identification:_identify(src) by extension 'ignore_ament_install'
[0.377s] Level 1:colcon.colcon_core.package_identification:_identify(src) by extensions ['colcon_pkg']
[0.377s] Level 1:colcon.colcon_core.package_identification:_identify(src) by extension 'colcon_pkg'
[0.377s] Level 1:colcon.colcon_core.package_identification:_identify(src) by extensions ['colcon_meta']
[0.377s] Level 1:colcon.colcon_core.package_identification:_identify(src) by extension 'colcon_meta'
[0.377s] Level 1:colcon.colcon_core.package_identification:_identify(src) by extensions ['ros']
[0.377s] Level 1:colcon.colcon_core.package_identification:_identify(src) by extension 'ros'
[0.378s] Level 1:colcon.colcon_core.package_identification:_identify(src) by extensions ['cmake', 'python']
[0.378s] Level 1:colcon.colcon_core.package_identification:_identify(src) by extension 'cmake'
[0.378s] Level 1:colcon.colcon_core.package_identification:_identify(src) by extension 'python'
[0.378s] Level 1:colcon.colcon_core.package_identification:_identify(src) by extensions ['python_setup_py']
[0.378s] Level 1:colcon.colcon_core.package_identification:_identify(src) by extension 'python_setup_py'
[0.378s] Level 1:colcon.colcon_core.package_identification:_identify(src/lio_sam) by extensions ['ignore', 'ignore_ament_install']
[0.378s] Level 1:colcon.colcon_core.package_identification:_identify(src/lio_sam) by extension 'ignore'
[0.378s] Level 1:colcon.colcon_core.package_identification:_identify(src/lio_sam) by extension 'ignore_ament_install'
[0.378s] Level 1:colcon.colcon_core.package_identification:_identify(src/lio_sam) by extensions ['colcon_pkg']
[0.378s] Level 1:colcon.colcon_core.package_identification:_identify(src/lio_sam) by extension 'colcon_pkg'
[0.378s] Level 1:colcon.colcon_core.package_identification:_identify(src/lio_sam) by extensions ['colcon_meta']
[0.378s] Level 1:colcon.colcon_core.package_identification:_identify(src/lio_sam) by extension 'colcon_meta'
[0.378s] Level 1:colcon.colcon_core.package_identification:_identify(src/lio_sam) by extensions ['ros']
[0.378s] Level 1:colcon.colcon_core.package_identification:_identify(src/lio_sam) by extension 'ros'
[0.381s] DEBUG:colcon.colcon_core.package_identification:Package 'src/lio_sam' with type 'ros.ament_cmake' and name 'lio_sam'
[0.381s] Level 1:colcon.colcon_core.package_identification:_identify(src/rtabmap_ros) by extensions ['ignore', 'ignore_ament_install']
[0.381s] Level 1:colcon.colcon_core.package_identification:_identify(src/rtabmap_ros) by extension 'ignore'
[0.381s] Level 1:colcon.colcon_core.package_identification:_identify(src/rtabmap_ros) by extension 'ignore_ament_install'
[0.381s] Level 1:colcon.colcon_core.package_identification:_identify(src/rtabmap_ros) by extensions ['colcon_pkg']
[0.381s] Level 1:colcon.colcon_core.package_identification:_identify(src/rtabmap_ros) by extension 'colcon_pkg'
[0.381s] Level 1:colcon.colcon_core.package_identification:_identify(src/rtabmap_ros) by extensions ['colcon_meta']
[0.381s] Level 1:colcon.colcon_core.package_identification:_identify(src/rtabmap_ros) by extension 'colcon_meta'
[0.381s] Level 1:colcon.colcon_core.package_identification:_identify(src/rtabmap_ros) by extensions ['ros']
[0.382s] Level 1:colcon.colcon_core.package_identification:_identify(src/rtabmap_ros) by extension 'ros'
[0.382s] DEBUG:colcon.colcon_core.package_identification:Package 'src/rtabmap_ros' with type 'ros.ament_cmake' and name 'rtabmap_ros'
[0.382s] Level 1:colcon.colcon_core.package_identification:_identify(src/unilidar_sdk) by extensions ['ignore', 'ignore_ament_install']
[0.382s] Level 1:colcon.colcon_core.package_identification:_identify(src/unilidar_sdk) by extension 'ignore'
[0.383s] Level 1:colcon.colcon_core.package_identification:_identify(src/unilidar_sdk) by extension 'ignore_ament_install'
[0.383s] Level 1:colcon.colcon_core.package_identification:_identify(src/unilidar_sdk) by extensions ['colcon_pkg']
[0.383s] Level 1:colcon.colcon_core.package_identification:_identify(src/unilidar_sdk) by extension 'colcon_pkg'
[0.383s] Level 1:colcon.colcon_core.package_identification:_identify(src/unilidar_sdk) by extensions ['colcon_meta']
[0.383s] Level 1:colcon.colcon_core.package_identification:_identify(src/unilidar_sdk) by extension 'colcon_meta'
[0.383s] Level 1:colcon.colcon_core.package_identification:_identify(src/unilidar_sdk) by extensions ['ros']
[0.383s] Level 1:colcon.colcon_core.package_identification:_identify(src/unilidar_sdk) by extension 'ros'
[0.383s] Level 1:colcon.colcon_core.package_identification:_identify(src/unilidar_sdk) by extensions ['cmake', 'python']
[0.383s] Level 1:colcon.colcon_core.package_identification:_identify(src/unilidar_sdk) by extension 'cmake'
[0.383s] Level 1:colcon.colcon_core.package_identification:_identify(src/unilidar_sdk) by extension 'python'
[0.383s] Level 1:colcon.colcon_core.package_identification:_identify(src/unilidar_sdk) by extensions ['python_setup_py']
[0.383s] Level 1:colcon.colcon_core.package_identification:_identify(src/unilidar_sdk) by extension 'python_setup_py'
[0.383s] Level 1:colcon.colcon_core.package_identification:_identify(src/unilidar_sdk/docs) by extensions ['ignore', 'ignore_ament_install']
[0.383s] Level 1:colcon.colcon_core.package_identification:_identify(src/unilidar_sdk/docs) by extension 'ignore'
[0.383s] Level 1:colcon.colcon_core.package_identification:_identify(src/unilidar_sdk/docs) by extension 'ignore_ament_install'
[0.383s] Level 1:colcon.colcon_core.package_identification:_identify(src/unilidar_sdk/docs) by extensions ['colcon_pkg']
[0.383s] Level 1:colcon.colcon_core.package_identification:_identify(src/unilidar_sdk/docs) by extension 'colcon_pkg'
[0.383s] Level 1:colcon.colcon_core.package_identification:_identify(src/unilidar_sdk/docs) by extensions ['colcon_meta']
[0.383s] Level 1:colcon.colcon_core.package_identification:_identify(src/unilidar_sdk/docs) by extension 'colcon_meta'
[0.384s] Level 1:colcon.colcon_core.package_identification:_identify(src/unilidar_sdk/docs) by extensions ['ros']
[0.384s] Level 1:colcon.colcon_core.package_identification:_identify(src/unilidar_sdk/docs) by extension 'ros'
[0.384s] Level 1:colcon.colcon_core.package_identification:_identify(src/unilidar_sdk/docs) by extensions ['cmake', 'python']
[0.384s] Level 1:colcon.colcon_core.package_identification:_identify(src/unilidar_sdk/docs) by extension 'cmake'
[0.384s] Level 1:colcon.colcon_core.package_identification:_identify(src/unilidar_sdk/docs) by extension 'python'
[0.384s] Level 1:colcon.colcon_core.package_identification:_identify(src/unilidar_sdk/docs) by extensions ['python_setup_py']
[0.384s] Level 1:colcon.colcon_core.package_identification:_identify(src/unilidar_sdk/docs) by extension 'python_setup_py'
[0.384s] Level 1:colcon.colcon_core.package_identification:_identify(src/unilidar_sdk/unitree_lidar_ros2) by extensions ['ignore', 'ignore_ament_install']
[0.384s] Level 1:colcon.colcon_core.package_identification:_identify(src/unilidar_sdk/unitree_lidar_ros2) by extension 'ignore'
[0.384s] Level 1:colcon.colcon_core.package_identification:_identify(src/unilidar_sdk/unitree_lidar_ros2) by extension 'ignore_ament_install'
[0.384s] Level 1:colcon.colcon_core.package_identification:_identify(src/unilidar_sdk/unitree_lidar_ros2) by extensions ['colcon_pkg']
[0.384s] Level 1:colcon.colcon_core.package_identification:_identify(src/unilidar_sdk/unitree_lidar_ros2) by extension 'colcon_pkg'
[0.384s] Level 1:colcon.colcon_core.package_identification:_identify(src/unilidar_sdk/unitree_lidar_ros2) by extensions ['colcon_meta']
[0.384s] Level 1:colcon.colcon_core.package_identification:_identify(src/unilidar_sdk/unitree_lidar_ros2) by extension 'colcon_meta'
[0.384s] Level 1:colcon.colcon_core.package_identification:_identify(src/unilidar_sdk/unitree_lidar_ros2) by extensions ['ros']
[0.384s] Level 1:colcon.colcon_core.package_identification:_identify(src/unilidar_sdk/unitree_lidar_ros2) by extension 'ros'
[0.384s] Level 1:colcon.colcon_core.package_identification:_identify(src/unilidar_sdk/unitree_lidar_ros2) by extensions ['cmake', 'python']
[0.384s] Level 1:colcon.colcon_core.package_identification:_identify(src/unilidar_sdk/unitree_lidar_ros2) by extension 'cmake'
[0.384s] Level 1:colcon.colcon_core.package_identification:_identify(src/unilidar_sdk/unitree_lidar_ros2) by extension 'python'
[0.384s] Level 1:colcon.colcon_core.package_identification:_identify(src/unilidar_sdk/unitree_lidar_ros2) by extensions ['python_setup_py']
[0.384s] Level 1:colcon.colcon_core.package_identification:_identify(src/unilidar_sdk/unitree_lidar_ros2) by extension 'python_setup_py'
[0.385s] Level 1:colcon.colcon_core.package_identification:_identify(src/unilidar_sdk/unitree_lidar_ros2/build) by extensions ['ignore', 'ignore_ament_install']
[0.385s] Level 1:colcon.colcon_core.package_identification:_identify(src/unilidar_sdk/unitree_lidar_ros2/build) by extension 'ignore'
[0.385s] Level 1:colcon.colcon_core.package_identification:_identify(src/unilidar_sdk/unitree_lidar_ros2/build) ignored
[0.385s] Level 1:colcon.colcon_core.package_identification:_identify(src/unilidar_sdk/unitree_lidar_ros2/install) by extensions ['ignore', 'ignore_ament_install']
[0.385s] Level 1:colcon.colcon_core.package_identification:_identify(src/unilidar_sdk/unitree_lidar_ros2/install) by extension 'ignore'
[0.385s] Level 1:colcon.colcon_core.package_identification:_identify(src/unilidar_sdk/unitree_lidar_ros2/install) ignored
[0.385s] Level 1:colcon.colcon_core.package_identification:_identify(src/unilidar_sdk/unitree_lidar_ros2/log) by extensions ['ignore', 'ignore_ament_install']
[0.385s] Level 1:colcon.colcon_core.package_identification:_identify(src/unilidar_sdk/unitree_lidar_ros2/log) by extension 'ignore'
[0.385s] Level 1:colcon.colcon_core.package_identification:_identify(src/unilidar_sdk/unitree_lidar_ros2/log) ignored
[0.385s] Level 1:colcon.colcon_core.package_identification:_identify(src/unilidar_sdk/unitree_lidar_ros2/src) by extensions ['ignore', 'ignore_ament_install']
[0.385s] Level 1:colcon.colcon_core.package_identification:_identify(src/unilidar_sdk/unitree_lidar_ros2/src) by extension 'ignore'
[0.385s] Level 1:colcon.colcon_core.package_identification:_identify(src/unilidar_sdk/unitree_lidar_ros2/src) by extension 'ignore_ament_install'
[0.385s] Level 1:colcon.colcon_core.package_identification:_identify(src/unilidar_sdk/unitree_lidar_ros2/src) by extensions ['colcon_pkg']
[0.385s] Level 1:colcon.colcon_core.package_identification:_identify(src/unilidar_sdk/unitree_lidar_ros2/src) by extension 'colcon_pkg'
[0.385s] Level 1:colcon.colcon_core.package_identification:_identify(src/unilidar_sdk/unitree_lidar_ros2/src) by extensions ['colcon_meta']
[0.386s] Level 1:colcon.colcon_core.package_identification:_identify(src/unilidar_sdk/unitree_lidar_ros2/src) by extension 'colcon_meta'
[0.386s] Level 1:colcon.colcon_core.package_identification:_identify(src/unilidar_sdk/unitree_lidar_ros2/src) by extensions ['ros']
[0.386s] Level 1:colcon.colcon_core.package_identification:_identify(src/unilidar_sdk/unitree_lidar_ros2/src) by extension 'ros'
[0.386s] Level 1:colcon.colcon_core.package_identification:_identify(src/unilidar_sdk/unitree_lidar_ros2/src) by extensions ['cmake', 'python']
[0.386s] Level 1:colcon.colcon_core.package_identification:_identify(src/unilidar_sdk/unitree_lidar_ros2/src) by extension 'cmake'
[0.386s] Level 1:colcon.colcon_core.package_identification:_identify(src/unilidar_sdk/unitree_lidar_ros2/src) by extension 'python'
[0.386s] Level 1:colcon.colcon_core.package_identification:_identify(src/unilidar_sdk/unitree_lidar_ros2/src) by extensions ['python_setup_py']
[0.386s] Level 1:colcon.colcon_core.package_identification:_identify(src/unilidar_sdk/unitree_lidar_ros2/src) by extension 'python_setup_py'
[0.386s] Level 1:colcon.colcon_core.package_identification:_identify(src/unilidar_sdk/unitree_lidar_ros2/src/unitree_lidar_ros2) by extensions ['ignore', 'ignore_ament_install']
[0.386s] Level 1:colcon.colcon_core.package_identification:_identify(src/unilidar_sdk/unitree_lidar_ros2/src/unitree_lidar_ros2) by extension 'ignore'
[0.386s] Level 1:colcon.colcon_core.package_identification:_identify(src/unilidar_sdk/unitree_lidar_ros2/src/unitree_lidar_ros2) by extension 'ignore_ament_install'
[0.386s] Level 1:colcon.colcon_core.package_identification:_identify(src/unilidar_sdk/unitree_lidar_ros2/src/unitree_lidar_ros2) by extensions ['colcon_pkg']
[0.386s] Level 1:colcon.colcon_core.package_identification:_identify(src/unilidar_sdk/unitree_lidar_ros2/src/unitree_lidar_ros2) by extension 'colcon_pkg'
[0.386s] Level 1:colcon.colcon_core.package_identification:_identify(src/unilidar_sdk/unitree_lidar_ros2/src/unitree_lidar_ros2) by extensions ['colcon_meta']
[0.386s] Level 1:colcon.colcon_core.package_identification:_identify(src/unilidar_sdk/unitree_lidar_ros2/src/unitree_lidar_ros2) by extension 'colcon_meta'
[0.386s] Level 1:colcon.colcon_core.package_identification:_identify(src/unilidar_sdk/unitree_lidar_ros2/src/unitree_lidar_ros2) by extensions ['ros']
[0.386s] Level 1:colcon.colcon_core.package_identification:_identify(src/unilidar_sdk/unitree_lidar_ros2/src/unitree_lidar_ros2) by extension 'ros'
[0.387s] DEBUG:colcon.colcon_core.package_identification:Package 'src/unilidar_sdk/unitree_lidar_ros2/src/unitree_lidar_ros2' with type 'ros.ament_cmake' and name 'unitree_lidar_ros2'
[0.387s] Level 1:colcon.colcon_core.package_identification:_identify(src/unilidar_sdk/unitree_lidar_sdk) by extensions ['ignore', 'ignore_ament_install']
[0.387s] Level 1:colcon.colcon_core.package_identification:_identify(src/unilidar_sdk/unitree_lidar_sdk) by extension 'ignore'
[0.387s] Level 1:colcon.colcon_core.package_identification:_identify(src/unilidar_sdk/unitree_lidar_sdk) by extension 'ignore_ament_install'
[0.387s] Level 1:colcon.colcon_core.package_identification:_identify(src/unilidar_sdk/unitree_lidar_sdk) by extensions ['colcon_pkg']
[0.387s] Level 1:colcon.colcon_core.package_identification:_identify(src/unilidar_sdk/unitree_lidar_sdk) by extension 'colcon_pkg'
[0.388s] Level 1:colcon.colcon_core.package_identification:_identify(src/unilidar_sdk/unitree_lidar_sdk) by extensions ['colcon_meta']
[0.388s] Level 1:colcon.colcon_core.package_identification:_identify(src/unilidar_sdk/unitree_lidar_sdk) by extension 'colcon_meta'
[0.388s] Level 1:colcon.colcon_core.package_identification:_identify(src/unilidar_sdk/unitree_lidar_sdk) by extensions ['ros']
[0.388s] Level 1:colcon.colcon_core.package_identification:_identify(src/unilidar_sdk/unitree_lidar_sdk) by extension 'ros'
[0.388s] Level 1:colcon.colcon_core.package_identification:_identify(src/unilidar_sdk/unitree_lidar_sdk) by extensions ['cmake', 'python']
[0.388s] Level 1:colcon.colcon_core.package_identification:_identify(src/unilidar_sdk/unitree_lidar_sdk) by extension 'cmake'
[0.389s] Level 1:colcon.colcon_core.package_identification:_identify(src/unilidar_sdk/unitree_lidar_sdk) by extension 'python'
[0.389s] DEBUG:colcon.colcon_core.package_identification:Package 'src/unilidar_sdk/unitree_lidar_sdk' with type 'cmake' and name 'unitree_lidar_sdk'
[0.389s] Level 1:colcon.colcon_core.package_identification:_identify(src/unitree_lidar_mapping) by extensions ['ignore', 'ignore_ament_install']
[0.390s] Level 1:colcon.colcon_core.package_identification:_identify(src/unitree_lidar_mapping) by extension 'ignore'
[0.390s] Level 1:colcon.colcon_core.package_identification:_identify(src/unitree_lidar_mapping) by extension 'ignore_ament_install'
[0.390s] Level 1:colcon.colcon_core.package_identification:_identify(src/unitree_lidar_mapping) by extensions ['colcon_pkg']
[0.390s] Level 1:colcon.colcon_core.package_identification:_identify(src/unitree_lidar_mapping) by extension 'colcon_pkg'
[0.390s] Level 1:colcon.colcon_core.package_identification:_identify(src/unitree_lidar_mapping) by extensions ['colcon_meta']
[0.390s] Level 1:colcon.colcon_core.package_identification:_identify(src/unitree_lidar_mapping) by extension 'colcon_meta'
[0.390s] Level 1:colcon.colcon_core.package_identification:_identify(src/unitree_lidar_mapping) by extensions ['ros']
[0.390s] Level 1:colcon.colcon_core.package_identification:_identify(src/unitree_lidar_mapping) by extension 'ros'
[0.391s] DEBUG:colcon.colcon_core.package_identification:Package 'src/unitree_lidar_mapping' with type 'ros.ament_cmake' and name 'unitree_lidar_mapping'
[0.391s] Level 1:colcon.colcon_core.package_discovery:discover_packages(recursive) using defaults
[0.391s] Level 1:colcon.colcon_core.package_discovery:discover_packages(ignore) discover
[0.391s] Level 1:colcon.colcon_core.package_discovery:discover_packages(ignore) using defaults
[0.391s] Level 1:colcon.colcon_core.package_discovery:discover_packages(path) discover
[0.391s] Level 1:colcon.colcon_core.package_discovery:discover_packages(path) using defaults
[0.406s] Level 1:colcon.colcon_core.package_discovery:discover_packages(prefix_path) check parameters
[0.406s] Level 1:colcon.colcon_core.package_discovery:discover_packages(prefix_path) discover
[0.408s] DEBUG:colcon.colcon_installed_package_information.package_discovery:Found 5 installed packages in /home/xmedia/ros2_foxy/install
[0.409s] DEBUG:colcon.colcon_installed_package_information.package_discovery:Found 335 installed packages in /opt/ros/foxy
[0.421s] Level 1:colcon.colcon_core.package_discovery:discover_packages(prefix_path) using defaults
[0.488s] Level 5:colcon.colcon_core.verb:set package 'lio_sam' build argument 'cmake_args' from command line to '['-DCMAKE_BUILD_TYPE=Release']'
[0.488s] Level 5:colcon.colcon_core.verb:set package 'lio_sam' build argument 'cmake_target' from command line to 'None'
[0.488s] Level 5:colcon.colcon_core.verb:set package 'lio_sam' build argument 'cmake_target_skip_unavailable' from command line to 'False'
[0.488s] Level 5:colcon.colcon_core.verb:set package 'lio_sam' build argument 'cmake_clean_cache' from command line to 'False'
[0.488s] Level 5:colcon.colcon_core.verb:set package 'lio_sam' build argument 'cmake_clean_first' from command line to 'False'
[0.488s] Level 5:colcon.colcon_core.verb:set package 'lio_sam' build argument 'cmake_force_configure' from command line to 'False'
[0.488s] Level 5:colcon.colcon_core.verb:set package 'lio_sam' build argument 'ament_cmake_args' from command line to 'None'
[0.488s] Level 5:colcon.colcon_core.verb:set package 'lio_sam' build argument 'catkin_cmake_args' from command line to 'None'
[0.488s] Level 5:colcon.colcon_core.verb:set package 'lio_sam' build argument 'catkin_skip_building_tests' from command line to 'False'
[0.488s] DEBUG:colcon.colcon_core.verb:Building package 'lio_sam' with the following arguments: {'ament_cmake_args': None, 'build_base': '/home/xmedia/ros2_foxy/build/lio_sam', 'catkin_cmake_args': None, 'catkin_skip_building_tests': False, 'cmake_args': ['-DCMAKE_BUILD_TYPE=Release'], 'cmake_clean_cache': False, 'cmake_clean_first': False, 'cmake_force_configure': False, 'cmake_target': None, 'cmake_target_skip_unavailable': False, 'install_base': '/home/xmedia/ros2_foxy/install/lio_sam', 'merge_install': False, 'path': '/home/xmedia/ros2_foxy/src/lio_sam', 'symlink_install': True, 'test_result_base': None}
[0.489s] Level 5:colcon.colcon_core.verb:set package 'rtabmap_ros' build argument 'cmake_args' from command line to '['-DCMAKE_BUILD_TYPE=Release']'
[0.489s] Level 5:colcon.colcon_core.verb:set package 'rtabmap_ros' build argument 'cmake_target' from command line to 'None'
[0.489s] Level 5:colcon.colcon_core.verb:set package 'rtabmap_ros' build argument 'cmake_target_skip_unavailable' from command line to 'False'
[0.489s] Level 5:colcon.colcon_core.verb:set package 'rtabmap_ros' build argument 'cmake_clean_cache' from command line to 'False'
[0.489s] Level 5:colcon.colcon_core.verb:set package 'rtabmap_ros' build argument 'cmake_clean_first' from command line to 'False'
[0.489s] Level 5:colcon.colcon_core.verb:set package 'rtabmap_ros' build argument 'cmake_force_configure' from command line to 'False'
[0.489s] Level 5:colcon.colcon_core.verb:set package 'rtabmap_ros' build argument 'ament_cmake_args' from command line to 'None'
[0.489s] Level 5:colcon.colcon_core.verb:set package 'rtabmap_ros' build argument 'catkin_cmake_args' from command line to 'None'
[0.489s] Level 5:colcon.colcon_core.verb:set package 'rtabmap_ros' build argument 'catkin_skip_building_tests' from command line to 'False'
[0.489s] DEBUG:colcon.colcon_core.verb:Building package 'rtabmap_ros' with the following arguments: {'ament_cmake_args': None, 'build_base': '/home/xmedia/ros2_foxy/build/rtabmap_ros', 'catkin_cmake_args': None, 'catkin_skip_building_tests': False, 'cmake_args': ['-DCMAKE_BUILD_TYPE=Release'], 'cmake_clean_cache': False, 'cmake_clean_first': False, 'cmake_force_configure': False, 'cmake_target': None, 'cmake_target_skip_unavailable': False, 'install_base': '/home/xmedia/ros2_foxy/install/rtabmap_ros', 'merge_install': False, 'path': '/home/xmedia/ros2_foxy/src/rtabmap_ros', 'symlink_install': True, 'test_result_base': None}
[0.490s] Level 5:colcon.colcon_core.verb:set package 'unitree_lidar_mapping' build argument 'cmake_args' from command line to '['-DCMAKE_BUILD_TYPE=Release']'
[0.490s] Level 5:colcon.colcon_core.verb:set package 'unitree_lidar_mapping' build argument 'cmake_target' from command line to 'None'
[0.490s] Level 5:colcon.colcon_core.verb:set package 'unitree_lidar_mapping' build argument 'cmake_target_skip_unavailable' from command line to 'False'
[0.490s] Level 5:colcon.colcon_core.verb:set package 'unitree_lidar_mapping' build argument 'cmake_clean_cache' from command line to 'False'
[0.490s] Level 5:colcon.colcon_core.verb:set package 'unitree_lidar_mapping' build argument 'cmake_clean_first' from command line to 'False'
[0.490s] Level 5:colcon.colcon_core.verb:set package 'unitree_lidar_mapping' build argument 'cmake_force_configure' from command line to 'False'
[0.490s] Level 5:colcon.colcon_core.verb:set package 'unitree_lidar_mapping' build argument 'ament_cmake_args' from command line to 'None'
[0.490s] Level 5:colcon.colcon_core.verb:set package 'unitree_lidar_mapping' build argument 'catkin_cmake_args' from command line to 'None'
[0.490s] Level 5:colcon.colcon_core.verb:set package 'unitree_lidar_mapping' build argument 'catkin_skip_building_tests' from command line to 'False'
[0.490s] DEBUG:colcon.colcon_core.verb:Building package 'unitree_lidar_mapping' with the following arguments: {'ament_cmake_args': None, 'build_base': '/home/xmedia/ros2_foxy/build/unitree_lidar_mapping', 'catkin_cmake_args': None, 'catkin_skip_building_tests': False, 'cmake_args': ['-DCMAKE_BUILD_TYPE=Release'], 'cmake_clean_cache': False, 'cmake_clean_first': False, 'cmake_force_configure': False, 'cmake_target': None, 'cmake_target_skip_unavailable': False, 'install_base': '/home/xmedia/ros2_foxy/install/unitree_lidar_mapping', 'merge_install': False, 'path': '/home/xmedia/ros2_foxy/src/unitree_lidar_mapping', 'symlink_install': True, 'test_result_base': None}
[0.490s] Level 5:colcon.colcon_core.verb:set package 'unitree_lidar_ros2' build argument 'cmake_args' from command line to '['-DCMAKE_BUILD_TYPE=Release']'
[0.490s] Level 5:colcon.colcon_core.verb:set package 'unitree_lidar_ros2' build argument 'cmake_target' from command line to 'None'
[0.490s] Level 5:colcon.colcon_core.verb:set package 'unitree_lidar_ros2' build argument 'cmake_target_skip_unavailable' from command line to 'False'
[0.490s] Level 5:colcon.colcon_core.verb:set package 'unitree_lidar_ros2' build argument 'cmake_clean_cache' from command line to 'False'
[0.490s] Level 5:colcon.colcon_core.verb:set package 'unitree_lidar_ros2' build argument 'cmake_clean_first' from command line to 'False'
[0.490s] Level 5:colcon.colcon_core.verb:set package 'unitree_lidar_ros2' build argument 'cmake_force_configure' from command line to 'False'
[0.490s] Level 5:colcon.colcon_core.verb:set package 'unitree_lidar_ros2' build argument 'ament_cmake_args' from command line to 'None'
[0.491s] Level 5:colcon.colcon_core.verb:set package 'unitree_lidar_ros2' build argument 'catkin_cmake_args' from command line to 'None'
[0.491s] Level 5:colcon.colcon_core.verb:set package 'unitree_lidar_ros2' build argument 'catkin_skip_building_tests' from command line to 'False'
[0.491s] DEBUG:colcon.colcon_core.verb:Building package 'unitree_lidar_ros2' with the following arguments: {'ament_cmake_args': None, 'build_base': '/home/xmedia/ros2_foxy/build/unitree_lidar_ros2', 'catkin_cmake_args': None, 'catkin_skip_building_tests': False, 'cmake_args': ['-DCMAKE_BUILD_TYPE=Release'], 'cmake_clean_cache': False, 'cmake_clean_first': False, 'cmake_force_configure': False, 'cmake_target': None, 'cmake_target_skip_unavailable': False, 'install_base': '/home/xmedia/ros2_foxy/install/unitree_lidar_ros2', 'merge_install': False, 'path': '/home/xmedia/ros2_foxy/src/unilidar_sdk/unitree_lidar_ros2/src/unitree_lidar_ros2', 'symlink_install': True, 'test_result_base': None}
[0.491s] Level 5:colcon.colcon_core.verb:set package 'unitree_lidar_sdk' build argument 'cmake_args' from command line to '['-DCMAKE_BUILD_TYPE=Release']'
[0.491s] Level 5:colcon.colcon_core.verb:set package 'unitree_lidar_sdk' build argument 'cmake_target' from command line to 'None'
[0.491s] Level 5:colcon.colcon_core.verb:set package 'unitree_lidar_sdk' build argument 'cmake_target_skip_unavailable' from command line to 'False'
[0.491s] Level 5:colcon.colcon_core.verb:set package 'unitree_lidar_sdk' build argument 'cmake_clean_cache' from command line to 'False'
[0.491s] Level 5:colcon.colcon_core.verb:set package 'unitree_lidar_sdk' build argument 'cmake_clean_first' from command line to 'False'
[0.491s] Level 5:colcon.colcon_core.verb:set package 'unitree_lidar_sdk' build argument 'cmake_force_configure' from command line to 'False'
[0.491s] Level 5:colcon.colcon_core.verb:set package 'unitree_lidar_sdk' build argument 'ament_cmake_args' from command line to 'None'
[0.491s] Level 5:colcon.colcon_core.verb:set package 'unitree_lidar_sdk' build argument 'catkin_cmake_args' from command line to 'None'
[0.491s] Level 5:colcon.colcon_core.verb:set package 'unitree_lidar_sdk' build argument 'catkin_skip_building_tests' from command line to 'False'
[0.491s] DEBUG:colcon.colcon_core.verb:Building package 'unitree_lidar_sdk' with the following arguments: {'ament_cmake_args': None, 'build_base': '/home/xmedia/ros2_foxy/build/unitree_lidar_sdk', 'catkin_cmake_args': None, 'catkin_skip_building_tests': False, 'cmake_args': ['-DCMAKE_BUILD_TYPE=Release'], 'cmake_clean_cache': False, 'cmake_clean_first': False, 'cmake_force_configure': False, 'cmake_target': None, 'cmake_target_skip_unavailable': False, 'install_base': '/home/xmedia/ros2_foxy/install/unitree_lidar_sdk', 'merge_install': False, 'path': '/home/xmedia/ros2_foxy/src/unilidar_sdk/unitree_lidar_sdk', 'symlink_install': True, 'test_result_base': None}
[0.491s] INFO:colcon.colcon_core.executor:Executing jobs using 'parallel' executor
[0.492s] DEBUG:colcon.colcon_parallel_executor.executor.parallel:run_until_complete
[0.492s] INFO:colcon.colcon_ros.task.ament_cmake.build:Building ROS package in '/home/xmedia/ros2_foxy/src/lio_sam' with build type 'ament_cmake'
[0.493s] INFO:colcon.colcon_cmake.task.cmake.build:Building CMake package in '/home/xmedia/ros2_foxy/src/lio_sam'
[0.495s] INFO:colcon.colcon_core.plugin_system:Skipping extension 'colcon_core.shell.bat': Not used on non-Windows systems
[0.496s] INFO:colcon.colcon_core.shell:Skip shell extension 'powershell' for command environment: Not usable outside of PowerShell
[0.496s] DEBUG:colcon.colcon_core.shell:Skip shell extension 'dsv' for command environment
[0.502s] INFO:colcon.colcon_ros.task.ament_cmake.build:Building ROS package in '/home/xmedia/ros2_foxy/src/rtabmap_ros' with build type 'ament_cmake'
[0.503s] INFO:colcon.colcon_cmake.task.cmake.build:Building CMake package in '/home/xmedia/ros2_foxy/src/rtabmap_ros'
[0.503s] INFO:colcon.colcon_core.shell:Skip shell extension 'powershell' for command environment: Not usable outside of PowerShell
[0.503s] DEBUG:colcon.colcon_core.shell:Skip shell extension 'dsv' for command environment
[0.511s] INFO:colcon.colcon_ros.task.ament_cmake.build:Building ROS package in '/home/xmedia/ros2_foxy/src/unitree_lidar_mapping' with build type 'ament_cmake'
[0.512s] INFO:colcon.colcon_cmake.task.cmake.build:Building CMake package in '/home/xmedia/ros2_foxy/src/unitree_lidar_mapping'
[0.512s] INFO:colcon.colcon_core.shell:Skip shell extension 'powershell' for command environment: Not usable outside of PowerShell
[0.512s] DEBUG:colcon.colcon_core.shell:Skip shell extension 'dsv' for command environment
[0.521s] INFO:colcon.colcon_ros.task.ament_cmake.build:Building ROS package in '/home/xmedia/ros2_foxy/src/unilidar_sdk/unitree_lidar_ros2/src/unitree_lidar_ros2' with build type 'ament_cmake'
[0.521s] INFO:colcon.colcon_cmake.task.cmake.build:Building CMake package in '/home/xmedia/ros2_foxy/src/unilidar_sdk/unitree_lidar_ros2/src/unitree_lidar_ros2'
[0.522s] INFO:colcon.colcon_core.shell:Skip shell extension 'powershell' for command environment: Not usable outside of PowerShell
[0.522s] DEBUG:colcon.colcon_core.shell:Skip shell extension 'dsv' for command environment
[0.545s] DEBUG:colcon.colcon_core.event_handler.log_command:Invoking command in '/home/xmedia/ros2_foxy/build/lio_sam': CMAKE_PREFIX_PATH=${CMAKE_PREFIX_PATH}:/opt/ros/foxy /usr/bin/cmake --build /home/xmedia/ros2_foxy/build/lio_sam -- -j4 -l4
[0.552s] DEBUG:colcon.colcon_core.event_handler.log_command:Invoking command in '/home/xmedia/ros2_foxy/build/rtabmap_ros': CMAKE_PREFIX_PATH=${CMAKE_PREFIX_PATH}:/opt/ros/foxy /usr/bin/cmake --build /home/xmedia/ros2_foxy/build/rtabmap_ros -- -j4 -l4
[0.562s] DEBUG:colcon.colcon_core.event_handler.log_command:Invoking command in '/home/xmedia/ros2_foxy/build/unitree_lidar_mapping': CMAKE_PREFIX_PATH=${CMAKE_PREFIX_PATH}:/opt/ros/foxy /usr/bin/cmake --build /home/xmedia/ros2_foxy/build/unitree_lidar_mapping -- -j4 -l4
[0.570s] DEBUG:colcon.colcon_core.event_handler.log_command:Invoking command in '/home/xmedia/ros2_foxy/build/unitree_lidar_ros2': CMAKE_PREFIX_PATH=${CMAKE_PREFIX_PATH}:/opt/ros/foxy /usr/bin/cmake --build /home/xmedia/ros2_foxy/build/unitree_lidar_ros2 -- -j4 -l4
[0.625s] DEBUG:colcon.colcon_core.event_handler.log_command:Invoked command in '/home/xmedia/ros2_foxy/build/rtabmap_ros' returned '0': CMAKE_PREFIX_PATH=${CMAKE_PREFIX_PATH}:/opt/ros/foxy /usr/bin/cmake --build /home/xmedia/ros2_foxy/build/rtabmap_ros -- -j4 -l4
[0.646s] DEBUG:colcon.colcon_core.event_handler.log_command:Invoking command in '/home/xmedia/ros2_foxy/build/rtabmap_ros': CMAKE_PREFIX_PATH=${CMAKE_PREFIX_PATH}:/opt/ros/foxy /usr/bin/cmake --install /home/xmedia/ros2_foxy/build/rtabmap_ros
[0.694s] Level 1:colcon.colcon_core.environment:create_environment_scripts_only(rtabmap_ros)
[0.698s] Level 1:colcon.colcon_core.environment:checking '/home/xmedia/ros2_foxy/install/rtabmap_ros' for CMake module files
[0.699s] Level 1:colcon.colcon_core.environment:checking '/home/xmedia/ros2_foxy/install/rtabmap_ros' for CMake config files
[0.705s] DEBUG:colcon.colcon_core.event_handler.log_command:Invoked command in '/home/xmedia/ros2_foxy/build/rtabmap_ros' returned '0': CMAKE_PREFIX_PATH=${CMAKE_PREFIX_PATH}:/opt/ros/foxy /usr/bin/cmake --install /home/xmedia/ros2_foxy/build/rtabmap_ros
[0.706s] Level 1:colcon.colcon_core.shell:create_environment_hook('rtabmap_ros', 'cmake_prefix_path')
[0.707s] INFO:colcon.colcon_core.shell:Creating environment hook '/home/xmedia/ros2_foxy/install/rtabmap_ros/share/rtabmap_ros/hook/cmake_prefix_path.ps1'
[0.708s] INFO:colcon.colcon_core.shell:Creating environment descriptor '/home/xmedia/ros2_foxy/install/rtabmap_ros/share/rtabmap_ros/hook/cmake_prefix_path.dsv'
[0.708s] INFO:colcon.colcon_core.shell:Creating environment hook '/home/xmedia/ros2_foxy/install/rtabmap_ros/share/rtabmap_ros/hook/cmake_prefix_path.sh'
[0.712s] Level 1:colcon.colcon_core.environment:checking '/home/xmedia/ros2_foxy/install/rtabmap_ros/bin'
[0.712s] Level 1:colcon.colcon_core.environment:checking '/home/xmedia/ros2_foxy/install/rtabmap_ros/lib/pkgconfig/rtabmap_ros.pc'
[0.712s] Level 1:colcon.colcon_core.environment:checking '/home/xmedia/ros2_foxy/install/rtabmap_ros/lib/python3.8/site-packages'
[0.712s] Level 1:colcon.colcon_core.environment:checking '/home/xmedia/ros2_foxy/install/rtabmap_ros/bin'
[0.713s] INFO:colcon.colcon_core.shell:Creating package script '/home/xmedia/ros2_foxy/install/rtabmap_ros/share/rtabmap_ros/package.ps1'
[0.716s] INFO:colcon.colcon_core.shell:Creating package descriptor '/home/xmedia/ros2_foxy/install/rtabmap_ros/share/rtabmap_ros/package.dsv'
[0.717s] INFO:colcon.colcon_core.shell:Creating package script '/home/xmedia/ros2_foxy/install/rtabmap_ros/share/rtabmap_ros/package.sh'
[0.720s] INFO:colcon.colcon_core.shell:Creating package script '/home/xmedia/ros2_foxy/install/rtabmap_ros/share/rtabmap_ros/package.bash'
[0.722s] INFO:colcon.colcon_core.shell:Creating package script '/home/xmedia/ros2_foxy/install/rtabmap_ros/share/rtabmap_ros/package.zsh'
[0.724s] Level 1:colcon.colcon_core.environment:create_file_with_runtime_dependencies(/home/xmedia/ros2_foxy/install/rtabmap_ros/share/colcon-core/packages/rtabmap_ros)
[0.725s] Level 1:colcon.colcon_core.environment:create_environment_scripts_only(rtabmap_ros)
[0.726s] Level 1:colcon.colcon_core.environment:checking '/home/xmedia/ros2_foxy/install/rtabmap_ros' for CMake module files
[0.726s] Level 1:colcon.colcon_core.environment:checking '/home/xmedia/ros2_foxy/install/rtabmap_ros' for CMake config files
[0.727s] Level 1:colcon.colcon_core.shell:create_environment_hook('rtabmap_ros', 'cmake_prefix_path')
[0.727s] INFO:colcon.colcon_core.shell:Creating environment hook '/home/xmedia/ros2_foxy/install/rtabmap_ros/share/rtabmap_ros/hook/cmake_prefix_path.ps1'
[0.728s] INFO:colcon.colcon_core.shell:Creating environment descriptor '/home/xmedia/ros2_foxy/install/rtabmap_ros/share/rtabmap_ros/hook/cmake_prefix_path.dsv'
[0.729s] INFO:colcon.colcon_core.shell:Creating environment hook '/home/xmedia/ros2_foxy/install/rtabmap_ros/share/rtabmap_ros/hook/cmake_prefix_path.sh'
[0.730s] Level 1:colcon.colcon_core.environment:checking '/home/xmedia/ros2_foxy/install/rtabmap_ros/bin'
[0.730s] Level 1:colcon.colcon_core.environment:checking '/home/xmedia/ros2_foxy/install/rtabmap_ros/lib/pkgconfig/rtabmap_ros.pc'
[0.730s] Level 1:colcon.colcon_core.environment:checking '/home/xmedia/ros2_foxy/install/rtabmap_ros/lib/python3.8/site-packages'
[0.731s] Level 1:colcon.colcon_core.environment:checking '/home/xmedia/ros2_foxy/install/rtabmap_ros/bin'
[0.731s] INFO:colcon.colcon_core.shell:Creating package script '/home/xmedia/ros2_foxy/install/rtabmap_ros/share/rtabmap_ros/package.ps1'
[0.732s] INFO:colcon.colcon_core.shell:Creating package descriptor '/home/xmedia/ros2_foxy/install/rtabmap_ros/share/rtabmap_ros/package.dsv'
[0.733s] INFO:colcon.colcon_core.shell:Creating package script '/home/xmedia/ros2_foxy/install/rtabmap_ros/share/rtabmap_ros/package.sh'
[0.735s] INFO:colcon.colcon_core.shell:Creating package script '/home/xmedia/ros2_foxy/install/rtabmap_ros/share/rtabmap_ros/package.bash'
[0.736s] INFO:colcon.colcon_core.shell:Creating package script '/home/xmedia/ros2_foxy/install/rtabmap_ros/share/rtabmap_ros/package.zsh'
[0.737s] Level 1:colcon.colcon_core.environment:create_file_with_runtime_dependencies(/home/xmedia/ros2_foxy/install/rtabmap_ros/share/colcon-core/packages/rtabmap_ros)
[0.739s] INFO:colcon.colcon_cmake.task.cmake.build:Building CMake package in '/home/xmedia/ros2_foxy/src/unilidar_sdk/unitree_lidar_sdk'
[0.741s] INFO:colcon.colcon_core.shell:Skip shell extension 'powershell' for command environment: Not usable outside of PowerShell
[0.741s] DEBUG:colcon.colcon_core.shell:Skip shell extension 'dsv' for command environment
[0.787s] DEBUG:colcon.colcon_core.event_handler.log_command:Invoked command in '/home/xmedia/ros2_foxy/build/unitree_lidar_mapping' returned '0': CMAKE_PREFIX_PATH=${CMAKE_PREFIX_PATH}:/opt/ros/foxy /usr/bin/cmake --build /home/xmedia/ros2_foxy/build/unitree_lidar_mapping -- -j4 -l4
[0.789s] DEBUG:colcon.colcon_core.event_handler.log_command:Invoking command in '/home/xmedia/ros2_foxy/build/unitree_lidar_mapping': CMAKE_PREFIX_PATH=${CMAKE_PREFIX_PATH}:/opt/ros/foxy /usr/bin/cmake --install /home/xmedia/ros2_foxy/build/unitree_lidar_mapping
[0.793s] DEBUG:colcon.colcon_core.event_handler.log_command:Invoked command in '/home/xmedia/ros2_foxy/build/unitree_lidar_ros2' returned '0': CMAKE_PREFIX_PATH=${CMAKE_PREFIX_PATH}:/opt/ros/foxy /usr/bin/cmake --build /home/xmedia/ros2_foxy/build/unitree_lidar_ros2 -- -j4 -l4
[0.800s] DEBUG:colcon.colcon_core.event_handler.log_command:Invoking command in '/home/xmedia/ros2_foxy/build/unitree_lidar_ros2': CMAKE_PREFIX_PATH=${CMAKE_PREFIX_PATH}:/opt/ros/foxy /usr/bin/cmake --install /home/xmedia/ros2_foxy/build/unitree_lidar_ros2
[0.845s] DEBUG:colcon.colcon_core.event_handler.log_command:Invoking command in '/home/xmedia/ros2_foxy/build/unitree_lidar_sdk': /usr/bin/cmake --build /home/xmedia/ros2_foxy/build/unitree_lidar_sdk -- -j4 -l4
[0.863s] Level 1:colcon.colcon_core.environment:create_environment_scripts_only(unitree_lidar_mapping)
[0.864s] Level 1:colcon.colcon_core.environment:checking '/home/xmedia/ros2_foxy/install/unitree_lidar_mapping' for CMake module files
[0.865s] Level 1:colcon.colcon_core.environment:checking '/home/xmedia/ros2_foxy/install/unitree_lidar_mapping' for CMake config files
[0.866s] Level 1:colcon.colcon_core.shell:create_environment_hook('unitree_lidar_mapping', 'cmake_prefix_path')
[0.868s] INFO:colcon.colcon_core.shell:Creating environment hook '/home/xmedia/ros2_foxy/install/unitree_lidar_mapping/share/unitree_lidar_mapping/hook/cmake_prefix_path.ps1'
[0.867s] DEBUG:colcon.colcon_core.event_handler.log_command:Invoked command in '/home/xmedia/ros2_foxy/build/unitree_lidar_mapping' returned '0': CMAKE_PREFIX_PATH=${CMAKE_PREFIX_PATH}:/opt/ros/foxy /usr/bin/cmake --install /home/xmedia/ros2_foxy/build/unitree_lidar_mapping
[0.870s] INFO:colcon.colcon_core.shell:Creating environment descriptor '/home/xmedia/ros2_foxy/install/unitree_lidar_mapping/share/unitree_lidar_mapping/hook/cmake_prefix_path.dsv'
[0.875s] INFO:colcon.colcon_core.shell:Creating environment hook '/home/xmedia/ros2_foxy/install/unitree_lidar_mapping/share/unitree_lidar_mapping/hook/cmake_prefix_path.sh'
[0.876s] Level 1:colcon.colcon_core.environment:checking '/home/xmedia/ros2_foxy/install/unitree_lidar_mapping/lib'
[0.877s] Level 1:colcon.colcon_core.environment:checking '/home/xmedia/ros2_foxy/install/unitree_lidar_mapping/bin'
[0.877s] Level 1:colcon.colcon_core.environment:checking '/home/xmedia/ros2_foxy/install/unitree_lidar_mapping/lib/pkgconfig/unitree_lidar_mapping.pc'
[0.877s] Level 1:colcon.colcon_core.environment:checking '/home/xmedia/ros2_foxy/install/unitree_lidar_mapping/lib/python3.8/site-packages'
[0.878s] Level 1:colcon.colcon_core.environment:checking '/home/xmedia/ros2_foxy/install/unitree_lidar_mapping/bin'
[0.878s] INFO:colcon.colcon_core.shell:Creating package script '/home/xmedia/ros2_foxy/install/unitree_lidar_mapping/share/unitree_lidar_mapping/package.ps1'
[0.879s] INFO:colcon.colcon_core.shell:Creating package descriptor '/home/xmedia/ros2_foxy/install/unitree_lidar_mapping/share/unitree_lidar_mapping/package.dsv'
[0.879s] INFO:colcon.colcon_core.shell:Creating package script '/home/xmedia/ros2_foxy/install/unitree_lidar_mapping/share/unitree_lidar_mapping/package.sh'
[0.880s] INFO:colcon.colcon_core.shell:Creating package script '/home/xmedia/ros2_foxy/install/unitree_lidar_mapping/share/unitree_lidar_mapping/package.bash'
[0.881s] INFO:colcon.colcon_core.shell:Creating package script '/home/xmedia/ros2_foxy/install/unitree_lidar_mapping/share/unitree_lidar_mapping/package.zsh'
[0.881s] Level 1:colcon.colcon_core.environment:create_file_with_runtime_dependencies(/home/xmedia/ros2_foxy/install/unitree_lidar_mapping/share/colcon-core/packages/unitree_lidar_mapping)
[0.882s] Level 1:colcon.colcon_core.environment:create_environment_scripts_only(unitree_lidar_mapping)
[0.882s] Level 1:colcon.colcon_core.environment:checking '/home/xmedia/ros2_foxy/install/unitree_lidar_mapping' for CMake module files
[0.883s] Level 1:colcon.colcon_core.environment:checking '/home/xmedia/ros2_foxy/install/unitree_lidar_mapping' for CMake config files
[0.884s] Level 1:colcon.colcon_core.shell:create_environment_hook('unitree_lidar_mapping', 'cmake_prefix_path')
[0.884s] INFO:colcon.colcon_core.shell:Creating environment hook '/home/xmedia/ros2_foxy/install/unitree_lidar_mapping/share/unitree_lidar_mapping/hook/cmake_prefix_path.ps1'
[0.885s] INFO:colcon.colcon_core.shell:Creating environment descriptor '/home/xmedia/ros2_foxy/install/unitree_lidar_mapping/share/unitree_lidar_mapping/hook/cmake_prefix_path.dsv'
[0.886s] INFO:colcon.colcon_core.shell:Creating environment hook '/home/xmedia/ros2_foxy/install/unitree_lidar_mapping/share/unitree_lidar_mapping/hook/cmake_prefix_path.sh'
[0.887s] Level 1:colcon.colcon_core.environment:checking '/home/xmedia/ros2_foxy/install/unitree_lidar_mapping/lib'
[0.887s] Level 1:colcon.colcon_core.environment:checking '/home/xmedia/ros2_foxy/install/unitree_lidar_mapping/bin'
[0.887s] Level 1:colcon.colcon_core.environment:checking '/home/xmedia/ros2_foxy/install/unitree_lidar_mapping/lib/pkgconfig/unitree_lidar_mapping.pc'
[0.887s] Level 1:colcon.colcon_core.environment:checking '/home/xmedia/ros2_foxy/install/unitree_lidar_mapping/lib/python3.8/site-packages'
[0.887s] Level 1:colcon.colcon_core.environment:checking '/home/xmedia/ros2_foxy/install/unitree_lidar_mapping/bin'
[0.888s] INFO:colcon.colcon_core.shell:Creating package script '/home/xmedia/ros2_foxy/install/unitree_lidar_mapping/share/unitree_lidar_mapping/package.ps1'
[0.889s] INFO:colcon.colcon_core.shell:Creating package descriptor '/home/xmedia/ros2_foxy/install/unitree_lidar_mapping/share/unitree_lidar_mapping/package.dsv'
[0.890s] INFO:colcon.colcon_core.shell:Creating package script '/home/xmedia/ros2_foxy/install/unitree_lidar_mapping/share/unitree_lidar_mapping/package.sh'
[0.890s] INFO:colcon.colcon_core.shell:Creating package script '/home/xmedia/ros2_foxy/install/unitree_lidar_mapping/share/unitree_lidar_mapping/package.bash'
[0.891s] INFO:colcon.colcon_core.shell:Creating package script '/home/xmedia/ros2_foxy/install/unitree_lidar_mapping/share/unitree_lidar_mapping/package.zsh'
[0.892s] Level 1:colcon.colcon_core.environment:create_file_with_runtime_dependencies(/home/xmedia/ros2_foxy/install/unitree_lidar_mapping/share/colcon-core/packages/unitree_lidar_mapping)
[0.893s] Level 1:colcon.colcon_core.environment:create_environment_scripts_only(unitree_lidar_ros2)
[0.894s] Level 1:colcon.colcon_core.environment:checking '/home/xmedia/ros2_foxy/install/unitree_lidar_ros2' for CMake module files
[0.894s] DEBUG:colcon.colcon_core.event_handler.log_command:Invoked command in '/home/xmedia/ros2_foxy/build/unitree_lidar_ros2' returned '0': CMAKE_PREFIX_PATH=${CMAKE_PREFIX_PATH}:/opt/ros/foxy /usr/bin/cmake --install /home/xmedia/ros2_foxy/build/unitree_lidar_ros2
[0.895s] Level 1:colcon.colcon_core.environment:checking '/home/xmedia/ros2_foxy/install/unitree_lidar_ros2' for CMake config files
[0.896s] Level 1:colcon.colcon_core.shell:create_environment_hook('unitree_lidar_ros2', 'cmake_prefix_path')
[0.896s] INFO:colcon.colcon_core.shell:Creating environment hook '/home/xmedia/ros2_foxy/install/unitree_lidar_ros2/share/unitree_lidar_ros2/hook/cmake_prefix_path.ps1'
[0.897s] INFO:colcon.colcon_core.shell:Creating environment descriptor '/home/xmedia/ros2_foxy/install/unitree_lidar_ros2/share/unitree_lidar_ros2/hook/cmake_prefix_path.dsv'
[0.898s] INFO:colcon.colcon_core.shell:Creating environment hook '/home/xmedia/ros2_foxy/install/unitree_lidar_ros2/share/unitree_lidar_ros2/hook/cmake_prefix_path.sh'
[0.901s] Level 1:colcon.colcon_core.environment:checking '/home/xmedia/ros2_foxy/install/unitree_lidar_ros2/lib'
[0.901s] Level 1:colcon.colcon_core.environment:checking '/home/xmedia/ros2_foxy/install/unitree_lidar_ros2/bin'
[0.901s] Level 1:colcon.colcon_core.environment:checking '/home/xmedia/ros2_foxy/install/unitree_lidar_ros2/lib/pkgconfig/unitree_lidar_ros2.pc'
[0.901s] Level 1:colcon.colcon_core.environment:checking '/home/xmedia/ros2_foxy/install/unitree_lidar_ros2/lib/python3.8/site-packages'
[0.902s] Level 1:colcon.colcon_core.environment:checking '/home/xmedia/ros2_foxy/install/unitree_lidar_ros2/bin'
[0.902s] INFO:colcon.colcon_core.shell:Creating package script '/home/xmedia/ros2_foxy/install/unitree_lidar_ros2/share/unitree_lidar_ros2/package.ps1'
[0.903s] INFO:colcon.colcon_core.shell:Creating package descriptor '/home/xmedia/ros2_foxy/install/unitree_lidar_ros2/share/unitree_lidar_ros2/package.dsv'
[0.904s] INFO:colcon.colcon_core.shell:Creating package script '/home/xmedia/ros2_foxy/install/unitree_lidar_ros2/share/unitree_lidar_ros2/package.sh'
[0.904s] INFO:colcon.colcon_core.shell:Creating package script '/home/xmedia/ros2_foxy/install/unitree_lidar_ros2/share/unitree_lidar_ros2/package.bash'
[0.905s] INFO:colcon.colcon_core.shell:Creating package script '/home/xmedia/ros2_foxy/install/unitree_lidar_ros2/share/unitree_lidar_ros2/package.zsh'
[0.906s] Level 1:colcon.colcon_core.environment:create_file_with_runtime_dependencies(/home/xmedia/ros2_foxy/install/unitree_lidar_ros2/share/colcon-core/packages/unitree_lidar_ros2)
[0.906s] Level 1:colcon.colcon_core.environment:create_environment_scripts_only(unitree_lidar_ros2)
[0.907s] Level 1:colcon.colcon_core.environment:checking '/home/xmedia/ros2_foxy/install/unitree_lidar_ros2' for CMake module files
[0.907s] Level 1:colcon.colcon_core.environment:checking '/home/xmedia/ros2_foxy/install/unitree_lidar_ros2' for CMake config files
[0.908s] Level 1:colcon.colcon_core.shell:create_environment_hook('unitree_lidar_ros2', 'cmake_prefix_path')
[0.908s] INFO:colcon.colcon_core.shell:Creating environment hook '/home/xmedia/ros2_foxy/install/unitree_lidar_ros2/share/unitree_lidar_ros2/hook/cmake_prefix_path.ps1'
[0.909s] INFO:colcon.colcon_core.shell:Creating environment descriptor '/home/xmedia/ros2_foxy/install/unitree_lidar_ros2/share/unitree_lidar_ros2/hook/cmake_prefix_path.dsv'
[0.909s] INFO:colcon.colcon_core.shell:Creating environment hook '/home/xmedia/ros2_foxy/install/unitree_lidar_ros2/share/unitree_lidar_ros2/hook/cmake_prefix_path.sh'
[0.910s] Level 1:colcon.colcon_core.environment:checking '/home/xmedia/ros2_foxy/install/unitree_lidar_ros2/lib'
[0.910s] Level 1:colcon.colcon_core.environment:checking '/home/xmedia/ros2_foxy/install/unitree_lidar_ros2/bin'
[0.910s] Level 1:colcon.colcon_core.environment:checking '/home/xmedia/ros2_foxy/install/unitree_lidar_ros2/lib/pkgconfig/unitree_lidar_ros2.pc'
[0.910s] Level 1:colcon.colcon_core.environment:checking '/home/xmedia/ros2_foxy/install/unitree_lidar_ros2/lib/python3.8/site-packages'
[0.911s] Level 1:colcon.colcon_core.environment:checking '/home/xmedia/ros2_foxy/install/unitree_lidar_ros2/bin'
[0.911s] INFO:colcon.colcon_core.shell:Creating package script '/home/xmedia/ros2_foxy/install/unitree_lidar_ros2/share/unitree_lidar_ros2/package.ps1'
[0.912s] INFO:colcon.colcon_core.shell:Creating package descriptor '/home/xmedia/ros2_foxy/install/unitree_lidar_ros2/share/unitree_lidar_ros2/package.dsv'
[0.913s] INFO:colcon.colcon_core.shell:Creating package script '/home/xmedia/ros2_foxy/install/unitree_lidar_ros2/share/unitree_lidar_ros2/package.sh'
[0.914s] INFO:colcon.colcon_core.shell:Creating package script '/home/xmedia/ros2_foxy/install/unitree_lidar_ros2/share/unitree_lidar_ros2/package.bash'
[0.914s] INFO:colcon.colcon_core.shell:Creating package script '/home/xmedia/ros2_foxy/install/unitree_lidar_ros2/share/unitree_lidar_ros2/package.zsh'
[0.915s] Level 1:colcon.colcon_core.environment:create_file_with_runtime_dependencies(/home/xmedia/ros2_foxy/install/unitree_lidar_ros2/share/colcon-core/packages/unitree_lidar_ros2)
[1.018s] WARNING:colcon.colcon_cmake.task.cmake.build:Could not run installation step for package 'unitree_lidar_sdk' because it has no 'install' target
[1.019s] Level 1:colcon.colcon_core.environment:create_environment_scripts_only(unitree_lidar_sdk)
[1.020s] Level 1:colcon.colcon_core.environment:checking '/home/xmedia/ros2_foxy/install/unitree_lidar_sdk' for CMake module files
[1.021s] Level 1:colcon.colcon_core.environment:checking '/home/xmedia/ros2_foxy/install/unitree_lidar_sdk' for CMake config files
[1.022s] Level 1:colcon.colcon_core.environment:checking '/home/xmedia/ros2_foxy/install/unitree_lidar_sdk/bin'
[1.023s] Level 1:colcon.colcon_core.environment:checking '/home/xmedia/ros2_foxy/install/unitree_lidar_sdk/lib/pkgconfig/unitree_lidar_sdk.pc'
[1.023s] Level 1:colcon.colcon_core.environment:checking '/home/xmedia/ros2_foxy/install/unitree_lidar_sdk/lib/python3.8/site-packages'
[1.024s] Level 1:colcon.colcon_core.environment:checking '/home/xmedia/ros2_foxy/install/unitree_lidar_sdk/bin'
[1.019s] DEBUG:colcon.colcon_core.event_handler.log_command:Invoked command in '/home/xmedia/ros2_foxy/build/unitree_lidar_sdk' returned '0': /usr/bin/cmake --build /home/xmedia/ros2_foxy/build/unitree_lidar_sdk -- -j4 -l4
[1.024s] INFO:colcon.colcon_core.shell:Creating package script '/home/xmedia/ros2_foxy/install/unitree_lidar_sdk/share/unitree_lidar_sdk/package.ps1'
[1.025s] INFO:colcon.colcon_core.shell:Creating package descriptor '/home/xmedia/ros2_foxy/install/unitree_lidar_sdk/share/unitree_lidar_sdk/package.dsv'
[1.026s] INFO:colcon.colcon_core.shell:Creating package script '/home/xmedia/ros2_foxy/install/unitree_lidar_sdk/share/unitree_lidar_sdk/package.sh'
[1.026s] INFO:colcon.colcon_core.shell:Creating package script '/home/xmedia/ros2_foxy/install/unitree_lidar_sdk/share/unitree_lidar_sdk/package.bash'
[1.027s] INFO:colcon.colcon_core.shell:Creating package script '/home/xmedia/ros2_foxy/install/unitree_lidar_sdk/share/unitree_lidar_sdk/package.zsh'
[1.028s] Level 1:colcon.colcon_core.environment:create_file_with_runtime_dependencies(/home/xmedia/ros2_foxy/install/unitree_lidar_sdk/share/colcon-core/packages/unitree_lidar_sdk)
[1.182s] DEBUG:colcon.colcon_core.event_handler.log_command:Invoked command in '/home/xmedia/ros2_foxy/build/lio_sam' returned '0': CMAKE_PREFIX_PATH=${CMAKE_PREFIX_PATH}:/opt/ros/foxy /usr/bin/cmake --build /home/xmedia/ros2_foxy/build/lio_sam -- -j4 -l4
[1.185s] DEBUG:colcon.colcon_core.event_handler.log_command:Invoking command in '/home/xmedia/ros2_foxy/build/lio_sam': CMAKE_PREFIX_PATH=${CMAKE_PREFIX_PATH}:/opt/ros/foxy /usr/bin/cmake --install /home/xmedia/ros2_foxy/build/lio_sam
[1.284s] Level 1:colcon.colcon_core.environment:create_environment_scripts_only(lio_sam)
[1.285s] Level 1:colcon.colcon_core.environment:checking '/home/xmedia/ros2_foxy/install/lio_sam' for CMake module files
[1.285s] DEBUG:colcon.colcon_core.event_handler.log_command:Invoked command in '/home/xmedia/ros2_foxy/build/lio_sam' returned '0': CMAKE_PREFIX_PATH=${CMAKE_PREFIX_PATH}:/opt/ros/foxy /usr/bin/cmake --install /home/xmedia/ros2_foxy/build/lio_sam
[1.286s] Level 1:colcon.colcon_core.environment:checking '/home/xmedia/ros2_foxy/install/lio_sam' for CMake config files
[1.287s] Level 1:colcon.colcon_core.shell:create_environment_hook('lio_sam', 'cmake_prefix_path')
[1.287s] INFO:colcon.colcon_core.shell:Creating environment hook '/home/xmedia/ros2_foxy/install/lio_sam/share/lio_sam/hook/cmake_prefix_path.ps1'
[1.288s] INFO:colcon.colcon_core.shell:Creating environment descriptor '/home/xmedia/ros2_foxy/install/lio_sam/share/lio_sam/hook/cmake_prefix_path.dsv'
[1.288s] INFO:colcon.colcon_core.shell:Creating environment hook '/home/xmedia/ros2_foxy/install/lio_sam/share/lio_sam/hook/cmake_prefix_path.sh'
[1.289s] Level 1:colcon.colcon_core.environment:checking '/home/xmedia/ros2_foxy/install/lio_sam/lib'
[1.289s] Level 1:colcon.colcon_core.shell:create_environment_hook('lio_sam', 'ld_library_path_lib')
[1.289s] INFO:colcon.colcon_core.shell:Creating environment hook '/home/xmedia/ros2_foxy/install/lio_sam/share/lio_sam/hook/ld_library_path_lib.ps1'
[1.290s] INFO:colcon.colcon_core.shell:Creating environment descriptor '/home/xmedia/ros2_foxy/install/lio_sam/share/lio_sam/hook/ld_library_path_lib.dsv'
[1.290s] INFO:colcon.colcon_core.shell:Creating environment hook '/home/xmedia/ros2_foxy/install/lio_sam/share/lio_sam/hook/ld_library_path_lib.sh'
[1.291s] Level 1:colcon.colcon_core.environment:checking '/home/xmedia/ros2_foxy/install/lio_sam/bin'
[1.291s] Level 1:colcon.colcon_core.environment:checking '/home/xmedia/ros2_foxy/install/lio_sam/lib/pkgconfig/lio_sam.pc'
[1.291s] Level 1:colcon.colcon_core.environment:checking '/home/xmedia/ros2_foxy/install/lio_sam/lib/python3.8/site-packages'
[1.291s] Level 1:colcon.colcon_core.shell:create_environment_hook('lio_sam', 'pythonpath')
[1.291s] INFO:colcon.colcon_core.shell:Creating environment hook '/home/xmedia/ros2_foxy/install/lio_sam/share/lio_sam/hook/pythonpath.ps1'
[1.292s] INFO:colcon.colcon_core.shell:Creating environment descriptor '/home/xmedia/ros2_foxy/install/lio_sam/share/lio_sam/hook/pythonpath.dsv'
[1.292s] INFO:colcon.colcon_core.shell:Creating environment hook '/home/xmedia/ros2_foxy/install/lio_sam/share/lio_sam/hook/pythonpath.sh'
[1.293s] Level 1:colcon.colcon_core.environment:checking '/home/xmedia/ros2_foxy/install/lio_sam/bin'
[1.293s] INFO:colcon.colcon_core.shell:Creating package script '/home/xmedia/ros2_foxy/install/lio_sam/share/lio_sam/package.ps1'
[1.294s] INFO:colcon.colcon_core.shell:Creating package descriptor '/home/xmedia/ros2_foxy/install/lio_sam/share/lio_sam/package.dsv'
[1.294s] INFO:colcon.colcon_core.shell:Creating package script '/home/xmedia/ros2_foxy/install/lio_sam/share/lio_sam/package.sh'
[1.295s] INFO:colcon.colcon_core.shell:Creating package script '/home/xmedia/ros2_foxy/install/lio_sam/share/lio_sam/package.bash'
[1.295s] INFO:colcon.colcon_core.shell:Creating package script '/home/xmedia/ros2_foxy/install/lio_sam/share/lio_sam/package.zsh'
[1.296s] Level 1:colcon.colcon_core.environment:create_file_with_runtime_dependencies(/home/xmedia/ros2_foxy/install/lio_sam/share/colcon-core/packages/lio_sam)
[1.296s] Level 1:colcon.colcon_core.environment:create_environment_scripts_only(lio_sam)
[1.297s] Level 1:colcon.colcon_core.environment:checking '/home/xmedia/ros2_foxy/install/lio_sam' for CMake module files
[1.297s] Level 1:colcon.colcon_core.environment:checking '/home/xmedia/ros2_foxy/install/lio_sam' for CMake config files
[1.298s] Level 1:colcon.colcon_core.shell:create_environment_hook('lio_sam', 'cmake_prefix_path')
[1.298s] INFO:colcon.colcon_core.shell:Creating environment hook '/home/xmedia/ros2_foxy/install/lio_sam/share/lio_sam/hook/cmake_prefix_path.ps1'
[1.299s] INFO:colcon.colcon_core.shell:Creating environment descriptor '/home/xmedia/ros2_foxy/install/lio_sam/share/lio_sam/hook/cmake_prefix_path.dsv'
[1.299s] INFO:colcon.colcon_core.shell:Creating environment hook '/home/xmedia/ros2_foxy/install/lio_sam/share/lio_sam/hook/cmake_prefix_path.sh'
[1.300s] Level 1:colcon.colcon_core.environment:checking '/home/xmedia/ros2_foxy/install/lio_sam/lib'
[1.300s] Level 1:colcon.colcon_core.shell:create_environment_hook('lio_sam', 'ld_library_path_lib')
[1.300s] INFO:colcon.colcon_core.shell:Creating environment hook '/home/xmedia/ros2_foxy/install/lio_sam/share/lio_sam/hook/ld_library_path_lib.ps1'
[1.301s] INFO:colcon.colcon_core.shell:Creating environment descriptor '/home/xmedia/ros2_foxy/install/lio_sam/share/lio_sam/hook/ld_library_path_lib.dsv'
[1.301s] INFO:colcon.colcon_core.shell:Creating environment hook '/home/xmedia/ros2_foxy/install/lio_sam/share/lio_sam/hook/ld_library_path_lib.sh'
[1.302s] Level 1:colcon.colcon_core.environment:checking '/home/xmedia/ros2_foxy/install/lio_sam/bin'
[1.302s] Level 1:colcon.colcon_core.environment:checking '/home/xmedia/ros2_foxy/install/lio_sam/lib/pkgconfig/lio_sam.pc'
[1.302s] Level 1:colcon.colcon_core.environment:checking '/home/xmedia/ros2_foxy/install/lio_sam/lib/python3.8/site-packages'
[1.302s] Level 1:colcon.colcon_core.shell:create_environment_hook('lio_sam', 'pythonpath')
[1.303s] INFO:colcon.colcon_core.shell:Creating environment hook '/home/xmedia/ros2_foxy/install/lio_sam/share/lio_sam/hook/pythonpath.ps1'
[1.303s] INFO:colcon.colcon_core.shell:Creating environment descriptor '/home/xmedia/ros2_foxy/install/lio_sam/share/lio_sam/hook/pythonpath.dsv'
[1.304s] INFO:colcon.colcon_core.shell:Creating environment hook '/home/xmedia/ros2_foxy/install/lio_sam/share/lio_sam/hook/pythonpath.sh'
[1.305s] Level 1:colcon.colcon_core.environment:checking '/home/xmedia/ros2_foxy/install/lio_sam/bin'
[1.305s] INFO:colcon.colcon_core.shell:Creating package script '/home/xmedia/ros2_foxy/install/lio_sam/share/lio_sam/package.ps1'
[1.306s] INFO:colcon.colcon_core.shell:Creating package descriptor '/home/xmedia/ros2_foxy/install/lio_sam/share/lio_sam/package.dsv'
[1.307s] INFO:colcon.colcon_core.shell:Creating package script '/home/xmedia/ros2_foxy/install/lio_sam/share/lio_sam/package.sh'
[1.307s] INFO:colcon.colcon_core.shell:Creating package script '/home/xmedia/ros2_foxy/install/lio_sam/share/lio_sam/package.bash'
[1.308s] INFO:colcon.colcon_core.shell:Creating package script '/home/xmedia/ros2_foxy/install/lio_sam/share/lio_sam/package.zsh'
[1.308s] Level 1:colcon.colcon_core.environment:create_file_with_runtime_dependencies(/home/xmedia/ros2_foxy/install/lio_sam/share/colcon-core/packages/lio_sam)
[1.309s] DEBUG:colcon.colcon_parallel_executor.executor.parallel:closing loop
[1.309s] DEBUG:colcon.colcon_parallel_executor.executor.parallel:loop closed
[1.309s] DEBUG:colcon.colcon_parallel_executor.executor.parallel:run_until_complete finished with '0'
[1.309s] DEBUG:colcon.colcon_core.event_reactor:joining thread
[1.316s] INFO:colcon.colcon_core.plugin_system:Skipping extension 'colcon_notification.desktop_notification.terminal_notifier': Not used on non-Darwin systems
[1.316s] INFO:colcon.colcon_core.plugin_system:Skipping extension 'colcon_notification.desktop_notification.win32': Not used on non-Windows systems
[1.316s] INFO:colcon.colcon_notification.desktop_notification:Sending desktop notification using 'notify2'
[1.333s] DEBUG:colcon.colcon_core.event_reactor:joined thread
[1.333s] INFO:colcon.colcon_core.shell:Creating prefix script '/home/xmedia/ros2_foxy/install/local_setup.ps1'
[1.335s] INFO:colcon.colcon_core.shell:Creating prefix util module '/home/xmedia/ros2_foxy/install/_local_setup_util_ps1.py'
[1.338s] INFO:colcon.colcon_core.shell:Creating prefix chain script '/home/xmedia/ros2_foxy/install/setup.ps1'
[1.340s] INFO:colcon.colcon_core.shell:Creating prefix script '/home/xmedia/ros2_foxy/install/local_setup.sh'
[1.341s] INFO:colcon.colcon_core.shell:Creating prefix util module '/home/xmedia/ros2_foxy/install/_local_setup_util_sh.py'
[1.341s] INFO:colcon.colcon_core.shell:Creating prefix chain script '/home/xmedia/ros2_foxy/install/setup.sh'
[1.343s] INFO:colcon.colcon_core.shell:Creating prefix script '/home/xmedia/ros2_foxy/install/local_setup.bash'
[1.344s] INFO:colcon.colcon_core.shell:Creating prefix chain script '/home/xmedia/ros2_foxy/install/setup.bash'
[1.346s] INFO:colcon.colcon_core.shell:Creating prefix script '/home/xmedia/ros2_foxy/install/local_setup.zsh'
[1.347s] INFO:colcon.colcon_core.shell:Creating prefix chain script '/home/xmedia/ros2_foxy/install/setup.zsh'
