[0.051s] Invoking command in '/home/xmedia/ros2_foxy/build/lio_sam': CMAKE_PREFIX_PATH=${CMAKE_PREFIX_PATH}:/opt/ros/foxy /usr/bin/cmake --build /home/xmedia/ros2_foxy/build/lio_sam -- -j4 -l4
[0.190s] [  2%] Built target lio_sam__cpp
[0.194s] [ 10%] Built target lio_sam__rosidl_generator_c
[0.275s] [ 19%] Built target lio_sam__rosidl_typesupport_cpp
[0.299s] [ 27%] Built target lio_sam__rosidl_typesupport_introspection_c
[0.299s] [ 36%] Built target lio_sam__rosidl_typesupport_fastrtps_cpp
[0.320s] [ 44%] Built target lio_sam__rosidl_typesupport_introspection_cpp
[0.343s] [ 53%] Built target lio_sam__rosidl_typesupport_c
[0.406s] [ 61%] Built target lio_sam__rosidl_typesupport_fastrtps_c
[0.448s] [ 61%] Built target lio_sam
[0.517s] [ 63%] Built target lio_sam__py
[0.586s] [ 70%] Built target lio_sam_mapOptimization
[0.586s] [ 72%] Built target lio_sam_featureExtraction
[0.592s] [ 76%] Built target lio_sam_imuPreintegration
[0.631s] [ 80%] Built target lio_sam_imageProjection
[0.634s] [ 87%] Built target lio_sam__python
[0.672s] [ 93%] Built target lio_sam__rosidl_typesupport_introspection_c__pyext
[0.673s] [ 95%] Built target lio_sam__rosidl_typesupport_fastrtps_c__pyext
[0.675s] [100%] Built target lio_sam__rosidl_typesupport_c__pyext
[0.688s] Invoked command in '/home/xmedia/ros2_foxy/build/lio_sam' returned '0': CMAKE_PREFIX_PATH=${CMAKE_PREFIX_PATH}:/opt/ros/foxy /usr/bin/cmake --build /home/xmedia/ros2_foxy/build/lio_sam -- -j4 -l4
[0.691s] Invoking command in '/home/xmedia/ros2_foxy/build/lio_sam': CMAKE_PREFIX_PATH=${CMAKE_PREFIX_PATH}:/opt/ros/foxy /usr/bin/cmake --install /home/xmedia/ros2_foxy/build/lio_sam
[0.701s] -- Install configuration: "Release"
[0.701s] -- Execute custom install script
[0.702s] -- Up-to-date symlink: /home/xmedia/ros2_foxy/install/lio_sam/share/ament_index/resource_index/rosidl_interfaces/lio_sam
[0.703s] -- Up-to-date symlink: /home/xmedia/ros2_foxy/install/lio_sam/include/lio_sam/msg/cloud_info.h
[0.703s] -- Up-to-date symlink: /home/xmedia/ros2_foxy/install/lio_sam/include/lio_sam/msg/detail/cloud_info__functions.h
[0.703s] -- Up-to-date symlink: /home/xmedia/ros2_foxy/install/lio_sam/include/lio_sam/msg/detail/cloud_info__struct.h
[0.704s] -- Up-to-date symlink: /home/xmedia/ros2_foxy/install/lio_sam/include/lio_sam/msg/detail/cloud_info__type_support.h
[0.704s] -- Up-to-date symlink: /home/xmedia/ros2_foxy/install/lio_sam/include/lio_sam/msg/rosidl_generator_c__visibility_control.h
[0.704s] -- Up-to-date symlink: /home/xmedia/ros2_foxy/install/lio_sam/include/lio_sam/srv/detail/save_map__functions.h
[0.704s] -- Up-to-date symlink: /home/xmedia/ros2_foxy/install/lio_sam/include/lio_sam/srv/detail/save_map__struct.h
[0.704s] -- Up-to-date symlink: /home/xmedia/ros2_foxy/install/lio_sam/include/lio_sam/srv/detail/save_map__type_support.h
[0.705s] -- Up-to-date symlink: /home/xmedia/ros2_foxy/install/lio_sam/include/lio_sam/srv/save_map.h
[0.705s] -- Up-to-date symlink: /home/xmedia/ros2_foxy/install/lio_sam/share/lio_sam/environment/library_path.sh
[0.705s] -- Up-to-date symlink: /home/xmedia/ros2_foxy/install/lio_sam/share/lio_sam/environment/library_path.dsv
[0.706s] -- Up-to-date symlink: /home/xmedia/ros2_foxy/install/lio_sam/include/lio_sam/msg/detail/cloud_info__rosidl_typesupport_fastrtps_c.h
[0.707s] -- Up-to-date symlink: /home/xmedia/ros2_foxy/install/lio_sam/include/lio_sam/msg/rosidl_typesupport_fastrtps_c__visibility_control.h
[0.707s] -- Up-to-date symlink: /home/xmedia/ros2_foxy/install/lio_sam/include/lio_sam/srv/detail/save_map__rosidl_typesupport_fastrtps_c.h
[0.707s] -- Up-to-date symlink: /home/xmedia/ros2_foxy/install/lio_sam/lib/liblio_sam__rosidl_typesupport_fastrtps_c.so
[0.710s] -- Up-to-date symlink: /home/xmedia/ros2_foxy/install/lio_sam/include/lio_sam/msg/detail/cloud_info__rosidl_typesupport_fastrtps_cpp.hpp
[0.710s] -- Up-to-date symlink: /home/xmedia/ros2_foxy/install/lio_sam/include/lio_sam/msg/rosidl_typesupport_fastrtps_cpp__visibility_control.h
[0.710s] -- Up-to-date symlink: /home/xmedia/ros2_foxy/install/lio_sam/include/lio_sam/srv/detail/save_map__rosidl_typesupport_fastrtps_cpp.hpp
[0.710s] -- Up-to-date symlink: /home/xmedia/ros2_foxy/install/lio_sam/lib/liblio_sam__rosidl_typesupport_fastrtps_cpp.so
[0.711s] -- Up-to-date symlink: /home/xmedia/ros2_foxy/install/lio_sam/include/lio_sam/msg/detail/cloud_info__rosidl_typesupport_introspection_c.h
[0.711s] -- Up-to-date symlink: /home/xmedia/ros2_foxy/install/lio_sam/include/lio_sam/msg/rosidl_typesupport_introspection_c__visibility_control.h
[0.711s] -- Up-to-date symlink: /home/xmedia/ros2_foxy/install/lio_sam/include/lio_sam/srv/detail/save_map__rosidl_typesupport_introspection_c.h
[0.712s] -- Up-to-date symlink: /home/xmedia/ros2_foxy/install/lio_sam/include/lio_sam/msg/cloud_info.hpp
[0.713s] -- Up-to-date symlink: /home/xmedia/ros2_foxy/install/lio_sam/include/lio_sam/msg/detail/cloud_info__builder.hpp
[0.713s] -- Up-to-date symlink: /home/xmedia/ros2_foxy/install/lio_sam/include/lio_sam/msg/detail/cloud_info__struct.hpp
[0.713s] -- Up-to-date symlink: /home/xmedia/ros2_foxy/install/lio_sam/include/lio_sam/msg/detail/cloud_info__traits.hpp
[0.714s] -- Up-to-date symlink: /home/xmedia/ros2_foxy/install/lio_sam/include/lio_sam/msg/detail/cloud_info__type_support.hpp
[0.714s] -- Up-to-date symlink: /home/xmedia/ros2_foxy/install/lio_sam/include/lio_sam/msg/rosidl_generator_cpp__visibility_control.hpp
[0.714s] -- Up-to-date symlink: /home/xmedia/ros2_foxy/install/lio_sam/include/lio_sam/srv/detail/save_map__builder.hpp
[0.714s] -- Up-to-date symlink: /home/xmedia/ros2_foxy/install/lio_sam/include/lio_sam/srv/detail/save_map__struct.hpp
[0.715s] -- Up-to-date symlink: /home/xmedia/ros2_foxy/install/lio_sam/include/lio_sam/srv/detail/save_map__traits.hpp
[0.715s] -- Up-to-date symlink: /home/xmedia/ros2_foxy/install/lio_sam/include/lio_sam/srv/detail/save_map__type_support.hpp
[0.715s] -- Up-to-date symlink: /home/xmedia/ros2_foxy/install/lio_sam/include/lio_sam/srv/save_map.hpp
[0.716s] -- Up-to-date symlink: /home/xmedia/ros2_foxy/install/lio_sam/include/lio_sam/msg/detail/cloud_info__rosidl_typesupport_introspection_cpp.hpp
[0.716s] -- Up-to-date symlink: /home/xmedia/ros2_foxy/install/lio_sam/include/lio_sam/srv/detail/save_map__rosidl_typesupport_introspection_cpp.hpp
[0.717s] -- Up-to-date symlink: /home/xmedia/ros2_foxy/install/lio_sam/share/lio_sam/environment/pythonpath.sh
[0.717s] -- Up-to-date symlink: /home/xmedia/ros2_foxy/install/lio_sam/share/lio_sam/environment/pythonpath.dsv
[0.717s] -- Up-to-date symlink: /home/xmedia/ros2_foxy/install/lio_sam/lib/python3.8/site-packages/lio_sam/__init__.py
[0.718s] -- Up-to-date symlink: /home/xmedia/ros2_foxy/install/lio_sam/lib/python3.8/site-packages/lio_sam/msg/__init__.py
[0.718s] -- Up-to-date symlink: /home/xmedia/ros2_foxy/install/lio_sam/lib/python3.8/site-packages/lio_sam/msg/_cloud_info.py
[0.719s] -- Up-to-date symlink: /home/xmedia/ros2_foxy/install/lio_sam/lib/python3.8/site-packages/lio_sam/srv/__init__.py
[0.719s] -- Up-to-date symlink: /home/xmedia/ros2_foxy/install/lio_sam/lib/python3.8/site-packages/lio_sam/srv/_save_map.py
[0.720s] -- Up-to-date symlink: /home/xmedia/ros2_foxy/install/lio_sam/lib/python3.8/site-packages/lio_sam/lio_sam_s__rosidl_typesupport_fastrtps_c.cpython-38-x86_64-linux-gnu.so
[0.721s] -- Up-to-date symlink: /home/xmedia/ros2_foxy/install/lio_sam/lib/python3.8/site-packages/lio_sam/lio_sam_s__rosidl_typesupport_introspection_c.cpython-38-x86_64-linux-gnu.so
[0.721s] -- Up-to-date symlink: /home/xmedia/ros2_foxy/install/lio_sam/lib/python3.8/site-packages/lio_sam/lio_sam_s__rosidl_typesupport_c.cpython-38-x86_64-linux-gnu.so
[0.722s] -- Up-to-date symlink: /home/xmedia/ros2_foxy/install/lio_sam/lib/liblio_sam__python.so
[0.722s] -- Up-to-date symlink: /home/xmedia/ros2_foxy/install/lio_sam/share/lio_sam/msg/CloudInfo.idl
[0.723s] -- Up-to-date symlink: /home/xmedia/ros2_foxy/install/lio_sam/share/lio_sam/srv/SaveMap.idl
[0.723s] -- Up-to-date symlink: /home/xmedia/ros2_foxy/install/lio_sam/share/lio_sam/msg/CloudInfo.msg
[0.723s] -- Up-to-date symlink: /home/xmedia/ros2_foxy/install/lio_sam/share/lio_sam/srv/SaveMap.srv
[0.724s] -- Up-to-date symlink: /home/xmedia/ros2_foxy/install/lio_sam/share/lio_sam/srv/SaveMap_Request.msg
[0.724s] -- Up-to-date symlink: /home/xmedia/ros2_foxy/install/lio_sam/share/lio_sam/srv/SaveMap_Response.msg
[0.725s] -- Up-to-date symlink: /home/xmedia/ros2_foxy/install/lio_sam/share/lio_sam//launch/run.launch.py
[0.726s] -- Up-to-date symlink: /home/xmedia/ros2_foxy/install/lio_sam/share/lio_sam//config/doc/demo.gif
[0.727s] -- Up-to-date symlink: /home/xmedia/ros2_foxy/install/lio_sam/share/lio_sam//config/doc/device-boat.png
[0.727s] -- Up-to-date symlink: /home/xmedia/ros2_foxy/install/lio_sam/share/lio_sam//config/doc/device-hand-2.png
[0.727s] -- Up-to-date symlink: /home/xmedia/ros2_foxy/install/lio_sam/share/lio_sam//config/doc/device-hand.png
[0.728s] -- Up-to-date symlink: /home/xmedia/ros2_foxy/install/lio_sam/share/lio_sam//config/doc/device-jackal.png
[0.728s] -- Up-to-date symlink: /home/xmedia/ros2_foxy/install/lio_sam/share/lio_sam//config/doc/gps-demo.gif
[0.728s] -- Up-to-date symlink: /home/xmedia/ros2_foxy/install/lio_sam/share/lio_sam//config/doc/imu-debug.gif
[0.729s] -- Up-to-date symlink: /home/xmedia/ros2_foxy/install/lio_sam/share/lio_sam//config/doc/imu-transform.png
[0.729s] -- Up-to-date symlink: /home/xmedia/ros2_foxy/install/lio_sam/share/lio_sam//config/doc/kitti-demo.gif
[0.729s] -- Up-to-date symlink: /home/xmedia/ros2_foxy/install/lio_sam/share/lio_sam//config/doc/kitti-map.png
[0.729s] -- Up-to-date symlink: /home/xmedia/ros2_foxy/install/lio_sam/share/lio_sam//config/doc/kitti2bag/README.md
[0.729s] -- Up-to-date symlink: /home/xmedia/ros2_foxy/install/lio_sam/share/lio_sam//config/doc/kitti2bag/kitti2bag.py
[0.730s] -- Up-to-date symlink: /home/xmedia/ros2_foxy/install/lio_sam/share/lio_sam//config/doc/loop-closure-2.gif
[0.730s] -- Up-to-date symlink: /home/xmedia/ros2_foxy/install/lio_sam/share/lio_sam//config/doc/loop-closure.gif
[0.730s] -- Up-to-date symlink: /home/xmedia/ros2_foxy/install/lio_sam/share/lio_sam//config/doc/ouster-demo.gif
[0.731s] -- Up-to-date symlink: /home/xmedia/ros2_foxy/install/lio_sam/share/lio_sam//config/doc/ouster-device.jpg
[0.731s] -- Up-to-date symlink: /home/xmedia/ros2_foxy/install/lio_sam/share/lio_sam//config/doc/paper.pdf
[0.731s] -- Up-to-date symlink: /home/xmedia/ros2_foxy/install/lio_sam/share/lio_sam//config/doc/system.png
[0.731s] -- Up-to-date symlink: /home/xmedia/ros2_foxy/install/lio_sam/share/lio_sam//config/params.yaml
[0.732s] -- Up-to-date symlink: /home/xmedia/ros2_foxy/install/lio_sam/share/lio_sam//config/robot.urdf.xacro
[0.732s] -- Up-to-date symlink: /home/xmedia/ros2_foxy/install/lio_sam/share/lio_sam//config/rviz2.rviz
[0.733s] -- Up-to-date symlink: /home/xmedia/ros2_foxy/install/lio_sam/lib/lio_sam/lio_sam_imageProjection
[0.733s] -- Up-to-date symlink: /home/xmedia/ros2_foxy/install/lio_sam/lib/lio_sam/lio_sam_imuPreintegration
[0.734s] -- Up-to-date symlink: /home/xmedia/ros2_foxy/install/lio_sam/lib/lio_sam/lio_sam_featureExtraction
[0.734s] -- Up-to-date symlink: /home/xmedia/ros2_foxy/install/lio_sam/lib/lio_sam/lio_sam_mapOptimization
[0.735s] -- Up-to-date symlink: /home/xmedia/ros2_foxy/install/lio_sam/include/lio_sam/utility.hpp
[0.735s] -- Up-to-date symlink: /home/xmedia/ros2_foxy/install/lio_sam/share/ament_index/resource_index/package_run_dependencies/lio_sam
[0.735s] -- Up-to-date symlink: /home/xmedia/ros2_foxy/install/lio_sam/share/ament_index/resource_index/parent_prefix_path/lio_sam
[0.736s] -- Up-to-date symlink: /home/xmedia/ros2_foxy/install/lio_sam/share/lio_sam/environment/ament_prefix_path.sh
[0.736s] -- Up-to-date symlink: /home/xmedia/ros2_foxy/install/lio_sam/share/lio_sam/environment/ament_prefix_path.dsv
[0.737s] -- Up-to-date symlink: /home/xmedia/ros2_foxy/install/lio_sam/share/lio_sam/environment/path.sh
[0.737s] -- Up-to-date symlink: /home/xmedia/ros2_foxy/install/lio_sam/share/lio_sam/environment/path.dsv
[0.737s] -- Up-to-date symlink: /home/xmedia/ros2_foxy/install/lio_sam/share/lio_sam/local_setup.bash
[0.738s] -- Up-to-date symlink: /home/xmedia/ros2_foxy/install/lio_sam/share/lio_sam/local_setup.sh
[0.738s] -- Up-to-date symlink: /home/xmedia/ros2_foxy/install/lio_sam/share/lio_sam/local_setup.zsh
[0.738s] -- Up-to-date symlink: /home/xmedia/ros2_foxy/install/lio_sam/share/lio_sam/local_setup.dsv
[0.739s] -- Symlinking: /home/xmedia/ros2_foxy/install/lio_sam/share/lio_sam/package.dsv
[0.749s] -- Up-to-date symlink: /home/xmedia/ros2_foxy/install/lio_sam/share/ament_index/resource_index/packages/lio_sam
[0.750s] -- Up-to-date symlink: /home/xmedia/ros2_foxy/install/lio_sam/share/lio_sam/cmake/rosidl_cmake-extras.cmake
[0.750s] -- Up-to-date symlink: /home/xmedia/ros2_foxy/install/lio_sam/share/lio_sam/cmake/ament_cmake_export_dependencies-extras.cmake
[0.751s] -- Up-to-date symlink: /home/xmedia/ros2_foxy/install/lio_sam/share/lio_sam/cmake/ament_cmake_export_libraries-extras.cmake
[0.751s] -- Up-to-date symlink: /home/xmedia/ros2_foxy/install/lio_sam/share/lio_sam/cmake/ament_cmake_export_targets-extras.cmake
[0.751s] -- Up-to-date symlink: /home/xmedia/ros2_foxy/install/lio_sam/share/lio_sam/cmake/ament_cmake_export_include_directories-extras.cmake
[0.752s] -- Up-to-date symlink: /home/xmedia/ros2_foxy/install/lio_sam/share/lio_sam/cmake/rosidl_cmake_export_typesupport_libraries-extras.cmake
[0.752s] -- Up-to-date symlink: /home/xmedia/ros2_foxy/install/lio_sam/share/lio_sam/cmake/rosidl_cmake_export_typesupport_targets-extras.cmake
[0.752s] -- Up-to-date symlink: /home/xmedia/ros2_foxy/install/lio_sam/share/lio_sam/cmake/lio_samConfig.cmake
[0.753s] -- Up-to-date symlink: /home/xmedia/ros2_foxy/install/lio_sam/share/lio_sam/cmake/lio_samConfig-version.cmake
[0.753s] -- Up-to-date symlink: /home/xmedia/ros2_foxy/install/lio_sam/share/lio_sam/package.xml
[0.753s] -- Up-to-date: /home/xmedia/ros2_foxy/install/lio_sam/lib/liblio_sam__rosidl_generator_c.so
[0.754s] -- Up-to-date: /home/xmedia/ros2_foxy/install/lio_sam/lib/liblio_sam__rosidl_typesupport_introspection_c.so
[0.755s] -- Up-to-date: /home/xmedia/ros2_foxy/install/lio_sam/lib/liblio_sam__rosidl_typesupport_c.so
[0.755s] -- Up-to-date: /home/xmedia/ros2_foxy/install/lio_sam/lib/liblio_sam__rosidl_typesupport_introspection_cpp.so
[0.756s] -- Up-to-date: /home/xmedia/ros2_foxy/install/lio_sam/lib/liblio_sam__rosidl_typesupport_cpp.so
[0.787s] -- Up-to-date: /home/xmedia/ros2_foxy/install/lio_sam/share/lio_sam/cmake/lio_sam__rosidl_generator_cExport.cmake
[0.787s] -- Up-to-date: /home/xmedia/ros2_foxy/install/lio_sam/share/lio_sam/cmake/lio_sam__rosidl_generator_cExport-release.cmake
[0.787s] -- Up-to-date: /home/xmedia/ros2_foxy/install/lio_sam/share/lio_sam/cmake/lio_sam__rosidl_typesupport_introspection_cExport.cmake
[0.787s] -- Up-to-date: /home/xmedia/ros2_foxy/install/lio_sam/share/lio_sam/cmake/lio_sam__rosidl_typesupport_introspection_cExport-release.cmake
[0.788s] -- Up-to-date: /home/xmedia/ros2_foxy/install/lio_sam/share/lio_sam/cmake/lio_sam__rosidl_typesupport_cExport.cmake
[0.788s] -- Up-to-date: /home/xmedia/ros2_foxy/install/lio_sam/share/lio_sam/cmake/lio_sam__rosidl_typesupport_cExport-release.cmake
[0.788s] -- Up-to-date: /home/xmedia/ros2_foxy/install/lio_sam/share/lio_sam/cmake/lio_sam__rosidl_generator_cppExport.cmake
[0.788s] -- Up-to-date: /home/xmedia/ros2_foxy/install/lio_sam/share/lio_sam/cmake/lio_sam__rosidl_typesupport_introspection_cppExport.cmake
[0.788s] -- Up-to-date: /home/xmedia/ros2_foxy/install/lio_sam/share/lio_sam/cmake/lio_sam__rosidl_typesupport_introspection_cppExport-release.cmake
[0.788s] -- Up-to-date: /home/xmedia/ros2_foxy/install/lio_sam/share/lio_sam/cmake/lio_sam__rosidl_typesupport_cppExport.cmake
[0.788s] -- Up-to-date: /home/xmedia/ros2_foxy/install/lio_sam/share/lio_sam/cmake/lio_sam__rosidl_typesupport_cppExport-release.cmake
[0.792s] Invoked command in '/home/xmedia/ros2_foxy/build/lio_sam' returned '0': CMAKE_PREFIX_PATH=${CMAKE_PREFIX_PATH}:/opt/ros/foxy /usr/bin/cmake --install /home/xmedia/ros2_foxy/build/lio_sam
