[0.045s] Invoking command in '/home/xmedia/ros2_foxy/build/rtabmap_ros': CMAKE_PREFIX_PATH=${CMAKE_PREFIX_PATH}:/opt/ros/foxy /usr/bin/cmake --build /home/xmedia/ros2_foxy/build/rtabmap_ros -- -j4 -l4
[0.136s] Invoked command in '/home/xmedia/ros2_foxy/build/rtabmap_ros' returned '0': CMAKE_PREFIX_PATH=${CMAKE_PREFIX_PATH}:/opt/ros/foxy /usr/bin/cmake --build /home/xmedia/ros2_foxy/build/rtabmap_ros -- -j4 -l4
[0.157s] Invoking command in '/home/xmedia/ros2_foxy/build/rtabmap_ros': CMAKE_PREFIX_PATH=${CMAKE_PREFIX_PATH}:/opt/ros/foxy /usr/bin/cmake --install /home/xmedia/ros2_foxy/build/rtabmap_ros
[0.187s] -- Install configuration: "Release"
[0.187s] -- Execute custom install script
[0.188s] -- Up-to-date symlink: /home/xmedia/ros2_foxy/install/rtabmap_ros/share/ament_index/resource_index/package_run_dependencies/rtabmap_ros
[0.189s] -- Up-to-date symlink: /home/xmedia/ros2_foxy/install/rtabmap_ros/share/ament_index/resource_index/parent_prefix_path/rtabmap_ros
[0.190s] -- Up-to-date symlink: /home/xmedia/ros2_foxy/install/rtabmap_ros/share/rtabmap_ros/environment/ament_prefix_path.sh
[0.191s] -- Up-to-date symlink: /home/xmedia/ros2_foxy/install/rtabmap_ros/share/rtabmap_ros/environment/ament_prefix_path.dsv
[0.192s] -- Up-to-date symlink: /home/xmedia/ros2_foxy/install/rtabmap_ros/share/rtabmap_ros/environment/path.sh
[0.193s] -- Up-to-date symlink: /home/xmedia/ros2_foxy/install/rtabmap_ros/share/rtabmap_ros/environment/path.dsv
[0.194s] -- Up-to-date symlink: /home/xmedia/ros2_foxy/install/rtabmap_ros/share/rtabmap_ros/local_setup.bash
[0.195s] -- Up-to-date symlink: /home/xmedia/ros2_foxy/install/rtabmap_ros/share/rtabmap_ros/local_setup.sh
[0.196s] -- Up-to-date symlink: /home/xmedia/ros2_foxy/install/rtabmap_ros/share/rtabmap_ros/local_setup.zsh
[0.198s] -- Up-to-date symlink: /home/xmedia/ros2_foxy/install/rtabmap_ros/share/rtabmap_ros/local_setup.dsv
[0.199s] -- Symlinking: /home/xmedia/ros2_foxy/install/rtabmap_ros/share/rtabmap_ros/package.dsv
[0.229s] -- Up-to-date symlink: /home/xmedia/ros2_foxy/install/rtabmap_ros/share/ament_index/resource_index/packages/rtabmap_ros
[0.231s] -- Up-to-date symlink: /home/xmedia/ros2_foxy/install/rtabmap_ros/share/rtabmap_ros/cmake/rtabmap_rosConfig.cmake
[0.236s] -- Up-to-date symlink: /home/xmedia/ros2_foxy/install/rtabmap_ros/share/rtabmap_ros/cmake/rtabmap_rosConfig-version.cmake
[0.237s] -- Up-to-date symlink: /home/xmedia/ros2_foxy/install/rtabmap_ros/share/rtabmap_ros/package.xml
[0.238s] Invoked command in '/home/xmedia/ros2_foxy/build/rtabmap_ros' returned '0': CMAKE_PREFIX_PATH=${CMAKE_PREFIX_PATH}:/opt/ros/foxy /usr/bin/cmake --install /home/xmedia/ros2_foxy/build/rtabmap_ros
