[0.048s] Invoking command in '/home/xmedia/ros2_foxy/build/unitree_lidar_ros2': CMAKE_PREFIX_PATH=${CMAKE_PREFIX_PATH}:/opt/ros/foxy /usr/bin/cmake /home/xmedia/ros2_foxy/src/unilidar_sdk/unitree_lidar_ros2/src/unitree_lidar_ros2 -DCMAKE_BUILD_TYPE=Release -DAMENT_CMAKE_SYMLINK_INSTALL=1 -DCMAKE_INSTALL_PREFIX=/home/xmedia/ros2_foxy/install/unitree_lidar_ros2
[0.159s] -- The C compiler identification is GNU 9.4.0
[0.278s] -- The CXX compiler identification is GNU 9.4.0
[0.286s] -- Check for working C compiler: /usr/bin/cc
[0.465s] -- Check for working C compiler: /usr/bin/cc -- works
[0.465s] -- Detecting C compiler ABI info
[0.605s] -- Detecting C compiler ABI info - done
[0.633s] -- Detecting C compile features
[0.634s] -- Detecting C compile features - done
[0.643s] -- Check for working CXX compiler: /usr/bin/c++
[0.798s] -- Check for working CXX compiler: /usr/bin/c++ -- works
[0.800s] -- Detecting CXX compiler ABI info
[0.994s] -- Detecting CXX compiler ABI info - done
[1.031s] -- Detecting CXX compile features
[1.032s] -- Detecting CXX compile features - done
[1.039s] -- Found ament_cmake: 0.9.12 (/opt/ros/foxy/share/ament_cmake/cmake)
[1.079s] -- Found PythonInterp: /usr/bin/python3 (found suitable version "3.8.10", minimum required is "3") 
[1.080s] -- Using PYTHON_EXECUTABLE: /usr/bin/python3
[1.418s] -- Override CMake install command with custom implementation using symlinks instead of copying resources
[1.456s] -- Found rclcpp: 2.4.3 (/opt/ros/foxy/share/rclcpp/cmake)
[1.550s] -- Using all available rosidl_typesupport_c: rosidl_typesupport_fastrtps_c;rosidl_typesupport_introspection_c
[1.564s] -- Found rosidl_adapter: 1.3.1 (/opt/ros/foxy/share/rosidl_adapter/cmake)
[1.710s] -- Found OpenSSL: /usr/lib/x86_64-linux-gnu/libcrypto.so (found version "1.1.1f")  
[1.764s] -- Found FastRTPS: /opt/ros/foxy/include  
[1.925s] -- Using all available rosidl_typesupport_cpp: rosidl_typesupport_fastrtps_cpp;rosidl_typesupport_introspection_cpp
[2.066s] -- Found rmw_implementation_cmake: 1.0.4 (/opt/ros/foxy/share/rmw_implementation_cmake/cmake)
[2.068s] -- Using RMW implementation 'rmw_fastrtps_cpp' as default
[2.072s] -- Looking for pthread.h
[2.196s] -- Looking for pthread.h - found
[2.196s] -- Performing Test CMAKE_HAVE_LIBC_PTHREAD
[2.322s] -- Performing Test CMAKE_HAVE_LIBC_PTHREAD - Failed
[2.322s] -- Looking for pthread_create in pthreads
[2.436s] -- Looking for pthread_create in pthreads - not found
[2.437s] -- Looking for pthread_create in pthread
[2.603s] -- Looking for pthread_create in pthread - found
[2.605s] -- Found Threads: TRUE  
[2.964s] -- Found sensor_msgs: 2.0.5 (/opt/ros/foxy/share/sensor_msgs/cmake)
[3.242s] -- Found pcl_conversions: 2.2.1 (/opt/ros/foxy/share/pcl_conversions/cmake)
[3.967s] -- Checking for module 'eigen3'
[4.094s] --   Found eigen3, version 3.3.7
[4.344s] -- Found Eigen: /usr/include/eigen3 (Required is at least version "3.1") 
[4.344s] -- Eigen found (include: /usr/include/eigen3, version: 3.3.7)
[4.492s] -- Found Boost: /usr/include (found suitable version "1.71.0", minimum required is "1.55.0") found components: system filesystem date_time iostreams regex 
[4.517s] -- Checking for module 'flann'
[4.555s] --   Found flann, version 1.9.1
[4.798s] -- Found FLANN: /usr/lib/x86_64-linux-gnu/libflann_cpp.so  
[4.971s] -- The imported target "vtkParseOGLExt" references the file
[4.972s]    "/usr/bin/vtkParseOGLExt-7.1"
[4.972s] but this file does not exist.  Possible reasons include:
[4.972s] * The file was deleted, renamed, or moved to another location.
[4.972s] * An install or uninstall procedure did not complete successfully.
[4.972s] * The installation package was faulty and contained
[4.972s]    "/usr/lib/cmake/vtk-7.1/VTKTargets.cmake"
[4.973s] but not all the files it references.
[4.973s] 
[4.975s] -- The imported target "vtkRenderingPythonTkWidgets" references the file
[4.975s]    "/usr/lib/x86_64-linux-gnu/libvtkRenderingPythonTkWidgets.so"
[4.975s] but this file does not exist.  Possible reasons include:
[4.975s] * The file was deleted, renamed, or moved to another location.
[4.976s] * An install or uninstall procedure did not complete successfully.
[4.976s] * The installation package was faulty and contained
[4.976s]    "/usr/lib/cmake/vtk-7.1/VTKTargets.cmake"
[4.976s] but not all the files it references.
[4.976s] 
[4.978s] -- The imported target "vtk" references the file
[4.978s]    "/usr/bin/vtk"
[4.978s] but this file does not exist.  Possible reasons include:
[4.978s] * The file was deleted, renamed, or moved to another location.
[4.979s] * An install or uninstall procedure did not complete successfully.
[4.979s] * The installation package was faulty and contained
[4.979s]    "/usr/lib/cmake/vtk-7.1/VTKTargets.cmake"
[4.979s] but not all the files it references.
[4.979s] 
[4.980s] -- The imported target "pvtk" references the file
[4.980s]    "/usr/bin/pvtk"
[4.980s] but this file does not exist.  Possible reasons include:
[4.980s] * The file was deleted, renamed, or moved to another location.
[4.980s] * An install or uninstall procedure did not complete successfully.
[4.981s] * The installation package was faulty and contained
[4.981s]    "/usr/lib/cmake/vtk-7.1/VTKTargets.cmake"
[4.981s] but not all the files it references.
[4.981s] 
[5.049s] -- Checking for module 'libusb-1.0'
[5.075s] --   Found libusb-1.0, version 1.0.23
[5.157s] -- Found USB_10: /usr/lib/x86_64-linux-gnu/libusb-1.0.so  
[5.267s] -- Found OpenNI: /usr/lib/libOpenNI.so  
[5.267s] -- OpenNI found (include: /usr/include/ni, lib: /usr/lib/libOpenNI.so)
[5.368s] -- Found OpenNI2: /usr/lib/libOpenNI2.so  
[5.368s] -- OpenNI2 found (include: /usr/include/openni2, lib: /usr/lib/libOpenNI2.so)
[5.368s] ** WARNING ** io features related to pcap will be disabled
[5.368s] ** WARNING ** io features related to png will be disabled
[5.395s] -- Found libusb-1.0: /usr/include  
[5.395s] ** WARNING ** io features related to libusb-1.0 will be disabled
[5.408s] -- OpenNI found (include: /usr/include/ni, lib: /usr/lib/libOpenNI.so)
[5.416s] -- OpenNI2 found (include: /usr/include/openni2, lib: /usr/lib/libOpenNI2.so)
[5.471s] -- Found Qhull: optimized;/usr/lib/x86_64-linux-gnu/libqhull.so;debug;/usr/lib/x86_64-linux-gnu/libqhull.so  
[5.472s] -- QHULL found (include: /usr/include, lib: optimized;/usr/lib/x86_64-linux-gnu/libqhull.so;debug;/usr/lib/x86_64-linux-gnu/libqhull.so)
[5.481s] -- OpenNI found (include: /usr/include/ni, lib: /usr/lib/libOpenNI.so)
[5.509s] -- looking for PCL_COMMON
[5.510s] -- Found PCL_COMMON: /usr/lib/x86_64-linux-gnu/libpcl_common.so  
[5.511s] -- looking for PCL_KDTREE
[5.513s] -- Found PCL_KDTREE: /usr/lib/x86_64-linux-gnu/libpcl_kdtree.so  
[5.513s] -- looking for PCL_OCTREE
[5.515s] -- Found PCL_OCTREE: /usr/lib/x86_64-linux-gnu/libpcl_octree.so  
[5.516s] -- looking for PCL_SEARCH
[5.518s] -- Found PCL_SEARCH: /usr/lib/x86_64-linux-gnu/libpcl_search.so  
[5.518s] -- looking for PCL_SAMPLE_CONSENSUS
[5.520s] -- Found PCL_SAMPLE_CONSENSUS: /usr/lib/x86_64-linux-gnu/libpcl_sample_consensus.so  
[5.521s] -- looking for PCL_FILTERS
[5.524s] -- Found PCL_FILTERS: /usr/lib/x86_64-linux-gnu/libpcl_filters.so  
[5.524s] -- looking for PCL_2D
[5.525s] -- Found PCL_2D: /usr/include/pcl-1.10  
[5.525s] -- looking for PCL_GEOMETRY
[5.526s] -- Found PCL_GEOMETRY: /usr/include/pcl-1.10  
[5.526s] -- looking for PCL_IO
[5.528s] -- Found PCL_IO: /usr/lib/x86_64-linux-gnu/libpcl_io.so  
[5.529s] -- looking for PCL_FEATURES
[5.530s] -- Found PCL_FEATURES: /usr/lib/x86_64-linux-gnu/libpcl_features.so  
[5.531s] -- looking for PCL_ML
[5.533s] -- Found PCL_ML: /usr/lib/x86_64-linux-gnu/libpcl_ml.so  
[5.533s] -- looking for PCL_SEGMENTATION
[5.535s] -- Found PCL_SEGMENTATION: /usr/lib/x86_64-linux-gnu/libpcl_segmentation.so  
[5.536s] -- looking for PCL_VISUALIZATION
[5.538s] -- Found PCL_VISUALIZATION: /usr/lib/x86_64-linux-gnu/libpcl_visualization.so  
[5.539s] -- looking for PCL_SURFACE
[5.541s] -- Found PCL_SURFACE: /usr/lib/x86_64-linux-gnu/libpcl_surface.so  
[5.542s] -- looking for PCL_REGISTRATION
[5.545s] -- Found PCL_REGISTRATION: /usr/lib/x86_64-linux-gnu/libpcl_registration.so  
[5.546s] -- looking for PCL_KEYPOINTS
[5.548s] -- Found PCL_KEYPOINTS: /usr/lib/x86_64-linux-gnu/libpcl_keypoints.so  
[5.549s] -- looking for PCL_TRACKING
[5.551s] -- Found PCL_TRACKING: /usr/lib/x86_64-linux-gnu/libpcl_tracking.so  
[5.552s] -- looking for PCL_RECOGNITION
[5.554s] -- Found PCL_RECOGNITION: /usr/lib/x86_64-linux-gnu/libpcl_recognition.so  
[5.556s] -- looking for PCL_STEREO
[5.558s] -- Found PCL_STEREO: /usr/lib/x86_64-linux-gnu/libpcl_stereo.so  
[5.559s] -- looking for PCL_APPS
[5.561s] -- Found PCL_APPS: /usr/lib/x86_64-linux-gnu/libpcl_apps.so  
[5.563s] -- looking for PCL_IN_HAND_SCANNER
[5.564s] -- Found PCL_IN_HAND_SCANNER: /usr/include/pcl-1.10  
[5.564s] -- looking for PCL_POINT_CLOUD_EDITOR
[5.565s] -- Found PCL_POINT_CLOUD_EDITOR: /usr/include/pcl-1.10  
[5.566s] -- looking for PCL_OUTOFCORE
[5.568s] -- Found PCL_OUTOFCORE: /usr/lib/x86_64-linux-gnu/libpcl_outofcore.so  
[5.570s] -- looking for PCL_PEOPLE
[5.572s] -- Found PCL_PEOPLE: /usr/lib/x86_64-linux-gnu/libpcl_people.so  
[5.575s] -- Found PCL: pcl_common;pcl_kdtree;pcl_octree;pcl_search;pcl_sample_consensus;pcl_filters;pcl_io;pcl_features;pcl_ml;pcl_segmentation;pcl_visualization;pcl_surface;pcl_registration;pcl_keypoints;pcl_tracking;pcl_recognition;pcl_stereo;pcl_apps;pcl_outofcore;pcl_people;/usr/lib/x86_64-linux-gnu/libboost_system.so;/usr/lib/x86_64-linux-gnu/libboost_filesystem.so;/usr/lib/x86_64-linux-gnu/libboost_date_time.so;/usr/lib/x86_64-linux-gnu/libboost_iostreams.so;/usr/lib/x86_64-linux-gnu/libboost_regex.so;optimized;/usr/lib/x86_64-linux-gnu/libqhull.so;debug;/usr/lib/x86_64-linux-gnu/libqhull.so;/usr/lib/libOpenNI.so;/usr/lib/libOpenNI2.so;vtkChartsCore;vtkCommonColor;vtkCommonCore;vtksys;vtkCommonDataModel;vtkCommonMath;vtkCommonMisc;vtkCommonSystem;vtkCommonTransforms;vtkCommonExecutionModel;vtkFiltersGeneral;vtkCommonComputationalGeometry;vtkFiltersCore;vtkInfovisCore;vtkFiltersExtraction;vtkFiltersStatistics;vtkImagingFourier;vtkImagingCore;vtkalglib;vtkRenderingContext2D;vtkRenderingCore;vtkFiltersGeometry;vtkFiltersSources;vtkRenderingFreeType;/usr/lib/x86_64-linux-gnu/libfreetype.so;/usr/lib/x86_64-linux-gnu/libz.so;vtkFiltersModeling;vtkImagingSources;vtkInteractionStyle;vtkInteractionWidgets;vtkFiltersHybrid;vtkImagingColor;vtkImagingGeneral;vtkImagingHybrid;vtkIOImage;vtkDICOMParser;vtkmetaio;/usr/lib/x86_64-linux-gnu/libjpeg.so;/usr/lib/x86_64-linux-gnu/libpng.so;/usr/lib/x86_64-linux-gnu/libtiff.so;vtkRenderingAnnotation;vtkRenderingVolume;vtkIOXML;vtkIOCore;vtkIOXMLParser;/usr/lib/x86_64-linux-gnu/libexpat.so;vtkIOGeometry;vtkIOLegacy;vtkIOPLY;vtkRenderingLOD;vtkViewsContext2D;vtkViewsCore;vtkRenderingContextOpenGL2;vtkRenderingOpenGL2;FLANN::FLANN  
[5.751s] -- Configuring done
[5.827s] -- Generating done
[5.869s] -- Build files have been written to: /home/xmedia/ros2_foxy/build/unitree_lidar_ros2
[5.892s] Invoked command in '/home/xmedia/ros2_foxy/build/unitree_lidar_ros2' returned '0': CMAKE_PREFIX_PATH=${CMAKE_PREFIX_PATH}:/opt/ros/foxy /usr/bin/cmake /home/xmedia/ros2_foxy/src/unilidar_sdk/unitree_lidar_ros2/src/unitree_lidar_ros2 -DCMAKE_BUILD_TYPE=Release -DAMENT_CMAKE_SYMLINK_INSTALL=1 -DCMAKE_INSTALL_PREFIX=/home/xmedia/ros2_foxy/install/unitree_lidar_ros2
[5.893s] Invoking command in '/home/xmedia/ros2_foxy/build/unitree_lidar_ros2': CMAKE_PREFIX_PATH=${CMAKE_PREFIX_PATH}:/opt/ros/foxy /usr/bin/cmake --build /home/xmedia/ros2_foxy/build/unitree_lidar_ros2 -- -j4 -l4
[5.951s] [35m[1mScanning dependencies of target unitree_lidar_ros2_node[0m
[6.115s] [ 50%] [32mBuilding CXX object CMakeFiles/unitree_lidar_ros2_node.dir/src/unitree_lidar_ros2_node.cpp.o[0m
[41.494s] [100%] [32m[1mLinking CXX executable unitree_lidar_ros2_node[0m
[42.596s] [100%] Built target unitree_lidar_ros2_node
[42.644s] Invoked command in '/home/xmedia/ros2_foxy/build/unitree_lidar_ros2' returned '0': CMAKE_PREFIX_PATH=${CMAKE_PREFIX_PATH}:/opt/ros/foxy /usr/bin/cmake --build /home/xmedia/ros2_foxy/build/unitree_lidar_ros2 -- -j4 -l4
[42.645s] Invoking command in '/home/xmedia/ros2_foxy/build/unitree_lidar_ros2': CMAKE_PREFIX_PATH=${CMAKE_PREFIX_PATH}:/opt/ros/foxy /usr/bin/cmake --install /home/xmedia/ros2_foxy/build/unitree_lidar_ros2
[42.674s] -- Install configuration: "Release"
[42.686s] -- Execute custom install script
[42.687s] -- Symlinking: /home/xmedia/ros2_foxy/install/unitree_lidar_ros2/lib/unitree_lidar_ros2/unitree_lidar_ros2_node
[42.728s] -- Symlinking: /home/xmedia/ros2_foxy/install/unitree_lidar_ros2/share/unitree_lidar_ros2/view.rviz
[42.758s] -- Symlinking: /home/xmedia/ros2_foxy/install/unitree_lidar_ros2/share/unitree_lidar_ros2/launch.py
[42.797s] -- Symlinking: /home/xmedia/ros2_foxy/install/unitree_lidar_ros2/share/ament_index/resource_index/package_run_dependencies/unitree_lidar_ros2
[42.813s] -- Symlinking: /home/xmedia/ros2_foxy/install/unitree_lidar_ros2/share/ament_index/resource_index/parent_prefix_path/unitree_lidar_ros2
[42.828s] -- Symlinking: /home/xmedia/ros2_foxy/install/unitree_lidar_ros2/share/unitree_lidar_ros2/environment/ament_prefix_path.sh
[42.842s] -- Symlinking: /home/xmedia/ros2_foxy/install/unitree_lidar_ros2/share/unitree_lidar_ros2/environment/ament_prefix_path.dsv
[42.856s] -- Symlinking: /home/xmedia/ros2_foxy/install/unitree_lidar_ros2/share/unitree_lidar_ros2/environment/path.sh
[42.870s] -- Symlinking: /home/xmedia/ros2_foxy/install/unitree_lidar_ros2/share/unitree_lidar_ros2/environment/path.dsv
[42.885s] -- Symlinking: /home/xmedia/ros2_foxy/install/unitree_lidar_ros2/share/unitree_lidar_ros2/local_setup.bash
[42.899s] -- Symlinking: /home/xmedia/ros2_foxy/install/unitree_lidar_ros2/share/unitree_lidar_ros2/local_setup.sh
[42.914s] -- Symlinking: /home/xmedia/ros2_foxy/install/unitree_lidar_ros2/share/unitree_lidar_ros2/local_setup.zsh
[42.928s] -- Symlinking: /home/xmedia/ros2_foxy/install/unitree_lidar_ros2/share/unitree_lidar_ros2/local_setup.dsv
[42.943s] -- Symlinking: /home/xmedia/ros2_foxy/install/unitree_lidar_ros2/share/unitree_lidar_ros2/package.dsv
[42.958s] -- Symlinking: /home/xmedia/ros2_foxy/install/unitree_lidar_ros2/share/ament_index/resource_index/packages/unitree_lidar_ros2
[42.973s] -- Symlinking: /home/xmedia/ros2_foxy/install/unitree_lidar_ros2/share/unitree_lidar_ros2/cmake/unitree_lidar_ros2Config.cmake
[42.988s] -- Symlinking: /home/xmedia/ros2_foxy/install/unitree_lidar_ros2/share/unitree_lidar_ros2/cmake/unitree_lidar_ros2Config-version.cmake
[43.004s] -- Symlinking: /home/xmedia/ros2_foxy/install/unitree_lidar_ros2/share/unitree_lidar_ros2/package.xml
[43.026s] Invoked command in '/home/xmedia/ros2_foxy/build/unitree_lidar_ros2' returned '0': CMAKE_PREFIX_PATH=${CMAKE_PREFIX_PATH}:/opt/ros/foxy /usr/bin/cmake --install /home/xmedia/ros2_foxy/build/unitree_lidar_ros2
