[0.049s] Invoking command in '/home/xmedia/ros2_foxy/build/rtabmap_ros': CMAKE_PREFIX_PATH=${CMAKE_PREFIX_PATH}:/opt/ros/foxy /usr/bin/cmake --build /home/xmedia/ros2_foxy/build/rtabmap_ros -- -j4 -l4
[0.122s] Invoked command in '/home/xmedia/ros2_foxy/build/rtabmap_ros' returned '0': CMAKE_PREFIX_PATH=${CMAKE_PREFIX_PATH}:/opt/ros/foxy /usr/bin/cmake --build /home/xmedia/ros2_foxy/build/rtabmap_ros -- -j4 -l4
[0.144s] Invoking command in '/home/xmedia/ros2_foxy/build/rtabmap_ros': CMAKE_PREFIX_PATH=${CMAKE_PREFIX_PATH}:/opt/ros/foxy /usr/bin/cmake --install /home/xmedia/ros2_foxy/build/rtabmap_ros
[0.156s] -- Install configuration: "Release"
[0.158s] -- Execute custom install script
[0.160s] -- Up-to-date symlink: /home/xmedia/ros2_foxy/install/rtabmap_ros/share/ament_index/resource_index/package_run_dependencies/rtabmap_ros
[0.162s] -- Up-to-date symlink: /home/xmedia/ros2_foxy/install/rtabmap_ros/share/ament_index/resource_index/parent_prefix_path/rtabmap_ros
[0.163s] -- Up-to-date symlink: /home/xmedia/ros2_foxy/install/rtabmap_ros/share/rtabmap_ros/environment/ament_prefix_path.sh
[0.164s] -- Up-to-date symlink: /home/xmedia/ros2_foxy/install/rtabmap_ros/share/rtabmap_ros/environment/ament_prefix_path.dsv
[0.165s] -- Up-to-date symlink: /home/xmedia/ros2_foxy/install/rtabmap_ros/share/rtabmap_ros/environment/path.sh
[0.166s] -- Up-to-date symlink: /home/xmedia/ros2_foxy/install/rtabmap_ros/share/rtabmap_ros/environment/path.dsv
[0.167s] -- Up-to-date symlink: /home/xmedia/ros2_foxy/install/rtabmap_ros/share/rtabmap_ros/local_setup.bash
[0.167s] -- Up-to-date symlink: /home/xmedia/ros2_foxy/install/rtabmap_ros/share/rtabmap_ros/local_setup.sh
[0.168s] -- Up-to-date symlink: /home/xmedia/ros2_foxy/install/rtabmap_ros/share/rtabmap_ros/local_setup.zsh
[0.170s] -- Up-to-date symlink: /home/xmedia/ros2_foxy/install/rtabmap_ros/share/rtabmap_ros/local_setup.dsv
[0.171s] -- Symlinking: /home/xmedia/ros2_foxy/install/rtabmap_ros/share/rtabmap_ros/package.dsv
[0.184s] -- Up-to-date symlink: /home/xmedia/ros2_foxy/install/rtabmap_ros/share/ament_index/resource_index/packages/rtabmap_ros
[0.186s] -- Up-to-date symlink: /home/xmedia/ros2_foxy/install/rtabmap_ros/share/rtabmap_ros/cmake/rtabmap_rosConfig.cmake
[0.188s] -- Up-to-date symlink: /home/xmedia/ros2_foxy/install/rtabmap_ros/share/rtabmap_ros/cmake/rtabmap_rosConfig-version.cmake
[0.189s] -- Up-to-date symlink: /home/xmedia/ros2_foxy/install/rtabmap_ros/share/rtabmap_ros/package.xml
[0.202s] Invoked command in '/home/xmedia/ros2_foxy/build/rtabmap_ros' returned '0': CMAKE_PREFIX_PATH=${CMAKE_PREFIX_PATH}:/opt/ros/foxy /usr/bin/cmake --install /home/xmedia/ros2_foxy/build/rtabmap_ros
