-- The C compiler identification is GNU 9.4.0
-- The CXX compiler identification is GNU 9.4.0
-- Check for working C compiler: /usr/bin/cc
-- Check for working C compiler: /usr/bin/cc -- works
-- Detecting C compiler ABI info
-- Detecting C compiler ABI info - done
-- Detecting C compile features
-- Detecting C compile features - done
-- Check for working CXX compiler: /usr/bin/c++
-- Check for working CXX compiler: /usr/bin/c++ -- works
-- Detecting CXX compiler ABI info
-- Detecting CXX compiler ABI info - done
-- Detecting CXX compile features
-- Detecting CXX compile features - done
-- Found ament_cmake: 0.9.12 (/opt/ros/foxy/share/ament_cmake/cmake)
-- Found PythonInterp: /usr/bin/python3 (found suitable version "3.8.10", minimum required is "3") 
-- Using PYTHON_EXECUTABLE: /usr/bin/python3
-- Override CMake install command with custom implementation using symlinks instead of copying resources
-- Found rclcpp: 2.4.3 (/opt/ros/foxy/share/rclcpp/cmake)
-- Using all available rosidl_typesupport_c: rosidl_typesupport_fastrtps_c;rosidl_typesupport_introspection_c
-- Found rosidl_adapter: 1.3.1 (/opt/ros/foxy/share/rosidl_adapter/cmake)
-- Found OpenSSL: /usr/lib/x86_64-linux-gnu/libcrypto.so (found version "1.1.1f")  
-- Found FastRTPS: /opt/ros/foxy/include  
-- Using all available rosidl_typesupport_cpp: rosidl_typesupport_fastrtps_cpp;rosidl_typesupport_introspection_cpp
-- Found rmw_implementation_cmake: 1.0.4 (/opt/ros/foxy/share/rmw_implementation_cmake/cmake)
-- Using RMW implementation 'rmw_fastrtps_cpp' as default
-- Looking for pthread.h
-- Looking for pthread.h - found
-- Performing Test CMAKE_HAVE_LIBC_PTHREAD
-- Performing Test CMAKE_HAVE_LIBC_PTHREAD - Failed
-- Looking for pthread_create in pthreads
-- Looking for pthread_create in pthreads - not found
-- Looking for pthread_create in pthread
-- Looking for pthread_create in pthread - found
-- Found Threads: TRUE  
-- Found sensor_msgs: 2.0.5 (/opt/ros/foxy/share/sensor_msgs/cmake)
-- Found octomap_msgs: 2.0.0 (/opt/ros/foxy/share/octomap_msgs/cmake)
-- Found pcl_conversions: 2.2.1 (/opt/ros/foxy/share/pcl_conversions/cmake)
-- Found pcl_ros: 2.2.1 (/opt/ros/foxy/share/pcl_ros/cmake)
-- Found eigen3_cmake_module: 0.1.1 (/opt/ros/foxy/share/eigen3_cmake_module/cmake)
-- Found Eigen3: TRUE (found version "3.3.7") 
-- Checking for module 'eigen3'
--   Found eigen3, version 3.3.7
-- Found Eigen: /usr/include/eigen3 (Required is at least version "3.1") 
-- Eigen found (include: /usr/include/eigen3, version: 3.3.7)
-- Checking for module 'flann'
--   Found flann, version 1.9.1
-- Found FLANN: /usr/lib/x86_64-linux-gnu/libflann_cpp.so  
-- The imported target "vtkParseOGLExt" references the file
   "/usr/bin/vtkParseOGLExt-7.1"
but this file does not exist.  Possible reasons include:
* The file was deleted, renamed, or moved to another location.
* An install or uninstall procedure did not complete successfully.
* The installation package was faulty and contained
   "/usr/lib/cmake/vtk-7.1/VTKTargets.cmake"
but not all the files it references.

-- The imported target "vtkRenderingPythonTkWidgets" references the file
   "/usr/lib/x86_64-linux-gnu/libvtkRenderingPythonTkWidgets.so"
but this file does not exist.  Possible reasons include:
* The file was deleted, renamed, or moved to another location.
* An install or uninstall procedure did not complete successfully.
* The installation package was faulty and contained
   "/usr/lib/cmake/vtk-7.1/VTKTargets.cmake"
but not all the files it references.

-- The imported target "vtk" references the file
   "/usr/bin/vtk"
but this file does not exist.  Possible reasons include:
* The file was deleted, renamed, or moved to another location.
* An install or uninstall procedure did not complete successfully.
* The installation package was faulty and contained
   "/usr/lib/cmake/vtk-7.1/VTKTargets.cmake"
but not all the files it references.

-- The imported target "pvtk" references the file
   "/usr/bin/pvtk"
but this file does not exist.  Possible reasons include:
* The file was deleted, renamed, or moved to another location.
* An install or uninstall procedure did not complete successfully.
* The installation package was faulty and contained
   "/usr/lib/cmake/vtk-7.1/VTKTargets.cmake"
but not all the files it references.

-- Checking for module 'libusb-1.0'
--   Found libusb-1.0, version 1.0.23
-- Found USB_10: /usr/lib/x86_64-linux-gnu/libusb-1.0.so  
-- OpenNI found (include: /usr/include/ni, lib: /usr/lib/libOpenNI.so)
-- OpenNI2 found (include: /usr/include/openni2, lib: /usr/lib/libOpenNI2.so)
-- Found libusb-1.0: /usr/include  
-- OpenNI found (include: /usr/include/ni, lib: /usr/lib/libOpenNI.so)
-- OpenNI2 found (include: /usr/include/openni2, lib: /usr/lib/libOpenNI2.so)
-- Found Qhull: optimized;/usr/lib/x86_64-linux-gnu/libqhull.so;debug;/usr/lib/x86_64-linux-gnu/libqhull.so  
-- QHULL found (include: /usr/include, lib: optimized;/usr/lib/x86_64-linux-gnu/libqhull.so;debug;/usr/lib/x86_64-linux-gnu/libqhull.so)
-- OpenNI found (include: /usr/include/ni, lib: /usr/lib/libOpenNI.so)
-- Found PCL_COMMON: /usr/lib/x86_64-linux-gnu/libpcl_common.so  
-- Found PCL_KDTREE: /usr/lib/x86_64-linux-gnu/libpcl_kdtree.so  
-- Found PCL_OCTREE: /usr/lib/x86_64-linux-gnu/libpcl_octree.so  
-- Found PCL_SEARCH: /usr/lib/x86_64-linux-gnu/libpcl_search.so  
-- Found PCL_SAMPLE_CONSENSUS: /usr/lib/x86_64-linux-gnu/libpcl_sample_consensus.so  
-- Found PCL_FILTERS: /usr/lib/x86_64-linux-gnu/libpcl_filters.so  
-- Found PCL_2D: /usr/include/pcl-1.10  
-- Found PCL_GEOMETRY: /usr/include/pcl-1.10  
-- Found PCL_IO: /usr/lib/x86_64-linux-gnu/libpcl_io.so  
-- Found PCL_FEATURES: /usr/lib/x86_64-linux-gnu/libpcl_features.so  
-- Found PCL_ML: /usr/lib/x86_64-linux-gnu/libpcl_ml.so  
-- Found PCL_SEGMENTATION: /usr/lib/x86_64-linux-gnu/libpcl_segmentation.so  
-- Found PCL_VISUALIZATION: /usr/lib/x86_64-linux-gnu/libpcl_visualization.so  
-- Found PCL_SURFACE: /usr/lib/x86_64-linux-gnu/libpcl_surface.so  
-- Found PCL_REGISTRATION: /usr/lib/x86_64-linux-gnu/libpcl_registration.so  
-- Found PCL_KEYPOINTS: /usr/lib/x86_64-linux-gnu/libpcl_keypoints.so  
-- Found PCL_TRACKING: /usr/lib/x86_64-linux-gnu/libpcl_tracking.so  
-- Found PCL_RECOGNITION: /usr/lib/x86_64-linux-gnu/libpcl_recognition.so  
-- Found PCL_STEREO: /usr/lib/x86_64-linux-gnu/libpcl_stereo.so  
-- Found PCL_APPS: /usr/lib/x86_64-linux-gnu/libpcl_apps.so  
-- Found PCL_IN_HAND_SCANNER: /usr/include/pcl-1.10  
-- Found PCL_POINT_CLOUD_EDITOR: /usr/include/pcl-1.10  
-- Found PCL_OUTOFCORE: /usr/lib/x86_64-linux-gnu/libpcl_outofcore.so  
-- Found PCL_PEOPLE: /usr/lib/x86_64-linux-gnu/libpcl_people.so  
-- Found std_srvs: 2.0.5 (/opt/ros/foxy/share/std_srvs/cmake)
-- Configuring done
-- Generating done
-- Build files have been written to: /home/xmedia/ros2_foxy/build/unitree_lidar_mapping
[35m[1mScanning dependencies of target lidar_imu_tf_node[0m
[35m[1mScanning dependencies of target lidar_mapping_node[0m
[ 25%] [32mBuilding CXX object CMakeFiles/lidar_mapping_node.dir/src/lidar_mapping_node.cpp.o[0m
[ 50%] [32mBuilding CXX object CMakeFiles/lidar_imu_tf_node.dir/src/lidar_imu_tf_node.cpp.o[0m
[ 75%] [32m[1mLinking CXX executable lidar_imu_tf_node[0m
[ 75%] Built target lidar_imu_tf_node
[100%] [32m[1mLinking CXX executable lidar_mapping_node[0m
[100%] Built target lidar_mapping_node
-- Install configuration: "Release"
-- Execute custom install script
-- Symlinking: /home/xmedia/ros2_foxy/install/unitree_lidar_mapping/lib/unitree_lidar_mapping/lidar_mapping_node
-- Symlinking: /home/xmedia/ros2_foxy/install/unitree_lidar_mapping/share/unitree_lidar_mapping/launch/lidar_mapping_launch.py
-- Symlinking: /home/xmedia/ros2_foxy/install/unitree_lidar_mapping/share/unitree_lidar_mapping/config/mapping_config.rviz
-- Symlinking: /home/xmedia/ros2_foxy/install/unitree_lidar_mapping/lib/unitree_lidar_mapping/lidar_imu_tf_node
-- Symlinking: /home/xmedia/ros2_foxy/install/unitree_lidar_mapping/share/ament_index/resource_index/package_run_dependencies/unitree_lidar_mapping
-- Symlinking: /home/xmedia/ros2_foxy/install/unitree_lidar_mapping/share/ament_index/resource_index/parent_prefix_path/unitree_lidar_mapping
-- Symlinking: /home/xmedia/ros2_foxy/install/unitree_lidar_mapping/share/unitree_lidar_mapping/environment/ament_prefix_path.sh
-- Symlinking: /home/xmedia/ros2_foxy/install/unitree_lidar_mapping/share/unitree_lidar_mapping/environment/ament_prefix_path.dsv
-- Symlinking: /home/xmedia/ros2_foxy/install/unitree_lidar_mapping/share/unitree_lidar_mapping/environment/path.sh
-- Symlinking: /home/xmedia/ros2_foxy/install/unitree_lidar_mapping/share/unitree_lidar_mapping/environment/path.dsv
-- Symlinking: /home/xmedia/ros2_foxy/install/unitree_lidar_mapping/share/unitree_lidar_mapping/local_setup.bash
-- Symlinking: /home/xmedia/ros2_foxy/install/unitree_lidar_mapping/share/unitree_lidar_mapping/local_setup.sh
-- Symlinking: /home/xmedia/ros2_foxy/install/unitree_lidar_mapping/share/unitree_lidar_mapping/local_setup.zsh
-- Symlinking: /home/xmedia/ros2_foxy/install/unitree_lidar_mapping/share/unitree_lidar_mapping/local_setup.dsv
-- Symlinking: /home/xmedia/ros2_foxy/install/unitree_lidar_mapping/share/unitree_lidar_mapping/package.dsv
-- Symlinking: /home/xmedia/ros2_foxy/install/unitree_lidar_mapping/share/ament_index/resource_index/packages/unitree_lidar_mapping
-- Symlinking: /home/xmedia/ros2_foxy/install/unitree_lidar_mapping/share/unitree_lidar_mapping/cmake/unitree_lidar_mappingConfig.cmake
-- Symlinking: /home/xmedia/ros2_foxy/install/unitree_lidar_mapping/share/unitree_lidar_mapping/cmake/unitree_lidar_mappingConfig-version.cmake
-- Symlinking: /home/xmedia/ros2_foxy/install/unitree_lidar_mapping/share/unitree_lidar_mapping/package.xml
