-- The C compiler identification is GNU 9.4.0
-- The CXX compiler identification is GNU 9.4.0
-- Check for working C compiler: /usr/bin/cc
-- Check for working C compiler: /usr/bin/cc -- works
-- Detecting C compiler ABI info
-- Detecting C compiler ABI info - done
-- Detecting C compile features
-- Detecting C compile features - done
-- Check for working CXX compiler: /usr/bin/c++
-- Check for working CXX compiler: /usr/bin/c++ -- works
-- Detecting CXX compiler ABI info
-- Detecting CXX compiler ABI info - done
-- Detecting CXX compile features
-- Detecting CXX compile features - done
-- Configuring done
-- Generating done
-- Build files have been written to: /home/xmedia/ros2_foxy/build/unitree_lidar_sdk
[35m[1mScanning dependencies of target unilidar_subscriber_udp[0m
[35m[1mScanning dependencies of target unilidar_publisher_udp[0m
[ 12%] [32mBuilding CXX object CMakeFiles/unilidar_publisher_udp.dir/examples/unilidar_publisher_udp.cpp.o[0m
[35m[1mScanning dependencies of target example_lidar_udp[0m
[ 25%] [32mBuilding CXX object CMakeFiles/unilidar_subscriber_udp.dir/examples/unilidar_subscriber_udp.cpp.o[0m
[35m[1mScanning dependencies of target example_lidar[0m
[ 37%] [32mBuilding CXX object CMakeFiles/example_lidar_udp.dir/examples/example_lidar_udp.cpp.o[0m
[ 50%] [32mBuilding CXX object CMakeFiles/example_lidar.dir/examples/example_lidar.cpp.o[0m
[ 62%] [32m[1mLinking CXX executable /home/xmedia/ros2_foxy/src/unilidar_sdk/unitree_lidar_sdk/bin/unilidar_publisher_udp[0m
[ 75%] [32m[1mLinking CXX executable /home/xmedia/ros2_foxy/src/unilidar_sdk/unitree_lidar_sdk/bin/unilidar_subscriber_udp[0m
[ 87%] [32m[1mLinking CXX executable /home/xmedia/ros2_foxy/src/unilidar_sdk/unitree_lidar_sdk/bin/example_lidar_udp[0m
[100%] [32m[1mLinking CXX executable /home/xmedia/ros2_foxy/src/unilidar_sdk/unitree_lidar_sdk/bin/example_lidar[0m
[100%] Built target unilidar_subscriber_udp
[100%] Built target unilidar_publisher_udp
[100%] Built target example_lidar_udp
[100%] Built target example_lidar
