[0.192s] DEBUG:colcon:Command line arguments: ['/usr/bin/colcon', 'build']
[0.192s] DEBUG:colcon:Parsed command line arguments: Namespace(allow_overriding=[], ament_cmake_args=None, base_paths=['.'], build_base='build', catkin_cmake_args=None, catkin_skip_building_tests=False, cmake_args=None, cmake_clean_cache=False, cmake_clean_first=False, cmake_force_configure=False, cmake_target=None, cmake_target_skip_unavailable=False, continue_on_error=False, event_handlers=None, executor='parallel', ignore_user_meta=False, install_base='install', log_base=None, log_level=None, main=<bound method BuildVerb.main of <colcon_core.verb.build.BuildVerb object at 0x7fcf243a7580>>, merge_install=False, metas=['./colcon.meta'], mixin=None, mixin_files=None, mixin_verb=('build',), packages_above=None, packages_above_and_dependencies=None, packages_above_depth=None, packages_end=None, packages_ignore=None, packages_ignore_regex=None, packages_select=None, packages_select_build_failed=False, packages_select_by_dep=None, packages_select_regex=None, packages_select_test_failures=False, packages_skip=None, packages_skip_build_finished=False, packages_skip_by_dep=None, packages_skip_regex=None, packages_skip_test_passed=False, packages_skip_up_to=None, packages_start=None, packages_up_to=None, packages_up_to_regex=None, parallel_workers=4, paths=None, symlink_install=False, test_result_base=None, verb_extension=<colcon_core.verb.build.BuildVerb object at 0x7fcf243a7580>, verb_name='build', verb_parser=<colcon_mixin.mixin.mixin_argument.MixinArgumentDecorator object at 0x7fcf2430d040>)
[0.359s] Level 1:colcon.colcon_core.package_discovery:discover_packages(colcon_meta) check parameters
[0.359s] Level 1:colcon.colcon_core.package_discovery:discover_packages(recursive) check parameters
[0.360s] Level 1:colcon.colcon_core.package_discovery:discover_packages(ignore) check parameters
[0.360s] Level 1:colcon.colcon_core.package_discovery:discover_packages(path) check parameters
[0.360s] Level 1:colcon.colcon_core.package_discovery:discover_packages(colcon_meta) discover
[0.360s] Level 1:colcon.colcon_core.package_discovery:discover_packages(recursive) discover
[0.360s] INFO:colcon.colcon_core.package_discovery:Crawling recursively for packages in '/home/xmedia/ros2_foxy'
[0.360s] Level 1:colcon.colcon_core.package_identification:_identify(.) by extensions ['ignore', 'ignore_ament_install']
[0.360s] Level 1:colcon.colcon_core.package_identification:_identify(.) by extension 'ignore'
[0.360s] Level 1:colcon.colcon_core.package_identification:_identify(.) by extension 'ignore_ament_install'
[0.360s] Level 1:colcon.colcon_core.package_identification:_identify(.) by extensions ['colcon_pkg']
[0.360s] Level 1:colcon.colcon_core.package_identification:_identify(.) by extension 'colcon_pkg'
[0.360s] Level 1:colcon.colcon_core.package_identification:_identify(.) by extensions ['colcon_meta']
[0.360s] Level 1:colcon.colcon_core.package_identification:_identify(.) by extension 'colcon_meta'
[0.360s] Level 1:colcon.colcon_core.package_identification:_identify(.) by extensions ['ros']
[0.360s] Level 1:colcon.colcon_core.package_identification:_identify(.) by extension 'ros'
[0.373s] Level 1:colcon.colcon_core.package_identification:_identify(.) by extensions ['cmake', 'python']
[0.374s] Level 1:colcon.colcon_core.package_identification:_identify(.) by extension 'cmake'
[0.374s] Level 1:colcon.colcon_core.package_identification:_identify(.) by extension 'python'
[0.374s] Level 1:colcon.colcon_core.package_identification:_identify(.) by extensions ['python_setup_py']
[0.374s] Level 1:colcon.colcon_core.package_identification:_identify(.) by extension 'python_setup_py'
[0.374s] Level 1:colcon.colcon_core.package_identification:_identify(build) by extensions ['ignore', 'ignore_ament_install']
[0.374s] Level 1:colcon.colcon_core.package_identification:_identify(build) by extension 'ignore'
[0.374s] Level 1:colcon.colcon_core.package_identification:_identify(build) ignored
[0.374s] Level 1:colcon.colcon_core.package_identification:_identify(install) by extensions ['ignore', 'ignore_ament_install']
[0.374s] Level 1:colcon.colcon_core.package_identification:_identify(install) by extension 'ignore'
[0.374s] Level 1:colcon.colcon_core.package_identification:_identify(install) ignored
[0.375s] Level 1:colcon.colcon_core.package_identification:_identify(log) by extensions ['ignore', 'ignore_ament_install']
[0.375s] Level 1:colcon.colcon_core.package_identification:_identify(log) by extension 'ignore'
[0.375s] Level 1:colcon.colcon_core.package_identification:_identify(log) ignored
[0.375s] Level 1:colcon.colcon_core.package_identification:_identify(maps) by extensions ['ignore', 'ignore_ament_install']
[0.375s] Level 1:colcon.colcon_core.package_identification:_identify(maps) by extension 'ignore'
[0.375s] Level 1:colcon.colcon_core.package_identification:_identify(maps) by extension 'ignore_ament_install'
[0.375s] Level 1:colcon.colcon_core.package_identification:_identify(maps) by extensions ['colcon_pkg']
[0.375s] Level 1:colcon.colcon_core.package_identification:_identify(maps) by extension 'colcon_pkg'
[0.375s] Level 1:colcon.colcon_core.package_identification:_identify(maps) by extensions ['colcon_meta']
[0.375s] Level 1:colcon.colcon_core.package_identification:_identify(maps) by extension 'colcon_meta'
[0.375s] Level 1:colcon.colcon_core.package_identification:_identify(maps) by extensions ['ros']
[0.375s] Level 1:colcon.colcon_core.package_identification:_identify(maps) by extension 'ros'
[0.376s] Level 1:colcon.colcon_core.package_identification:_identify(maps) by extensions ['cmake', 'python']
[0.376s] Level 1:colcon.colcon_core.package_identification:_identify(maps) by extension 'cmake'
[0.376s] Level 1:colcon.colcon_core.package_identification:_identify(maps) by extension 'python'
[0.376s] Level 1:colcon.colcon_core.package_identification:_identify(maps) by extensions ['python_setup_py']
[0.376s] Level 1:colcon.colcon_core.package_identification:_identify(maps) by extension 'python_setup_py'
[0.376s] Level 1:colcon.colcon_core.package_identification:_identify(src) by extensions ['ignore', 'ignore_ament_install']
[0.376s] Level 1:colcon.colcon_core.package_identification:_identify(src) by extension 'ignore'
[0.376s] Level 1:colcon.colcon_core.package_identification:_identify(src) by extension 'ignore_ament_install'
[0.376s] Level 1:colcon.colcon_core.package_identification:_identify(src) by extensions ['colcon_pkg']
[0.376s] Level 1:colcon.colcon_core.package_identification:_identify(src) by extension 'colcon_pkg'
[0.376s] Level 1:colcon.colcon_core.package_identification:_identify(src) by extensions ['colcon_meta']
[0.376s] Level 1:colcon.colcon_core.package_identification:_identify(src) by extension 'colcon_meta'
[0.376s] Level 1:colcon.colcon_core.package_identification:_identify(src) by extensions ['ros']
[0.377s] Level 1:colcon.colcon_core.package_identification:_identify(src) by extension 'ros'
[0.377s] Level 1:colcon.colcon_core.package_identification:_identify(src) by extensions ['cmake', 'python']
[0.377s] Level 1:colcon.colcon_core.package_identification:_identify(src) by extension 'cmake'
[0.377s] Level 1:colcon.colcon_core.package_identification:_identify(src) by extension 'python'
[0.377s] Level 1:colcon.colcon_core.package_identification:_identify(src) by extensions ['python_setup_py']
[0.377s] Level 1:colcon.colcon_core.package_identification:_identify(src) by extension 'python_setup_py'
[0.377s] Level 1:colcon.colcon_core.package_identification:_identify(src/lio_sam) by extensions ['ignore', 'ignore_ament_install']
[0.377s] Level 1:colcon.colcon_core.package_identification:_identify(src/lio_sam) by extension 'ignore'
[0.377s] Level 1:colcon.colcon_core.package_identification:_identify(src/lio_sam) by extension 'ignore_ament_install'
[0.377s] Level 1:colcon.colcon_core.package_identification:_identify(src/lio_sam) by extensions ['colcon_pkg']
[0.377s] Level 1:colcon.colcon_core.package_identification:_identify(src/lio_sam) by extension 'colcon_pkg'
[0.377s] Level 1:colcon.colcon_core.package_identification:_identify(src/lio_sam) by extensions ['colcon_meta']
[0.377s] Level 1:colcon.colcon_core.package_identification:_identify(src/lio_sam) by extension 'colcon_meta'
[0.378s] Level 1:colcon.colcon_core.package_identification:_identify(src/lio_sam) by extensions ['ros']
[0.378s] Level 1:colcon.colcon_core.package_identification:_identify(src/lio_sam) by extension 'ros'
[0.382s] DEBUG:colcon.colcon_core.package_identification:Package 'src/lio_sam' with type 'ros.ament_cmake' and name 'lio_sam'
[0.382s] Level 1:colcon.colcon_core.package_identification:_identify(src/rtabmap_ros) by extensions ['ignore', 'ignore_ament_install']
[0.383s] Level 1:colcon.colcon_core.package_identification:_identify(src/rtabmap_ros) by extension 'ignore'
[0.383s] Level 1:colcon.colcon_core.package_identification:_identify(src/rtabmap_ros) by extension 'ignore_ament_install'
[0.383s] Level 1:colcon.colcon_core.package_identification:_identify(src/rtabmap_ros) by extensions ['colcon_pkg']
[0.383s] Level 1:colcon.colcon_core.package_identification:_identify(src/rtabmap_ros) by extension 'colcon_pkg'
[0.383s] Level 1:colcon.colcon_core.package_identification:_identify(src/rtabmap_ros) by extensions ['colcon_meta']
[0.383s] Level 1:colcon.colcon_core.package_identification:_identify(src/rtabmap_ros) by extension 'colcon_meta'
[0.383s] Level 1:colcon.colcon_core.package_identification:_identify(src/rtabmap_ros) by extensions ['ros']
[0.383s] Level 1:colcon.colcon_core.package_identification:_identify(src/rtabmap_ros) by extension 'ros'
[0.385s] DEBUG:colcon.colcon_core.package_identification:Package 'src/rtabmap_ros' with type 'ros.ament_cmake' and name 'rtabmap_ros'
[0.385s] Level 1:colcon.colcon_core.package_identification:_identify(src/unilidar_sdk) by extensions ['ignore', 'ignore_ament_install']
[0.385s] Level 1:colcon.colcon_core.package_identification:_identify(src/unilidar_sdk) by extension 'ignore'
[0.385s] Level 1:colcon.colcon_core.package_identification:_identify(src/unilidar_sdk) by extension 'ignore_ament_install'
[0.385s] Level 1:colcon.colcon_core.package_identification:_identify(src/unilidar_sdk) by extensions ['colcon_pkg']
[0.385s] Level 1:colcon.colcon_core.package_identification:_identify(src/unilidar_sdk) by extension 'colcon_pkg'
[0.385s] Level 1:colcon.colcon_core.package_identification:_identify(src/unilidar_sdk) by extensions ['colcon_meta']
[0.385s] Level 1:colcon.colcon_core.package_identification:_identify(src/unilidar_sdk) by extension 'colcon_meta'
[0.386s] Level 1:colcon.colcon_core.package_identification:_identify(src/unilidar_sdk) by extensions ['ros']
[0.386s] Level 1:colcon.colcon_core.package_identification:_identify(src/unilidar_sdk) by extension 'ros'
[0.386s] Level 1:colcon.colcon_core.package_identification:_identify(src/unilidar_sdk) by extensions ['cmake', 'python']
[0.386s] Level 1:colcon.colcon_core.package_identification:_identify(src/unilidar_sdk) by extension 'cmake'
[0.386s] Level 1:colcon.colcon_core.package_identification:_identify(src/unilidar_sdk) by extension 'python'
[0.386s] Level 1:colcon.colcon_core.package_identification:_identify(src/unilidar_sdk) by extensions ['python_setup_py']
[0.386s] Level 1:colcon.colcon_core.package_identification:_identify(src/unilidar_sdk) by extension 'python_setup_py'
[0.386s] Level 1:colcon.colcon_core.package_identification:_identify(src/unilidar_sdk/docs) by extensions ['ignore', 'ignore_ament_install']
[0.386s] Level 1:colcon.colcon_core.package_identification:_identify(src/unilidar_sdk/docs) by extension 'ignore'
[0.386s] Level 1:colcon.colcon_core.package_identification:_identify(src/unilidar_sdk/docs) by extension 'ignore_ament_install'
[0.386s] Level 1:colcon.colcon_core.package_identification:_identify(src/unilidar_sdk/docs) by extensions ['colcon_pkg']
[0.386s] Level 1:colcon.colcon_core.package_identification:_identify(src/unilidar_sdk/docs) by extension 'colcon_pkg'
[0.386s] Level 1:colcon.colcon_core.package_identification:_identify(src/unilidar_sdk/docs) by extensions ['colcon_meta']
[0.387s] Level 1:colcon.colcon_core.package_identification:_identify(src/unilidar_sdk/docs) by extension 'colcon_meta'
[0.387s] Level 1:colcon.colcon_core.package_identification:_identify(src/unilidar_sdk/docs) by extensions ['ros']
[0.387s] Level 1:colcon.colcon_core.package_identification:_identify(src/unilidar_sdk/docs) by extension 'ros'
[0.387s] Level 1:colcon.colcon_core.package_identification:_identify(src/unilidar_sdk/docs) by extensions ['cmake', 'python']
[0.387s] Level 1:colcon.colcon_core.package_identification:_identify(src/unilidar_sdk/docs) by extension 'cmake'
[0.387s] Level 1:colcon.colcon_core.package_identification:_identify(src/unilidar_sdk/docs) by extension 'python'
[0.387s] Level 1:colcon.colcon_core.package_identification:_identify(src/unilidar_sdk/docs) by extensions ['python_setup_py']
[0.387s] Level 1:colcon.colcon_core.package_identification:_identify(src/unilidar_sdk/docs) by extension 'python_setup_py'
[0.387s] Level 1:colcon.colcon_core.package_identification:_identify(src/unilidar_sdk/unitree_lidar_ros2) by extensions ['ignore', 'ignore_ament_install']
[0.387s] Level 1:colcon.colcon_core.package_identification:_identify(src/unilidar_sdk/unitree_lidar_ros2) by extension 'ignore'
[0.387s] Level 1:colcon.colcon_core.package_identification:_identify(src/unilidar_sdk/unitree_lidar_ros2) by extension 'ignore_ament_install'
[0.387s] Level 1:colcon.colcon_core.package_identification:_identify(src/unilidar_sdk/unitree_lidar_ros2) by extensions ['colcon_pkg']
[0.387s] Level 1:colcon.colcon_core.package_identification:_identify(src/unilidar_sdk/unitree_lidar_ros2) by extension 'colcon_pkg'
[0.387s] Level 1:colcon.colcon_core.package_identification:_identify(src/unilidar_sdk/unitree_lidar_ros2) by extensions ['colcon_meta']
[0.387s] Level 1:colcon.colcon_core.package_identification:_identify(src/unilidar_sdk/unitree_lidar_ros2) by extension 'colcon_meta'
[0.387s] Level 1:colcon.colcon_core.package_identification:_identify(src/unilidar_sdk/unitree_lidar_ros2) by extensions ['ros']
[0.388s] Level 1:colcon.colcon_core.package_identification:_identify(src/unilidar_sdk/unitree_lidar_ros2) by extension 'ros'
[0.388s] Level 1:colcon.colcon_core.package_identification:_identify(src/unilidar_sdk/unitree_lidar_ros2) by extensions ['cmake', 'python']
[0.388s] Level 1:colcon.colcon_core.package_identification:_identify(src/unilidar_sdk/unitree_lidar_ros2) by extension 'cmake'
[0.388s] Level 1:colcon.colcon_core.package_identification:_identify(src/unilidar_sdk/unitree_lidar_ros2) by extension 'python'
[0.388s] Level 1:colcon.colcon_core.package_identification:_identify(src/unilidar_sdk/unitree_lidar_ros2) by extensions ['python_setup_py']
[0.388s] Level 1:colcon.colcon_core.package_identification:_identify(src/unilidar_sdk/unitree_lidar_ros2) by extension 'python_setup_py'
[0.388s] Level 1:colcon.colcon_core.package_identification:_identify(src/unilidar_sdk/unitree_lidar_ros2/build) by extensions ['ignore', 'ignore_ament_install']
[0.388s] Level 1:colcon.colcon_core.package_identification:_identify(src/unilidar_sdk/unitree_lidar_ros2/build) by extension 'ignore'
[0.388s] Level 1:colcon.colcon_core.package_identification:_identify(src/unilidar_sdk/unitree_lidar_ros2/build) ignored
[0.388s] Level 1:colcon.colcon_core.package_identification:_identify(src/unilidar_sdk/unitree_lidar_ros2/install) by extensions ['ignore', 'ignore_ament_install']
[0.388s] Level 1:colcon.colcon_core.package_identification:_identify(src/unilidar_sdk/unitree_lidar_ros2/install) by extension 'ignore'
[0.388s] Level 1:colcon.colcon_core.package_identification:_identify(src/unilidar_sdk/unitree_lidar_ros2/install) ignored
[0.388s] Level 1:colcon.colcon_core.package_identification:_identify(src/unilidar_sdk/unitree_lidar_ros2/log) by extensions ['ignore', 'ignore_ament_install']
[0.388s] Level 1:colcon.colcon_core.package_identification:_identify(src/unilidar_sdk/unitree_lidar_ros2/log) by extension 'ignore'
[0.388s] Level 1:colcon.colcon_core.package_identification:_identify(src/unilidar_sdk/unitree_lidar_ros2/log) ignored
[0.389s] Level 1:colcon.colcon_core.package_identification:_identify(src/unilidar_sdk/unitree_lidar_ros2/src) by extensions ['ignore', 'ignore_ament_install']
[0.389s] Level 1:colcon.colcon_core.package_identification:_identify(src/unilidar_sdk/unitree_lidar_ros2/src) by extension 'ignore'
[0.389s] Level 1:colcon.colcon_core.package_identification:_identify(src/unilidar_sdk/unitree_lidar_ros2/src) by extension 'ignore_ament_install'
[0.389s] Level 1:colcon.colcon_core.package_identification:_identify(src/unilidar_sdk/unitree_lidar_ros2/src) by extensions ['colcon_pkg']
[0.389s] Level 1:colcon.colcon_core.package_identification:_identify(src/unilidar_sdk/unitree_lidar_ros2/src) by extension 'colcon_pkg'
[0.389s] Level 1:colcon.colcon_core.package_identification:_identify(src/unilidar_sdk/unitree_lidar_ros2/src) by extensions ['colcon_meta']
[0.389s] Level 1:colcon.colcon_core.package_identification:_identify(src/unilidar_sdk/unitree_lidar_ros2/src) by extension 'colcon_meta'
[0.389s] Level 1:colcon.colcon_core.package_identification:_identify(src/unilidar_sdk/unitree_lidar_ros2/src) by extensions ['ros']
[0.389s] Level 1:colcon.colcon_core.package_identification:_identify(src/unilidar_sdk/unitree_lidar_ros2/src) by extension 'ros'
[0.389s] Level 1:colcon.colcon_core.package_identification:_identify(src/unilidar_sdk/unitree_lidar_ros2/src) by extensions ['cmake', 'python']
[0.389s] Level 1:colcon.colcon_core.package_identification:_identify(src/unilidar_sdk/unitree_lidar_ros2/src) by extension 'cmake'
[0.389s] Level 1:colcon.colcon_core.package_identification:_identify(src/unilidar_sdk/unitree_lidar_ros2/src) by extension 'python'
[0.389s] Level 1:colcon.colcon_core.package_identification:_identify(src/unilidar_sdk/unitree_lidar_ros2/src) by extensions ['python_setup_py']
[0.389s] Level 1:colcon.colcon_core.package_identification:_identify(src/unilidar_sdk/unitree_lidar_ros2/src) by extension 'python_setup_py'
[0.389s] Level 1:colcon.colcon_core.package_identification:_identify(src/unilidar_sdk/unitree_lidar_ros2/src/unitree_lidar_ros2) by extensions ['ignore', 'ignore_ament_install']
[0.389s] Level 1:colcon.colcon_core.package_identification:_identify(src/unilidar_sdk/unitree_lidar_ros2/src/unitree_lidar_ros2) by extension 'ignore'
[0.389s] Level 1:colcon.colcon_core.package_identification:_identify(src/unilidar_sdk/unitree_lidar_ros2/src/unitree_lidar_ros2) by extension 'ignore_ament_install'
[0.389s] Level 1:colcon.colcon_core.package_identification:_identify(src/unilidar_sdk/unitree_lidar_ros2/src/unitree_lidar_ros2) by extensions ['colcon_pkg']
[0.389s] Level 1:colcon.colcon_core.package_identification:_identify(src/unilidar_sdk/unitree_lidar_ros2/src/unitree_lidar_ros2) by extension 'colcon_pkg'
[0.390s] Level 1:colcon.colcon_core.package_identification:_identify(src/unilidar_sdk/unitree_lidar_ros2/src/unitree_lidar_ros2) by extensions ['colcon_meta']
[0.390s] Level 1:colcon.colcon_core.package_identification:_identify(src/unilidar_sdk/unitree_lidar_ros2/src/unitree_lidar_ros2) by extension 'colcon_meta'
[0.390s] Level 1:colcon.colcon_core.package_identification:_identify(src/unilidar_sdk/unitree_lidar_ros2/src/unitree_lidar_ros2) by extensions ['ros']
[0.390s] Level 1:colcon.colcon_core.package_identification:_identify(src/unilidar_sdk/unitree_lidar_ros2/src/unitree_lidar_ros2) by extension 'ros'
[0.390s] DEBUG:colcon.colcon_core.package_identification:Package 'src/unilidar_sdk/unitree_lidar_ros2/src/unitree_lidar_ros2' with type 'ros.ament_cmake' and name 'unitree_lidar_ros2'
[0.391s] Level 1:colcon.colcon_core.package_identification:_identify(src/unilidar_sdk/unitree_lidar_sdk) by extensions ['ignore', 'ignore_ament_install']
[0.391s] Level 1:colcon.colcon_core.package_identification:_identify(src/unilidar_sdk/unitree_lidar_sdk) by extension 'ignore'
[0.391s] Level 1:colcon.colcon_core.package_identification:_identify(src/unilidar_sdk/unitree_lidar_sdk) by extension 'ignore_ament_install'
[0.391s] Level 1:colcon.colcon_core.package_identification:_identify(src/unilidar_sdk/unitree_lidar_sdk) by extensions ['colcon_pkg']
[0.391s] Level 1:colcon.colcon_core.package_identification:_identify(src/unilidar_sdk/unitree_lidar_sdk) by extension 'colcon_pkg'
[0.391s] Level 1:colcon.colcon_core.package_identification:_identify(src/unilidar_sdk/unitree_lidar_sdk) by extensions ['colcon_meta']
[0.391s] Level 1:colcon.colcon_core.package_identification:_identify(src/unilidar_sdk/unitree_lidar_sdk) by extension 'colcon_meta'
[0.391s] Level 1:colcon.colcon_core.package_identification:_identify(src/unilidar_sdk/unitree_lidar_sdk) by extensions ['ros']
[0.391s] Level 1:colcon.colcon_core.package_identification:_identify(src/unilidar_sdk/unitree_lidar_sdk) by extension 'ros'
[0.391s] Level 1:colcon.colcon_core.package_identification:_identify(src/unilidar_sdk/unitree_lidar_sdk) by extensions ['cmake', 'python']
[0.391s] Level 1:colcon.colcon_core.package_identification:_identify(src/unilidar_sdk/unitree_lidar_sdk) by extension 'cmake'
[0.393s] Level 1:colcon.colcon_core.package_identification:_identify(src/unilidar_sdk/unitree_lidar_sdk) by extension 'python'
[0.393s] DEBUG:colcon.colcon_core.package_identification:Package 'src/unilidar_sdk/unitree_lidar_sdk' with type 'cmake' and name 'unitree_lidar_sdk'
[0.393s] Level 1:colcon.colcon_core.package_identification:_identify(src/unitree_lidar_mapping) by extensions ['ignore', 'ignore_ament_install']
[0.393s] Level 1:colcon.colcon_core.package_identification:_identify(src/unitree_lidar_mapping) by extension 'ignore'
[0.393s] Level 1:colcon.colcon_core.package_identification:_identify(src/unitree_lidar_mapping) by extension 'ignore_ament_install'
[0.393s] Level 1:colcon.colcon_core.package_identification:_identify(src/unitree_lidar_mapping) by extensions ['colcon_pkg']
[0.393s] Level 1:colcon.colcon_core.package_identification:_identify(src/unitree_lidar_mapping) by extension 'colcon_pkg'
[0.393s] Level 1:colcon.colcon_core.package_identification:_identify(src/unitree_lidar_mapping) by extensions ['colcon_meta']
[0.393s] Level 1:colcon.colcon_core.package_identification:_identify(src/unitree_lidar_mapping) by extension 'colcon_meta'
[0.393s] Level 1:colcon.colcon_core.package_identification:_identify(src/unitree_lidar_mapping) by extensions ['ros']
[0.393s] Level 1:colcon.colcon_core.package_identification:_identify(src/unitree_lidar_mapping) by extension 'ros'
[0.394s] DEBUG:colcon.colcon_core.package_identification:Package 'src/unitree_lidar_mapping' with type 'ros.ament_cmake' and name 'unitree_lidar_mapping'
[0.394s] Level 1:colcon.colcon_core.package_discovery:discover_packages(recursive) using defaults
[0.394s] Level 1:colcon.colcon_core.package_discovery:discover_packages(ignore) discover
[0.394s] Level 1:colcon.colcon_core.package_discovery:discover_packages(ignore) using defaults
[0.394s] Level 1:colcon.colcon_core.package_discovery:discover_packages(path) discover
[0.394s] Level 1:colcon.colcon_core.package_discovery:discover_packages(path) using defaults
[0.411s] Level 1:colcon.colcon_core.package_discovery:discover_packages(prefix_path) check parameters
[0.411s] Level 1:colcon.colcon_core.package_discovery:discover_packages(prefix_path) discover
[0.413s] DEBUG:colcon.colcon_installed_package_information.package_discovery:Found 5 installed packages in /home/xmedia/ros2_foxy/install
[0.415s] DEBUG:colcon.colcon_installed_package_information.package_discovery:Found 335 installed packages in /opt/ros/foxy
[0.432s] Level 1:colcon.colcon_core.package_discovery:discover_packages(prefix_path) using defaults
[0.524s] Level 5:colcon.colcon_core.verb:set package 'lio_sam' build argument 'cmake_args' from command line to 'None'
[0.524s] Level 5:colcon.colcon_core.verb:set package 'lio_sam' build argument 'cmake_target' from command line to 'None'
[0.524s] Level 5:colcon.colcon_core.verb:set package 'lio_sam' build argument 'cmake_target_skip_unavailable' from command line to 'False'
[0.524s] Level 5:colcon.colcon_core.verb:set package 'lio_sam' build argument 'cmake_clean_cache' from command line to 'False'
[0.525s] Level 5:colcon.colcon_core.verb:set package 'lio_sam' build argument 'cmake_clean_first' from command line to 'False'
[0.525s] Level 5:colcon.colcon_core.verb:set package 'lio_sam' build argument 'cmake_force_configure' from command line to 'False'
[0.525s] Level 5:colcon.colcon_core.verb:set package 'lio_sam' build argument 'ament_cmake_args' from command line to 'None'
[0.525s] Level 5:colcon.colcon_core.verb:set package 'lio_sam' build argument 'catkin_cmake_args' from command line to 'None'
[0.525s] Level 5:colcon.colcon_core.verb:set package 'lio_sam' build argument 'catkin_skip_building_tests' from command line to 'False'
[0.525s] DEBUG:colcon.colcon_core.verb:Building package 'lio_sam' with the following arguments: {'ament_cmake_args': None, 'build_base': '/home/xmedia/ros2_foxy/build/lio_sam', 'catkin_cmake_args': None, 'catkin_skip_building_tests': False, 'cmake_args': None, 'cmake_clean_cache': False, 'cmake_clean_first': False, 'cmake_force_configure': False, 'cmake_target': None, 'cmake_target_skip_unavailable': False, 'install_base': '/home/xmedia/ros2_foxy/install/lio_sam', 'merge_install': False, 'path': '/home/xmedia/ros2_foxy/src/lio_sam', 'symlink_install': False, 'test_result_base': None}
[0.525s] Level 5:colcon.colcon_core.verb:set package 'rtabmap_ros' build argument 'cmake_args' from command line to 'None'
[0.525s] Level 5:colcon.colcon_core.verb:set package 'rtabmap_ros' build argument 'cmake_target' from command line to 'None'
[0.525s] Level 5:colcon.colcon_core.verb:set package 'rtabmap_ros' build argument 'cmake_target_skip_unavailable' from command line to 'False'
[0.525s] Level 5:colcon.colcon_core.verb:set package 'rtabmap_ros' build argument 'cmake_clean_cache' from command line to 'False'
[0.525s] Level 5:colcon.colcon_core.verb:set package 'rtabmap_ros' build argument 'cmake_clean_first' from command line to 'False'
[0.525s] Level 5:colcon.colcon_core.verb:set package 'rtabmap_ros' build argument 'cmake_force_configure' from command line to 'False'
[0.525s] Level 5:colcon.colcon_core.verb:set package 'rtabmap_ros' build argument 'ament_cmake_args' from command line to 'None'
[0.525s] Level 5:colcon.colcon_core.verb:set package 'rtabmap_ros' build argument 'catkin_cmake_args' from command line to 'None'
[0.525s] Level 5:colcon.colcon_core.verb:set package 'rtabmap_ros' build argument 'catkin_skip_building_tests' from command line to 'False'
[0.525s] DEBUG:colcon.colcon_core.verb:Building package 'rtabmap_ros' with the following arguments: {'ament_cmake_args': None, 'build_base': '/home/xmedia/ros2_foxy/build/rtabmap_ros', 'catkin_cmake_args': None, 'catkin_skip_building_tests': False, 'cmake_args': None, 'cmake_clean_cache': False, 'cmake_clean_first': False, 'cmake_force_configure': False, 'cmake_target': None, 'cmake_target_skip_unavailable': False, 'install_base': '/home/xmedia/ros2_foxy/install/rtabmap_ros', 'merge_install': False, 'path': '/home/xmedia/ros2_foxy/src/rtabmap_ros', 'symlink_install': False, 'test_result_base': None}
[0.526s] Level 5:colcon.colcon_core.verb:set package 'unitree_lidar_mapping' build argument 'cmake_args' from command line to 'None'
[0.526s] Level 5:colcon.colcon_core.verb:set package 'unitree_lidar_mapping' build argument 'cmake_target' from command line to 'None'
[0.526s] Level 5:colcon.colcon_core.verb:set package 'unitree_lidar_mapping' build argument 'cmake_target_skip_unavailable' from command line to 'False'
[0.526s] Level 5:colcon.colcon_core.verb:set package 'unitree_lidar_mapping' build argument 'cmake_clean_cache' from command line to 'False'
[0.526s] Level 5:colcon.colcon_core.verb:set package 'unitree_lidar_mapping' build argument 'cmake_clean_first' from command line to 'False'
[0.526s] Level 5:colcon.colcon_core.verb:set package 'unitree_lidar_mapping' build argument 'cmake_force_configure' from command line to 'False'
[0.526s] Level 5:colcon.colcon_core.verb:set package 'unitree_lidar_mapping' build argument 'ament_cmake_args' from command line to 'None'
[0.526s] Level 5:colcon.colcon_core.verb:set package 'unitree_lidar_mapping' build argument 'catkin_cmake_args' from command line to 'None'
[0.526s] Level 5:colcon.colcon_core.verb:set package 'unitree_lidar_mapping' build argument 'catkin_skip_building_tests' from command line to 'False'
[0.526s] DEBUG:colcon.colcon_core.verb:Building package 'unitree_lidar_mapping' with the following arguments: {'ament_cmake_args': None, 'build_base': '/home/xmedia/ros2_foxy/build/unitree_lidar_mapping', 'catkin_cmake_args': None, 'catkin_skip_building_tests': False, 'cmake_args': None, 'cmake_clean_cache': False, 'cmake_clean_first': False, 'cmake_force_configure': False, 'cmake_target': None, 'cmake_target_skip_unavailable': False, 'install_base': '/home/xmedia/ros2_foxy/install/unitree_lidar_mapping', 'merge_install': False, 'path': '/home/xmedia/ros2_foxy/src/unitree_lidar_mapping', 'symlink_install': False, 'test_result_base': None}
[0.526s] Level 5:colcon.colcon_core.verb:set package 'unitree_lidar_ros2' build argument 'cmake_args' from command line to 'None'
[0.526s] Level 5:colcon.colcon_core.verb:set package 'unitree_lidar_ros2' build argument 'cmake_target' from command line to 'None'
[0.526s] Level 5:colcon.colcon_core.verb:set package 'unitree_lidar_ros2' build argument 'cmake_target_skip_unavailable' from command line to 'False'
[0.526s] Level 5:colcon.colcon_core.verb:set package 'unitree_lidar_ros2' build argument 'cmake_clean_cache' from command line to 'False'
[0.526s] Level 5:colcon.colcon_core.verb:set package 'unitree_lidar_ros2' build argument 'cmake_clean_first' from command line to 'False'
[0.526s] Level 5:colcon.colcon_core.verb:set package 'unitree_lidar_ros2' build argument 'cmake_force_configure' from command line to 'False'
[0.526s] Level 5:colcon.colcon_core.verb:set package 'unitree_lidar_ros2' build argument 'ament_cmake_args' from command line to 'None'
[0.526s] Level 5:colcon.colcon_core.verb:set package 'unitree_lidar_ros2' build argument 'catkin_cmake_args' from command line to 'None'
[0.526s] Level 5:colcon.colcon_core.verb:set package 'unitree_lidar_ros2' build argument 'catkin_skip_building_tests' from command line to 'False'
[0.527s] DEBUG:colcon.colcon_core.verb:Building package 'unitree_lidar_ros2' with the following arguments: {'ament_cmake_args': None, 'build_base': '/home/xmedia/ros2_foxy/build/unitree_lidar_ros2', 'catkin_cmake_args': None, 'catkin_skip_building_tests': False, 'cmake_args': None, 'cmake_clean_cache': False, 'cmake_clean_first': False, 'cmake_force_configure': False, 'cmake_target': None, 'cmake_target_skip_unavailable': False, 'install_base': '/home/xmedia/ros2_foxy/install/unitree_lidar_ros2', 'merge_install': False, 'path': '/home/xmedia/ros2_foxy/src/unilidar_sdk/unitree_lidar_ros2/src/unitree_lidar_ros2', 'symlink_install': False, 'test_result_base': None}
[0.527s] Level 5:colcon.colcon_core.verb:set package 'unitree_lidar_sdk' build argument 'cmake_args' from command line to 'None'
[0.527s] Level 5:colcon.colcon_core.verb:set package 'unitree_lidar_sdk' build argument 'cmake_target' from command line to 'None'
[0.527s] Level 5:colcon.colcon_core.verb:set package 'unitree_lidar_sdk' build argument 'cmake_target_skip_unavailable' from command line to 'False'
[0.527s] Level 5:colcon.colcon_core.verb:set package 'unitree_lidar_sdk' build argument 'cmake_clean_cache' from command line to 'False'
[0.527s] Level 5:colcon.colcon_core.verb:set package 'unitree_lidar_sdk' build argument 'cmake_clean_first' from command line to 'False'
[0.527s] Level 5:colcon.colcon_core.verb:set package 'unitree_lidar_sdk' build argument 'cmake_force_configure' from command line to 'False'
[0.527s] Level 5:colcon.colcon_core.verb:set package 'unitree_lidar_sdk' build argument 'ament_cmake_args' from command line to 'None'
[0.527s] Level 5:colcon.colcon_core.verb:set package 'unitree_lidar_sdk' build argument 'catkin_cmake_args' from command line to 'None'
[0.527s] Level 5:colcon.colcon_core.verb:set package 'unitree_lidar_sdk' build argument 'catkin_skip_building_tests' from command line to 'False'
[0.527s] DEBUG:colcon.colcon_core.verb:Building package 'unitree_lidar_sdk' with the following arguments: {'ament_cmake_args': None, 'build_base': '/home/xmedia/ros2_foxy/build/unitree_lidar_sdk', 'catkin_cmake_args': None, 'catkin_skip_building_tests': False, 'cmake_args': None, 'cmake_clean_cache': False, 'cmake_clean_first': False, 'cmake_force_configure': False, 'cmake_target': None, 'cmake_target_skip_unavailable': False, 'install_base': '/home/xmedia/ros2_foxy/install/unitree_lidar_sdk', 'merge_install': False, 'path': '/home/xmedia/ros2_foxy/src/unilidar_sdk/unitree_lidar_sdk', 'symlink_install': False, 'test_result_base': None}
[0.527s] INFO:colcon.colcon_core.executor:Executing jobs using 'parallel' executor
[0.528s] DEBUG:colcon.colcon_parallel_executor.executor.parallel:run_until_complete
[0.529s] INFO:colcon.colcon_ros.task.ament_cmake.build:Building ROS package in '/home/xmedia/ros2_foxy/src/lio_sam' with build type 'ament_cmake'
[0.529s] INFO:colcon.colcon_cmake.task.cmake.build:Building CMake package in '/home/xmedia/ros2_foxy/src/lio_sam'
[0.532s] INFO:colcon.colcon_core.plugin_system:Skipping extension 'colcon_core.shell.bat': Not used on non-Windows systems
[0.532s] INFO:colcon.colcon_core.shell:Skip shell extension 'powershell' for command environment: Not usable outside of PowerShell
[0.532s] DEBUG:colcon.colcon_core.shell:Skip shell extension 'dsv' for command environment
[0.541s] INFO:colcon.colcon_ros.task.ament_cmake.build:Building ROS package in '/home/xmedia/ros2_foxy/src/rtabmap_ros' with build type 'ament_cmake'
[0.541s] INFO:colcon.colcon_cmake.task.cmake.build:Building CMake package in '/home/xmedia/ros2_foxy/src/rtabmap_ros'
[0.542s] INFO:colcon.colcon_core.shell:Skip shell extension 'powershell' for command environment: Not usable outside of PowerShell
[0.542s] DEBUG:colcon.colcon_core.shell:Skip shell extension 'dsv' for command environment
[0.550s] INFO:colcon.colcon_ros.task.ament_cmake.build:Building ROS package in '/home/xmedia/ros2_foxy/src/unitree_lidar_mapping' with build type 'ament_cmake'
[0.550s] INFO:colcon.colcon_cmake.task.cmake.build:Building CMake package in '/home/xmedia/ros2_foxy/src/unitree_lidar_mapping'
[0.551s] INFO:colcon.colcon_core.shell:Skip shell extension 'powershell' for command environment: Not usable outside of PowerShell
[0.551s] DEBUG:colcon.colcon_core.shell:Skip shell extension 'dsv' for command environment
[0.559s] INFO:colcon.colcon_ros.task.ament_cmake.build:Building ROS package in '/home/xmedia/ros2_foxy/src/unilidar_sdk/unitree_lidar_ros2/src/unitree_lidar_ros2' with build type 'ament_cmake'
[0.560s] INFO:colcon.colcon_cmake.task.cmake.build:Building CMake package in '/home/xmedia/ros2_foxy/src/unilidar_sdk/unitree_lidar_ros2/src/unitree_lidar_ros2'
[0.561s] INFO:colcon.colcon_core.shell:Skip shell extension 'powershell' for command environment: Not usable outside of PowerShell
[0.561s] DEBUG:colcon.colcon_core.shell:Skip shell extension 'dsv' for command environment
[0.576s] DEBUG:colcon.colcon_core.event_handler.log_command:Invoking command in '/home/xmedia/ros2_foxy/build/lio_sam': CMAKE_PREFIX_PATH=${CMAKE_PREFIX_PATH}:/opt/ros/foxy /usr/bin/cmake /home/xmedia/ros2_foxy/src/lio_sam -DCMAKE_INSTALL_PREFIX=/home/xmedia/ros2_foxy/install/lio_sam
[0.589s] DEBUG:colcon.colcon_core.event_handler.log_command:Invoking command in '/home/xmedia/ros2_foxy/build/rtabmap_ros': CMAKE_PREFIX_PATH=${CMAKE_PREFIX_PATH}:/opt/ros/foxy /usr/bin/cmake /home/xmedia/ros2_foxy/src/rtabmap_ros -DCMAKE_INSTALL_PREFIX=/home/xmedia/ros2_foxy/install/rtabmap_ros
[0.603s] DEBUG:colcon.colcon_core.event_handler.log_command:Invoking command in '/home/xmedia/ros2_foxy/build/unitree_lidar_mapping': CMAKE_PREFIX_PATH=${CMAKE_PREFIX_PATH}:/opt/ros/foxy /usr/bin/cmake /home/xmedia/ros2_foxy/src/unitree_lidar_mapping -DCMAKE_INSTALL_PREFIX=/home/xmedia/ros2_foxy/install/unitree_lidar_mapping
[0.621s] DEBUG:colcon.colcon_core.event_handler.log_command:Invoking command in '/home/xmedia/ros2_foxy/build/unitree_lidar_ros2': CMAKE_PREFIX_PATH=${CMAKE_PREFIX_PATH}:/opt/ros/foxy /usr/bin/cmake /home/xmedia/ros2_foxy/src/unilidar_sdk/unitree_lidar_ros2/src/unitree_lidar_ros2 -DCMAKE_INSTALL_PREFIX=/home/xmedia/ros2_foxy/install/unitree_lidar_ros2
[1.318s] DEBUG:colcon.colcon_core.event_handler.log_command:Invoked command in '/home/xmedia/ros2_foxy/build/rtabmap_ros' returned '0': CMAKE_PREFIX_PATH=${CMAKE_PREFIX_PATH}:/opt/ros/foxy /usr/bin/cmake /home/xmedia/ros2_foxy/src/rtabmap_ros -DCMAKE_INSTALL_PREFIX=/home/xmedia/ros2_foxy/install/rtabmap_ros
[1.324s] DEBUG:colcon.colcon_core.event_handler.log_command:Invoking command in '/home/xmedia/ros2_foxy/build/rtabmap_ros': CMAKE_PREFIX_PATH=${CMAKE_PREFIX_PATH}:/opt/ros/foxy /usr/bin/cmake --build /home/xmedia/ros2_foxy/build/rtabmap_ros -- -j4 -l4
[1.388s] DEBUG:colcon.colcon_core.event_handler.log_command:Invoked command in '/home/xmedia/ros2_foxy/build/rtabmap_ros' returned '0': CMAKE_PREFIX_PATH=${CMAKE_PREFIX_PATH}:/opt/ros/foxy /usr/bin/cmake --build /home/xmedia/ros2_foxy/build/rtabmap_ros -- -j4 -l4
[1.408s] DEBUG:colcon.colcon_core.event_handler.log_command:Invoking command in '/home/xmedia/ros2_foxy/build/rtabmap_ros': CMAKE_PREFIX_PATH=${CMAKE_PREFIX_PATH}:/opt/ros/foxy /usr/bin/cmake --install /home/xmedia/ros2_foxy/build/rtabmap_ros
[1.466s] Level 1:colcon.colcon_core.environment:create_environment_scripts_only(rtabmap_ros)
[1.471s] Level 1:colcon.colcon_core.environment:checking '/home/xmedia/ros2_foxy/install/rtabmap_ros' for CMake module files
[1.472s] DEBUG:colcon.colcon_core.event_handler.log_command:Invoked command in '/home/xmedia/ros2_foxy/build/rtabmap_ros' returned '0': CMAKE_PREFIX_PATH=${CMAKE_PREFIX_PATH}:/opt/ros/foxy /usr/bin/cmake --install /home/xmedia/ros2_foxy/build/rtabmap_ros
[1.473s] Level 1:colcon.colcon_core.environment:checking '/home/xmedia/ros2_foxy/install/rtabmap_ros' for CMake config files
[1.474s] Level 1:colcon.colcon_core.shell:create_environment_hook('rtabmap_ros', 'cmake_prefix_path')
[1.474s] INFO:colcon.colcon_core.shell:Creating environment hook '/home/xmedia/ros2_foxy/install/rtabmap_ros/share/rtabmap_ros/hook/cmake_prefix_path.ps1'
[1.476s] INFO:colcon.colcon_core.shell:Creating environment descriptor '/home/xmedia/ros2_foxy/install/rtabmap_ros/share/rtabmap_ros/hook/cmake_prefix_path.dsv'
[1.477s] INFO:colcon.colcon_core.shell:Creating environment hook '/home/xmedia/ros2_foxy/install/rtabmap_ros/share/rtabmap_ros/hook/cmake_prefix_path.sh'
[1.479s] Level 1:colcon.colcon_core.environment:checking '/home/xmedia/ros2_foxy/install/rtabmap_ros/bin'
[1.479s] Level 1:colcon.colcon_core.environment:checking '/home/xmedia/ros2_foxy/install/rtabmap_ros/lib/pkgconfig/rtabmap_ros.pc'
[1.480s] Level 1:colcon.colcon_core.environment:checking '/home/xmedia/ros2_foxy/install/rtabmap_ros/lib/python3.8/site-packages'
[1.480s] Level 1:colcon.colcon_core.environment:checking '/home/xmedia/ros2_foxy/install/rtabmap_ros/bin'
[1.481s] INFO:colcon.colcon_core.shell:Creating package script '/home/xmedia/ros2_foxy/install/rtabmap_ros/share/rtabmap_ros/package.ps1'
[1.483s] INFO:colcon.colcon_core.shell:Creating package descriptor '/home/xmedia/ros2_foxy/install/rtabmap_ros/share/rtabmap_ros/package.dsv'
[1.485s] INFO:colcon.colcon_core.shell:Creating package script '/home/xmedia/ros2_foxy/install/rtabmap_ros/share/rtabmap_ros/package.sh'
[1.488s] INFO:colcon.colcon_core.shell:Creating package script '/home/xmedia/ros2_foxy/install/rtabmap_ros/share/rtabmap_ros/package.bash'
[1.489s] INFO:colcon.colcon_core.shell:Creating package script '/home/xmedia/ros2_foxy/install/rtabmap_ros/share/rtabmap_ros/package.zsh'
[1.492s] Level 1:colcon.colcon_core.environment:create_file_with_runtime_dependencies(/home/xmedia/ros2_foxy/install/rtabmap_ros/share/colcon-core/packages/rtabmap_ros)
[1.493s] Level 1:colcon.colcon_core.environment:create_environment_scripts_only(rtabmap_ros)
[1.494s] Level 1:colcon.colcon_core.environment:checking '/home/xmedia/ros2_foxy/install/rtabmap_ros' for CMake module files
[1.495s] Level 1:colcon.colcon_core.environment:checking '/home/xmedia/ros2_foxy/install/rtabmap_ros' for CMake config files
[1.495s] Level 1:colcon.colcon_core.shell:create_environment_hook('rtabmap_ros', 'cmake_prefix_path')
[1.496s] INFO:colcon.colcon_core.shell:Creating environment hook '/home/xmedia/ros2_foxy/install/rtabmap_ros/share/rtabmap_ros/hook/cmake_prefix_path.ps1'
[1.497s] INFO:colcon.colcon_core.shell:Creating environment descriptor '/home/xmedia/ros2_foxy/install/rtabmap_ros/share/rtabmap_ros/hook/cmake_prefix_path.dsv'
[1.498s] INFO:colcon.colcon_core.shell:Creating environment hook '/home/xmedia/ros2_foxy/install/rtabmap_ros/share/rtabmap_ros/hook/cmake_prefix_path.sh'
[1.500s] Level 1:colcon.colcon_core.environment:checking '/home/xmedia/ros2_foxy/install/rtabmap_ros/bin'
[1.500s] Level 1:colcon.colcon_core.environment:checking '/home/xmedia/ros2_foxy/install/rtabmap_ros/lib/pkgconfig/rtabmap_ros.pc'
[1.501s] Level 1:colcon.colcon_core.environment:checking '/home/xmedia/ros2_foxy/install/rtabmap_ros/lib/python3.8/site-packages'
[1.501s] Level 1:colcon.colcon_core.environment:checking '/home/xmedia/ros2_foxy/install/rtabmap_ros/bin'
[1.502s] INFO:colcon.colcon_core.shell:Creating package script '/home/xmedia/ros2_foxy/install/rtabmap_ros/share/rtabmap_ros/package.ps1'
[1.503s] INFO:colcon.colcon_core.shell:Creating package descriptor '/home/xmedia/ros2_foxy/install/rtabmap_ros/share/rtabmap_ros/package.dsv'
[1.505s] INFO:colcon.colcon_core.shell:Creating package script '/home/xmedia/ros2_foxy/install/rtabmap_ros/share/rtabmap_ros/package.sh'
[1.506s] INFO:colcon.colcon_core.shell:Creating package script '/home/xmedia/ros2_foxy/install/rtabmap_ros/share/rtabmap_ros/package.bash'
[1.507s] INFO:colcon.colcon_core.shell:Creating package script '/home/xmedia/ros2_foxy/install/rtabmap_ros/share/rtabmap_ros/package.zsh'
[1.508s] Level 1:colcon.colcon_core.environment:create_file_with_runtime_dependencies(/home/xmedia/ros2_foxy/install/rtabmap_ros/share/colcon-core/packages/rtabmap_ros)
[1.510s] INFO:colcon.colcon_cmake.task.cmake.build:Building CMake package in '/home/xmedia/ros2_foxy/src/unilidar_sdk/unitree_lidar_sdk'
[1.511s] INFO:colcon.colcon_core.shell:Skip shell extension 'powershell' for command environment: Not usable outside of PowerShell
[1.511s] DEBUG:colcon.colcon_core.shell:Skip shell extension 'dsv' for command environment
[1.533s] DEBUG:colcon.colcon_core.event_handler.log_command:Invoking command in '/home/xmedia/ros2_foxy/build/unitree_lidar_sdk': /usr/bin/cmake /home/xmedia/ros2_foxy/src/unilidar_sdk/unitree_lidar_sdk -DCMAKE_INSTALL_PREFIX=/home/xmedia/ros2_foxy/install/unitree_lidar_sdk
[1.647s] DEBUG:colcon.colcon_core.event_handler.log_command:Invoked command in '/home/xmedia/ros2_foxy/build/unitree_lidar_sdk' returned '0': /usr/bin/cmake /home/xmedia/ros2_foxy/src/unilidar_sdk/unitree_lidar_sdk -DCMAKE_INSTALL_PREFIX=/home/xmedia/ros2_foxy/install/unitree_lidar_sdk
[1.649s] DEBUG:colcon.colcon_core.event_handler.log_command:Invoking command in '/home/xmedia/ros2_foxy/build/unitree_lidar_sdk': /usr/bin/cmake --build /home/xmedia/ros2_foxy/build/unitree_lidar_sdk -- -j4 -l4
[1.946s] WARNING:colcon.colcon_cmake.task.cmake.build:Could not run installation step for package 'unitree_lidar_sdk' because it has no 'install' target
[1.947s] Level 1:colcon.colcon_core.environment:create_environment_scripts_only(unitree_lidar_sdk)
[1.948s] Level 1:colcon.colcon_core.environment:checking '/home/xmedia/ros2_foxy/install/unitree_lidar_sdk' for CMake module files
[1.948s] Level 1:colcon.colcon_core.environment:checking '/home/xmedia/ros2_foxy/install/unitree_lidar_sdk' for CMake config files
[1.950s] Level 1:colcon.colcon_core.environment:checking '/home/xmedia/ros2_foxy/install/unitree_lidar_sdk/bin'
[1.950s] Level 1:colcon.colcon_core.environment:checking '/home/xmedia/ros2_foxy/install/unitree_lidar_sdk/lib/pkgconfig/unitree_lidar_sdk.pc'
[1.951s] Level 1:colcon.colcon_core.environment:checking '/home/xmedia/ros2_foxy/install/unitree_lidar_sdk/lib/python3.8/site-packages'
[1.947s] DEBUG:colcon.colcon_core.event_handler.log_command:Invoked command in '/home/xmedia/ros2_foxy/build/unitree_lidar_sdk' returned '0': /usr/bin/cmake --build /home/xmedia/ros2_foxy/build/unitree_lidar_sdk -- -j4 -l4
[1.952s] Level 1:colcon.colcon_core.environment:checking '/home/xmedia/ros2_foxy/install/unitree_lidar_sdk/bin'
[1.953s] INFO:colcon.colcon_core.shell:Creating package script '/home/xmedia/ros2_foxy/install/unitree_lidar_sdk/share/unitree_lidar_sdk/package.ps1'
[1.955s] INFO:colcon.colcon_core.shell:Creating package descriptor '/home/xmedia/ros2_foxy/install/unitree_lidar_sdk/share/unitree_lidar_sdk/package.dsv'
[1.956s] INFO:colcon.colcon_core.shell:Creating package script '/home/xmedia/ros2_foxy/install/unitree_lidar_sdk/share/unitree_lidar_sdk/package.sh'
[1.957s] INFO:colcon.colcon_core.shell:Creating package script '/home/xmedia/ros2_foxy/install/unitree_lidar_sdk/share/unitree_lidar_sdk/package.bash'
[1.958s] INFO:colcon.colcon_core.shell:Creating package script '/home/xmedia/ros2_foxy/install/unitree_lidar_sdk/share/unitree_lidar_sdk/package.zsh'
[1.959s] Level 1:colcon.colcon_core.environment:create_file_with_runtime_dependencies(/home/xmedia/ros2_foxy/install/unitree_lidar_sdk/share/colcon-core/packages/unitree_lidar_sdk)
[3.307s] DEBUG:colcon.colcon_core.event_handler.log_command:Invoked command in '/home/xmedia/ros2_foxy/build/unitree_lidar_ros2' returned '0': CMAKE_PREFIX_PATH=${CMAKE_PREFIX_PATH}:/opt/ros/foxy /usr/bin/cmake /home/xmedia/ros2_foxy/src/unilidar_sdk/unitree_lidar_ros2/src/unitree_lidar_ros2 -DCMAKE_INSTALL_PREFIX=/home/xmedia/ros2_foxy/install/unitree_lidar_ros2
[3.309s] DEBUG:colcon.colcon_core.event_handler.log_command:Invoking command in '/home/xmedia/ros2_foxy/build/unitree_lidar_ros2': CMAKE_PREFIX_PATH=${CMAKE_PREFIX_PATH}:/opt/ros/foxy /usr/bin/cmake --build /home/xmedia/ros2_foxy/build/unitree_lidar_ros2 -- -j4 -l4
[3.465s] DEBUG:colcon.colcon_core.event_handler.log_command:Invoked command in '/home/xmedia/ros2_foxy/build/unitree_lidar_ros2' returned '0': CMAKE_PREFIX_PATH=${CMAKE_PREFIX_PATH}:/opt/ros/foxy /usr/bin/cmake --build /home/xmedia/ros2_foxy/build/unitree_lidar_ros2 -- -j4 -l4
[3.467s] DEBUG:colcon.colcon_core.event_handler.log_command:Invoking command in '/home/xmedia/ros2_foxy/build/unitree_lidar_ros2': CMAKE_PREFIX_PATH=${CMAKE_PREFIX_PATH}:/opt/ros/foxy /usr/bin/cmake --install /home/xmedia/ros2_foxy/build/unitree_lidar_ros2
[3.516s] Level 1:colcon.colcon_core.environment:create_environment_scripts_only(unitree_lidar_ros2)
[3.517s] Level 1:colcon.colcon_core.environment:checking '/home/xmedia/ros2_foxy/install/unitree_lidar_ros2' for CMake module files
[3.518s] Level 1:colcon.colcon_core.environment:checking '/home/xmedia/ros2_foxy/install/unitree_lidar_ros2' for CMake config files
[3.518s] Level 1:colcon.colcon_core.shell:create_environment_hook('unitree_lidar_ros2', 'cmake_prefix_path')
[3.519s] INFO:colcon.colcon_core.shell:Creating environment hook '/home/xmedia/ros2_foxy/install/unitree_lidar_ros2/share/unitree_lidar_ros2/hook/cmake_prefix_path.ps1'
[3.525s] INFO:colcon.colcon_core.shell:Creating environment descriptor '/home/xmedia/ros2_foxy/install/unitree_lidar_ros2/share/unitree_lidar_ros2/hook/cmake_prefix_path.dsv'
[3.525s] DEBUG:colcon.colcon_core.event_handler.log_command:Invoked command in '/home/xmedia/ros2_foxy/build/unitree_lidar_ros2' returned '0': CMAKE_PREFIX_PATH=${CMAKE_PREFIX_PATH}:/opt/ros/foxy /usr/bin/cmake --install /home/xmedia/ros2_foxy/build/unitree_lidar_ros2
[3.526s] INFO:colcon.colcon_core.shell:Creating environment hook '/home/xmedia/ros2_foxy/install/unitree_lidar_ros2/share/unitree_lidar_ros2/hook/cmake_prefix_path.sh'
[3.532s] Level 1:colcon.colcon_core.environment:checking '/home/xmedia/ros2_foxy/install/unitree_lidar_ros2/lib'
[3.532s] Level 1:colcon.colcon_core.environment:checking '/home/xmedia/ros2_foxy/install/unitree_lidar_ros2/bin'
[3.532s] Level 1:colcon.colcon_core.environment:checking '/home/xmedia/ros2_foxy/install/unitree_lidar_ros2/lib/pkgconfig/unitree_lidar_ros2.pc'
[3.533s] Level 1:colcon.colcon_core.environment:checking '/home/xmedia/ros2_foxy/install/unitree_lidar_ros2/lib/python3.8/site-packages'
[3.533s] Level 1:colcon.colcon_core.environment:checking '/home/xmedia/ros2_foxy/install/unitree_lidar_ros2/bin'
[3.534s] INFO:colcon.colcon_core.shell:Creating package script '/home/xmedia/ros2_foxy/install/unitree_lidar_ros2/share/unitree_lidar_ros2/package.ps1'
[3.543s] INFO:colcon.colcon_core.shell:Creating package descriptor '/home/xmedia/ros2_foxy/install/unitree_lidar_ros2/share/unitree_lidar_ros2/package.dsv'
[3.543s] INFO:colcon.colcon_core.shell:Creating package script '/home/xmedia/ros2_foxy/install/unitree_lidar_ros2/share/unitree_lidar_ros2/package.sh'
[3.544s] INFO:colcon.colcon_core.shell:Creating package script '/home/xmedia/ros2_foxy/install/unitree_lidar_ros2/share/unitree_lidar_ros2/package.bash'
[3.545s] INFO:colcon.colcon_core.shell:Creating package script '/home/xmedia/ros2_foxy/install/unitree_lidar_ros2/share/unitree_lidar_ros2/package.zsh'
[3.545s] Level 1:colcon.colcon_core.environment:create_file_with_runtime_dependencies(/home/xmedia/ros2_foxy/install/unitree_lidar_ros2/share/colcon-core/packages/unitree_lidar_ros2)
[3.546s] Level 1:colcon.colcon_core.environment:create_environment_scripts_only(unitree_lidar_ros2)
[3.546s] Level 1:colcon.colcon_core.environment:checking '/home/xmedia/ros2_foxy/install/unitree_lidar_ros2' for CMake module files
[3.547s] Level 1:colcon.colcon_core.environment:checking '/home/xmedia/ros2_foxy/install/unitree_lidar_ros2' for CMake config files
[3.554s] Level 1:colcon.colcon_core.shell:create_environment_hook('unitree_lidar_ros2', 'cmake_prefix_path')
[3.555s] INFO:colcon.colcon_core.shell:Creating environment hook '/home/xmedia/ros2_foxy/install/unitree_lidar_ros2/share/unitree_lidar_ros2/hook/cmake_prefix_path.ps1'
[3.555s] INFO:colcon.colcon_core.shell:Creating environment descriptor '/home/xmedia/ros2_foxy/install/unitree_lidar_ros2/share/unitree_lidar_ros2/hook/cmake_prefix_path.dsv'
[3.556s] INFO:colcon.colcon_core.shell:Creating environment hook '/home/xmedia/ros2_foxy/install/unitree_lidar_ros2/share/unitree_lidar_ros2/hook/cmake_prefix_path.sh'
[3.557s] Level 1:colcon.colcon_core.environment:checking '/home/xmedia/ros2_foxy/install/unitree_lidar_ros2/lib'
[3.557s] Level 1:colcon.colcon_core.environment:checking '/home/xmedia/ros2_foxy/install/unitree_lidar_ros2/bin'
[3.557s] Level 1:colcon.colcon_core.environment:checking '/home/xmedia/ros2_foxy/install/unitree_lidar_ros2/lib/pkgconfig/unitree_lidar_ros2.pc'
[3.557s] Level 1:colcon.colcon_core.environment:checking '/home/xmedia/ros2_foxy/install/unitree_lidar_ros2/lib/python3.8/site-packages'
[3.558s] Level 1:colcon.colcon_core.environment:checking '/home/xmedia/ros2_foxy/install/unitree_lidar_ros2/bin'
[3.568s] INFO:colcon.colcon_core.shell:Creating package script '/home/xmedia/ros2_foxy/install/unitree_lidar_ros2/share/unitree_lidar_ros2/package.ps1'
[3.569s] INFO:colcon.colcon_core.shell:Creating package descriptor '/home/xmedia/ros2_foxy/install/unitree_lidar_ros2/share/unitree_lidar_ros2/package.dsv'
[3.570s] INFO:colcon.colcon_core.shell:Creating package script '/home/xmedia/ros2_foxy/install/unitree_lidar_ros2/share/unitree_lidar_ros2/package.sh'
[3.571s] INFO:colcon.colcon_core.shell:Creating package script '/home/xmedia/ros2_foxy/install/unitree_lidar_ros2/share/unitree_lidar_ros2/package.bash'
[3.576s] INFO:colcon.colcon_core.shell:Creating package script '/home/xmedia/ros2_foxy/install/unitree_lidar_ros2/share/unitree_lidar_ros2/package.zsh'
[3.577s] Level 1:colcon.colcon_core.environment:create_file_with_runtime_dependencies(/home/xmedia/ros2_foxy/install/unitree_lidar_ros2/share/colcon-core/packages/unitree_lidar_ros2)
[4.565s] DEBUG:colcon.colcon_core.event_handler.log_command:Invoked command in '/home/xmedia/ros2_foxy/build/unitree_lidar_mapping' returned '0': CMAKE_PREFIX_PATH=${CMAKE_PREFIX_PATH}:/opt/ros/foxy /usr/bin/cmake /home/xmedia/ros2_foxy/src/unitree_lidar_mapping -DCMAKE_INSTALL_PREFIX=/home/xmedia/ros2_foxy/install/unitree_lidar_mapping
[4.569s] DEBUG:colcon.colcon_core.event_handler.log_command:Invoking command in '/home/xmedia/ros2_foxy/build/unitree_lidar_mapping': CMAKE_PREFIX_PATH=${CMAKE_PREFIX_PATH}:/opt/ros/foxy /usr/bin/cmake --build /home/xmedia/ros2_foxy/build/unitree_lidar_mapping -- -j4 -l4
[6.891s] DEBUG:colcon.colcon_core.event_handler.log_command:Invoked command in '/home/xmedia/ros2_foxy/build/lio_sam' returned '0': CMAKE_PREFIX_PATH=${CMAKE_PREFIX_PATH}:/opt/ros/foxy /usr/bin/cmake /home/xmedia/ros2_foxy/src/lio_sam -DCMAKE_INSTALL_PREFIX=/home/xmedia/ros2_foxy/install/lio_sam
[6.893s] DEBUG:colcon.colcon_core.event_handler.log_command:Invoking command in '/home/xmedia/ros2_foxy/build/lio_sam': CMAKE_PREFIX_PATH=${CMAKE_PREFIX_PATH}:/opt/ros/foxy /usr/bin/cmake --build /home/xmedia/ros2_foxy/build/lio_sam -- -j4 -l4
[7.565s] DEBUG:colcon.colcon_core.event_handler.log_command:Invoked command in '/home/xmedia/ros2_foxy/build/lio_sam' returned '0': CMAKE_PREFIX_PATH=${CMAKE_PREFIX_PATH}:/opt/ros/foxy /usr/bin/cmake --build /home/xmedia/ros2_foxy/build/lio_sam -- -j4 -l4
[7.566s] DEBUG:colcon.colcon_core.event_handler.log_command:Invoking command in '/home/xmedia/ros2_foxy/build/lio_sam': CMAKE_PREFIX_PATH=${CMAKE_PREFIX_PATH}:/opt/ros/foxy /usr/bin/cmake --install /home/xmedia/ros2_foxy/build/lio_sam
[7.699s] Level 1:colcon.colcon_core.environment:create_environment_scripts_only(lio_sam)
[7.699s] Level 1:colcon.colcon_core.environment:checking '/home/xmedia/ros2_foxy/install/lio_sam' for CMake module files
[7.700s] Level 1:colcon.colcon_core.environment:checking '/home/xmedia/ros2_foxy/install/lio_sam' for CMake config files
[7.703s] Level 1:colcon.colcon_core.shell:create_environment_hook('lio_sam', 'cmake_prefix_path')
[7.704s] INFO:colcon.colcon_core.shell:Creating environment hook '/home/xmedia/ros2_foxy/install/lio_sam/share/lio_sam/hook/cmake_prefix_path.ps1'
[7.705s] DEBUG:colcon.colcon_core.event_handler.log_command:Invoked command in '/home/xmedia/ros2_foxy/build/lio_sam' returned '0': CMAKE_PREFIX_PATH=${CMAKE_PREFIX_PATH}:/opt/ros/foxy /usr/bin/cmake --install /home/xmedia/ros2_foxy/build/lio_sam
[7.705s] INFO:colcon.colcon_core.shell:Creating environment descriptor '/home/xmedia/ros2_foxy/install/lio_sam/share/lio_sam/hook/cmake_prefix_path.dsv'
[7.706s] INFO:colcon.colcon_core.shell:Creating environment hook '/home/xmedia/ros2_foxy/install/lio_sam/share/lio_sam/hook/cmake_prefix_path.sh'
[7.707s] Level 1:colcon.colcon_core.environment:checking '/home/xmedia/ros2_foxy/install/lio_sam/lib'
[7.707s] Level 1:colcon.colcon_core.shell:create_environment_hook('lio_sam', 'ld_library_path_lib')
[7.707s] INFO:colcon.colcon_core.shell:Creating environment hook '/home/xmedia/ros2_foxy/install/lio_sam/share/lio_sam/hook/ld_library_path_lib.ps1'
[7.709s] INFO:colcon.colcon_core.shell:Creating environment descriptor '/home/xmedia/ros2_foxy/install/lio_sam/share/lio_sam/hook/ld_library_path_lib.dsv'
[7.710s] INFO:colcon.colcon_core.shell:Creating environment hook '/home/xmedia/ros2_foxy/install/lio_sam/share/lio_sam/hook/ld_library_path_lib.sh'
[7.710s] Level 1:colcon.colcon_core.environment:checking '/home/xmedia/ros2_foxy/install/lio_sam/bin'
[7.710s] Level 1:colcon.colcon_core.environment:checking '/home/xmedia/ros2_foxy/install/lio_sam/lib/pkgconfig/lio_sam.pc'
[7.711s] Level 1:colcon.colcon_core.environment:checking '/home/xmedia/ros2_foxy/install/lio_sam/lib/python3.8/site-packages'
[7.711s] Level 1:colcon.colcon_core.shell:create_environment_hook('lio_sam', 'pythonpath')
[7.711s] INFO:colcon.colcon_core.shell:Creating environment hook '/home/xmedia/ros2_foxy/install/lio_sam/share/lio_sam/hook/pythonpath.ps1'
[7.712s] INFO:colcon.colcon_core.shell:Creating environment descriptor '/home/xmedia/ros2_foxy/install/lio_sam/share/lio_sam/hook/pythonpath.dsv'
[7.712s] INFO:colcon.colcon_core.shell:Creating environment hook '/home/xmedia/ros2_foxy/install/lio_sam/share/lio_sam/hook/pythonpath.sh'
[7.713s] Level 1:colcon.colcon_core.environment:checking '/home/xmedia/ros2_foxy/install/lio_sam/bin'
[7.713s] INFO:colcon.colcon_core.shell:Creating package script '/home/xmedia/ros2_foxy/install/lio_sam/share/lio_sam/package.ps1'
[7.714s] INFO:colcon.colcon_core.shell:Creating package descriptor '/home/xmedia/ros2_foxy/install/lio_sam/share/lio_sam/package.dsv'
[7.715s] INFO:colcon.colcon_core.shell:Creating package script '/home/xmedia/ros2_foxy/install/lio_sam/share/lio_sam/package.sh'
[7.716s] INFO:colcon.colcon_core.shell:Creating package script '/home/xmedia/ros2_foxy/install/lio_sam/share/lio_sam/package.bash'
[7.716s] INFO:colcon.colcon_core.shell:Creating package script '/home/xmedia/ros2_foxy/install/lio_sam/share/lio_sam/package.zsh'
[7.717s] Level 1:colcon.colcon_core.environment:create_file_with_runtime_dependencies(/home/xmedia/ros2_foxy/install/lio_sam/share/colcon-core/packages/lio_sam)
[7.720s] Level 1:colcon.colcon_core.environment:create_environment_scripts_only(lio_sam)
[7.720s] Level 1:colcon.colcon_core.environment:checking '/home/xmedia/ros2_foxy/install/lio_sam' for CMake module files
[7.721s] Level 1:colcon.colcon_core.environment:checking '/home/xmedia/ros2_foxy/install/lio_sam' for CMake config files
[7.722s] Level 1:colcon.colcon_core.shell:create_environment_hook('lio_sam', 'cmake_prefix_path')
[7.723s] INFO:colcon.colcon_core.shell:Creating environment hook '/home/xmedia/ros2_foxy/install/lio_sam/share/lio_sam/hook/cmake_prefix_path.ps1'
[7.723s] INFO:colcon.colcon_core.shell:Creating environment descriptor '/home/xmedia/ros2_foxy/install/lio_sam/share/lio_sam/hook/cmake_prefix_path.dsv'
[7.724s] INFO:colcon.colcon_core.shell:Creating environment hook '/home/xmedia/ros2_foxy/install/lio_sam/share/lio_sam/hook/cmake_prefix_path.sh'
[7.724s] Level 1:colcon.colcon_core.environment:checking '/home/xmedia/ros2_foxy/install/lio_sam/lib'
[7.724s] Level 1:colcon.colcon_core.shell:create_environment_hook('lio_sam', 'ld_library_path_lib')
[7.725s] INFO:colcon.colcon_core.shell:Creating environment hook '/home/xmedia/ros2_foxy/install/lio_sam/share/lio_sam/hook/ld_library_path_lib.ps1'
[7.725s] INFO:colcon.colcon_core.shell:Creating environment descriptor '/home/xmedia/ros2_foxy/install/lio_sam/share/lio_sam/hook/ld_library_path_lib.dsv'
[7.726s] INFO:colcon.colcon_core.shell:Creating environment hook '/home/xmedia/ros2_foxy/install/lio_sam/share/lio_sam/hook/ld_library_path_lib.sh'
[7.726s] Level 1:colcon.colcon_core.environment:checking '/home/xmedia/ros2_foxy/install/lio_sam/bin'
[7.726s] Level 1:colcon.colcon_core.environment:checking '/home/xmedia/ros2_foxy/install/lio_sam/lib/pkgconfig/lio_sam.pc'
[7.727s] Level 1:colcon.colcon_core.environment:checking '/home/xmedia/ros2_foxy/install/lio_sam/lib/python3.8/site-packages'
[7.727s] Level 1:colcon.colcon_core.shell:create_environment_hook('lio_sam', 'pythonpath')
[7.727s] INFO:colcon.colcon_core.shell:Creating environment hook '/home/xmedia/ros2_foxy/install/lio_sam/share/lio_sam/hook/pythonpath.ps1'
[7.728s] INFO:colcon.colcon_core.shell:Creating environment descriptor '/home/xmedia/ros2_foxy/install/lio_sam/share/lio_sam/hook/pythonpath.dsv'
[7.728s] INFO:colcon.colcon_core.shell:Creating environment hook '/home/xmedia/ros2_foxy/install/lio_sam/share/lio_sam/hook/pythonpath.sh'
[7.729s] Level 1:colcon.colcon_core.environment:checking '/home/xmedia/ros2_foxy/install/lio_sam/bin'
[7.729s] INFO:colcon.colcon_core.shell:Creating package script '/home/xmedia/ros2_foxy/install/lio_sam/share/lio_sam/package.ps1'
[7.730s] INFO:colcon.colcon_core.shell:Creating package descriptor '/home/xmedia/ros2_foxy/install/lio_sam/share/lio_sam/package.dsv'
[7.731s] INFO:colcon.colcon_core.shell:Creating package script '/home/xmedia/ros2_foxy/install/lio_sam/share/lio_sam/package.sh'
[7.732s] INFO:colcon.colcon_core.shell:Creating package script '/home/xmedia/ros2_foxy/install/lio_sam/share/lio_sam/package.bash'
[7.732s] INFO:colcon.colcon_core.shell:Creating package script '/home/xmedia/ros2_foxy/install/lio_sam/share/lio_sam/package.zsh'
[7.733s] Level 1:colcon.colcon_core.environment:create_file_with_runtime_dependencies(/home/xmedia/ros2_foxy/install/lio_sam/share/colcon-core/packages/lio_sam)
[24.542s] DEBUG:colcon.colcon_core.event_handler.log_command:Invoked command in '/home/xmedia/ros2_foxy/build/unitree_lidar_mapping' returned '0': CMAKE_PREFIX_PATH=${CMAKE_PREFIX_PATH}:/opt/ros/foxy /usr/bin/cmake --build /home/xmedia/ros2_foxy/build/unitree_lidar_mapping -- -j4 -l4
[24.546s] DEBUG:colcon.colcon_core.event_handler.log_command:Invoking command in '/home/xmedia/ros2_foxy/build/unitree_lidar_mapping': CMAKE_PREFIX_PATH=${CMAKE_PREFIX_PATH}:/opt/ros/foxy /usr/bin/cmake --install /home/xmedia/ros2_foxy/build/unitree_lidar_mapping
[24.575s] Level 1:colcon.colcon_core.environment:create_environment_scripts_only(unitree_lidar_mapping)
[24.575s] Level 1:colcon.colcon_core.environment:checking '/home/xmedia/ros2_foxy/install/unitree_lidar_mapping' for CMake module files
[24.576s] DEBUG:colcon.colcon_core.event_handler.log_command:Invoked command in '/home/xmedia/ros2_foxy/build/unitree_lidar_mapping' returned '0': CMAKE_PREFIX_PATH=${CMAKE_PREFIX_PATH}:/opt/ros/foxy /usr/bin/cmake --install /home/xmedia/ros2_foxy/build/unitree_lidar_mapping
[24.576s] Level 1:colcon.colcon_core.environment:checking '/home/xmedia/ros2_foxy/install/unitree_lidar_mapping' for CMake config files
[24.577s] Level 1:colcon.colcon_core.shell:create_environment_hook('unitree_lidar_mapping', 'cmake_prefix_path')
[24.577s] INFO:colcon.colcon_core.shell:Creating environment hook '/home/xmedia/ros2_foxy/install/unitree_lidar_mapping/share/unitree_lidar_mapping/hook/cmake_prefix_path.ps1'
[24.578s] INFO:colcon.colcon_core.shell:Creating environment descriptor '/home/xmedia/ros2_foxy/install/unitree_lidar_mapping/share/unitree_lidar_mapping/hook/cmake_prefix_path.dsv'
[24.578s] INFO:colcon.colcon_core.shell:Creating environment hook '/home/xmedia/ros2_foxy/install/unitree_lidar_mapping/share/unitree_lidar_mapping/hook/cmake_prefix_path.sh'
[24.579s] Level 1:colcon.colcon_core.environment:checking '/home/xmedia/ros2_foxy/install/unitree_lidar_mapping/lib'
[24.579s] Level 1:colcon.colcon_core.environment:checking '/home/xmedia/ros2_foxy/install/unitree_lidar_mapping/bin'
[24.579s] Level 1:colcon.colcon_core.environment:checking '/home/xmedia/ros2_foxy/install/unitree_lidar_mapping/lib/pkgconfig/unitree_lidar_mapping.pc'
[24.580s] Level 1:colcon.colcon_core.environment:checking '/home/xmedia/ros2_foxy/install/unitree_lidar_mapping/lib/python3.8/site-packages'
[24.580s] Level 1:colcon.colcon_core.environment:checking '/home/xmedia/ros2_foxy/install/unitree_lidar_mapping/bin'
[24.580s] INFO:colcon.colcon_core.shell:Creating package script '/home/xmedia/ros2_foxy/install/unitree_lidar_mapping/share/unitree_lidar_mapping/package.ps1'
[24.581s] INFO:colcon.colcon_core.shell:Creating package descriptor '/home/xmedia/ros2_foxy/install/unitree_lidar_mapping/share/unitree_lidar_mapping/package.dsv'
[24.582s] INFO:colcon.colcon_core.shell:Creating package script '/home/xmedia/ros2_foxy/install/unitree_lidar_mapping/share/unitree_lidar_mapping/package.sh'
[24.582s] INFO:colcon.colcon_core.shell:Creating package script '/home/xmedia/ros2_foxy/install/unitree_lidar_mapping/share/unitree_lidar_mapping/package.bash'
[24.583s] INFO:colcon.colcon_core.shell:Creating package script '/home/xmedia/ros2_foxy/install/unitree_lidar_mapping/share/unitree_lidar_mapping/package.zsh'
[24.584s] Level 1:colcon.colcon_core.environment:create_file_with_runtime_dependencies(/home/xmedia/ros2_foxy/install/unitree_lidar_mapping/share/colcon-core/packages/unitree_lidar_mapping)
[24.585s] Level 1:colcon.colcon_core.environment:create_environment_scripts_only(unitree_lidar_mapping)
[24.585s] Level 1:colcon.colcon_core.environment:checking '/home/xmedia/ros2_foxy/install/unitree_lidar_mapping' for CMake module files
[24.586s] Level 1:colcon.colcon_core.environment:checking '/home/xmedia/ros2_foxy/install/unitree_lidar_mapping' for CMake config files
[24.586s] Level 1:colcon.colcon_core.shell:create_environment_hook('unitree_lidar_mapping', 'cmake_prefix_path')
[24.587s] INFO:colcon.colcon_core.shell:Creating environment hook '/home/xmedia/ros2_foxy/install/unitree_lidar_mapping/share/unitree_lidar_mapping/hook/cmake_prefix_path.ps1'
[24.587s] INFO:colcon.colcon_core.shell:Creating environment descriptor '/home/xmedia/ros2_foxy/install/unitree_lidar_mapping/share/unitree_lidar_mapping/hook/cmake_prefix_path.dsv'
[24.588s] INFO:colcon.colcon_core.shell:Creating environment hook '/home/xmedia/ros2_foxy/install/unitree_lidar_mapping/share/unitree_lidar_mapping/hook/cmake_prefix_path.sh'
[24.588s] Level 1:colcon.colcon_core.environment:checking '/home/xmedia/ros2_foxy/install/unitree_lidar_mapping/lib'
[24.589s] Level 1:colcon.colcon_core.environment:checking '/home/xmedia/ros2_foxy/install/unitree_lidar_mapping/bin'
[24.589s] Level 1:colcon.colcon_core.environment:checking '/home/xmedia/ros2_foxy/install/unitree_lidar_mapping/lib/pkgconfig/unitree_lidar_mapping.pc'
[24.589s] Level 1:colcon.colcon_core.environment:checking '/home/xmedia/ros2_foxy/install/unitree_lidar_mapping/lib/python3.8/site-packages'
[24.589s] Level 1:colcon.colcon_core.environment:checking '/home/xmedia/ros2_foxy/install/unitree_lidar_mapping/bin'
[24.590s] INFO:colcon.colcon_core.shell:Creating package script '/home/xmedia/ros2_foxy/install/unitree_lidar_mapping/share/unitree_lidar_mapping/package.ps1'
[24.590s] INFO:colcon.colcon_core.shell:Creating package descriptor '/home/xmedia/ros2_foxy/install/unitree_lidar_mapping/share/unitree_lidar_mapping/package.dsv'
[24.591s] INFO:colcon.colcon_core.shell:Creating package script '/home/xmedia/ros2_foxy/install/unitree_lidar_mapping/share/unitree_lidar_mapping/package.sh'
[24.592s] INFO:colcon.colcon_core.shell:Creating package script '/home/xmedia/ros2_foxy/install/unitree_lidar_mapping/share/unitree_lidar_mapping/package.bash'
[24.592s] INFO:colcon.colcon_core.shell:Creating package script '/home/xmedia/ros2_foxy/install/unitree_lidar_mapping/share/unitree_lidar_mapping/package.zsh'
[24.593s] Level 1:colcon.colcon_core.environment:create_file_with_runtime_dependencies(/home/xmedia/ros2_foxy/install/unitree_lidar_mapping/share/colcon-core/packages/unitree_lidar_mapping)
[24.593s] DEBUG:colcon.colcon_parallel_executor.executor.parallel:closing loop
[24.593s] DEBUG:colcon.colcon_parallel_executor.executor.parallel:loop closed
[24.593s] DEBUG:colcon.colcon_parallel_executor.executor.parallel:run_until_complete finished with '0'
[24.594s] DEBUG:colcon.colcon_core.event_reactor:joining thread
[24.602s] INFO:colcon.colcon_core.plugin_system:Skipping extension 'colcon_notification.desktop_notification.terminal_notifier': Not used on non-Darwin systems
[24.602s] INFO:colcon.colcon_core.plugin_system:Skipping extension 'colcon_notification.desktop_notification.win32': Not used on non-Windows systems
[24.602s] INFO:colcon.colcon_notification.desktop_notification:Sending desktop notification using 'notify2'
[24.618s] DEBUG:colcon.colcon_core.event_reactor:joined thread
[24.619s] INFO:colcon.colcon_core.shell:Creating prefix script '/home/xmedia/ros2_foxy/install/local_setup.ps1'
[24.621s] INFO:colcon.colcon_core.shell:Creating prefix util module '/home/xmedia/ros2_foxy/install/_local_setup_util_ps1.py'
[24.623s] INFO:colcon.colcon_core.shell:Creating prefix chain script '/home/xmedia/ros2_foxy/install/setup.ps1'
[24.625s] INFO:colcon.colcon_core.shell:Creating prefix script '/home/xmedia/ros2_foxy/install/local_setup.sh'
[24.626s] INFO:colcon.colcon_core.shell:Creating prefix util module '/home/xmedia/ros2_foxy/install/_local_setup_util_sh.py'
[24.627s] INFO:colcon.colcon_core.shell:Creating prefix chain script '/home/xmedia/ros2_foxy/install/setup.sh'
[24.628s] INFO:colcon.colcon_core.shell:Creating prefix script '/home/xmedia/ros2_foxy/install/local_setup.bash'
[24.629s] INFO:colcon.colcon_core.shell:Creating prefix chain script '/home/xmedia/ros2_foxy/install/setup.bash'
[24.630s] INFO:colcon.colcon_core.shell:Creating prefix script '/home/xmedia/ros2_foxy/install/local_setup.zsh'
[24.630s] INFO:colcon.colcon_core.shell:Creating prefix chain script '/home/xmedia/ros2_foxy/install/setup.zsh'
