-- Found ament_cmake: 0.9.12 (/opt/ros/foxy/share/ament_cmake/cmake)
-- Using PYTHON_EXECUTABLE: /usr/bin/python3
-- Override CMake install command with custom implementation using symlinks instead of copying resources
-- Configuring done
-- Generating done
-- Build files have been written to: /home/xmedia/ros2_foxy/build/rtabmap_ros
-- Install configuration: "Release"
-- Execute custom install script
-- Up-to-date symlink: /home/xmedia/ros2_foxy/install/rtabmap_ros/share/ament_index/resource_index/package_run_dependencies/rtabmap_ros
-- Up-to-date symlink: /home/xmedia/ros2_foxy/install/rtabmap_ros/share/ament_index/resource_index/parent_prefix_path/rtabmap_ros
-- Up-to-date symlink: /home/xmedia/ros2_foxy/install/rtabmap_ros/share/rtabmap_ros/environment/ament_prefix_path.sh
-- Up-to-date symlink: /home/xmedia/ros2_foxy/install/rtabmap_ros/share/rtabmap_ros/environment/ament_prefix_path.dsv
-- Up-to-date symlink: /home/xmedia/ros2_foxy/install/rtabmap_ros/share/rtabmap_ros/environment/path.sh
-- Up-to-date symlink: /home/xmedia/ros2_foxy/install/rtabmap_ros/share/rtabmap_ros/environment/path.dsv
-- Up-to-date symlink: /home/xmedia/ros2_foxy/install/rtabmap_ros/share/rtabmap_ros/local_setup.bash
-- Up-to-date symlink: /home/xmedia/ros2_foxy/install/rtabmap_ros/share/rtabmap_ros/local_setup.sh
-- Up-to-date symlink: /home/xmedia/ros2_foxy/install/rtabmap_ros/share/rtabmap_ros/local_setup.zsh
-- Up-to-date symlink: /home/xmedia/ros2_foxy/install/rtabmap_ros/share/rtabmap_ros/local_setup.dsv
-- Symlinking: /home/xmedia/ros2_foxy/install/rtabmap_ros/share/rtabmap_ros/package.dsv
-- Up-to-date symlink: /home/xmedia/ros2_foxy/install/rtabmap_ros/share/ament_index/resource_index/packages/rtabmap_ros
-- Up-to-date symlink: /home/xmedia/ros2_foxy/install/rtabmap_ros/share/rtabmap_ros/cmake/rtabmap_rosConfig.cmake
-- Up-to-date symlink: /home/xmedia/ros2_foxy/install/rtabmap_ros/share/rtabmap_ros/cmake/rtabmap_rosConfig-version.cmake
-- Up-to-date symlink: /home/xmedia/ros2_foxy/install/rtabmap_ros/share/rtabmap_ros/package.xml
