[0.255s] DEBUG:colcon:Command line arguments: ['/usr/bin/colcon', 'build', '--symlink-install', '--cmake-args', '-DCMAKE_BUILD_TYPE=Release']
[0.255s] DEBUG:colcon:Parsed command line arguments: Namespace(allow_overriding=[], ament_cmake_args=None, base_paths=['.'], build_base='build', catkin_cmake_args=None, catkin_skip_building_tests=False, cmake_args=['-DCMAKE_BUILD_TYPE=Release'], cmake_clean_cache=False, cmake_clean_first=False, cmake_force_configure=False, cmake_target=None, cmake_target_skip_unavailable=False, continue_on_error=False, event_handlers=None, executor='parallel', ignore_user_meta=False, install_base='install', log_base=None, log_level=None, main=<bound method BuildVerb.main of <colcon_core.verb.build.BuildVerb object at 0x7f32f399b070>>, merge_install=False, metas=['./colcon.meta'], mixin=None, mixin_files=None, mixin_verb=('build',), packages_above=None, packages_above_and_dependencies=None, packages_above_depth=None, packages_end=None, packages_ignore=None, packages_ignore_regex=None, packages_select=None, packages_select_build_failed=False, packages_select_by_dep=None, packages_select_regex=None, packages_select_test_failures=False, packages_skip=None, packages_skip_build_finished=False, packages_skip_by_dep=None, packages_skip_regex=None, packages_skip_test_passed=False, packages_skip_up_to=None, packages_start=None, packages_up_to=None, packages_up_to_regex=None, parallel_workers=4, paths=None, symlink_install=True, test_result_base=None, verb_extension=<colcon_core.verb.build.BuildVerb object at 0x7f32f399b070>, verb_name='build', verb_parser=<colcon_mixin.mixin.mixin_argument.MixinArgumentDecorator object at 0x7f32f3901070>)
[0.407s] Level 1:colcon.colcon_core.package_discovery:discover_packages(colcon_meta) check parameters
[0.407s] Level 1:colcon.colcon_core.package_discovery:discover_packages(recursive) check parameters
[0.407s] Level 1:colcon.colcon_core.package_discovery:discover_packages(ignore) check parameters
[0.407s] Level 1:colcon.colcon_core.package_discovery:discover_packages(path) check parameters
[0.407s] Level 1:colcon.colcon_core.package_discovery:discover_packages(colcon_meta) discover
[0.408s] Level 1:colcon.colcon_core.package_discovery:discover_packages(recursive) discover
[0.408s] INFO:colcon.colcon_core.package_discovery:Crawling recursively for packages in '/home/xmedia/ros2_foxy'
[0.408s] Level 1:colcon.colcon_core.package_identification:_identify(.) by extensions ['ignore', 'ignore_ament_install']
[0.408s] Level 1:colcon.colcon_core.package_identification:_identify(.) by extension 'ignore'
[0.408s] Level 1:colcon.colcon_core.package_identification:_identify(.) by extension 'ignore_ament_install'
[0.408s] Level 1:colcon.colcon_core.package_identification:_identify(.) by extensions ['colcon_pkg']
[0.408s] Level 1:colcon.colcon_core.package_identification:_identify(.) by extension 'colcon_pkg'
[0.408s] Level 1:colcon.colcon_core.package_identification:_identify(.) by extensions ['colcon_meta']
[0.408s] Level 1:colcon.colcon_core.package_identification:_identify(.) by extension 'colcon_meta'
[0.408s] Level 1:colcon.colcon_core.package_identification:_identify(.) by extensions ['ros']
[0.408s] Level 1:colcon.colcon_core.package_identification:_identify(.) by extension 'ros'
[0.419s] Level 1:colcon.colcon_core.package_identification:_identify(.) by extensions ['cmake', 'python']
[0.419s] Level 1:colcon.colcon_core.package_identification:_identify(.) by extension 'cmake'
[0.419s] Level 1:colcon.colcon_core.package_identification:_identify(.) by extension 'python'
[0.419s] Level 1:colcon.colcon_core.package_identification:_identify(.) by extensions ['python_setup_py']
[0.419s] Level 1:colcon.colcon_core.package_identification:_identify(.) by extension 'python_setup_py'
[0.419s] Level 1:colcon.colcon_core.package_identification:_identify(build) by extensions ['ignore', 'ignore_ament_install']
[0.419s] Level 1:colcon.colcon_core.package_identification:_identify(build) by extension 'ignore'
[0.419s] Level 1:colcon.colcon_core.package_identification:_identify(build) ignored
[0.419s] Level 1:colcon.colcon_core.package_identification:_identify(install) by extensions ['ignore', 'ignore_ament_install']
[0.419s] Level 1:colcon.colcon_core.package_identification:_identify(install) by extension 'ignore'
[0.419s] Level 1:colcon.colcon_core.package_identification:_identify(install) ignored
[0.420s] Level 1:colcon.colcon_core.package_identification:_identify(log) by extensions ['ignore', 'ignore_ament_install']
[0.420s] Level 1:colcon.colcon_core.package_identification:_identify(log) by extension 'ignore'
[0.420s] Level 1:colcon.colcon_core.package_identification:_identify(log) ignored
[0.420s] Level 1:colcon.colcon_core.package_identification:_identify(maps) by extensions ['ignore', 'ignore_ament_install']
[0.420s] Level 1:colcon.colcon_core.package_identification:_identify(maps) by extension 'ignore'
[0.420s] Level 1:colcon.colcon_core.package_identification:_identify(maps) by extension 'ignore_ament_install'
[0.420s] Level 1:colcon.colcon_core.package_identification:_identify(maps) by extensions ['colcon_pkg']
[0.420s] Level 1:colcon.colcon_core.package_identification:_identify(maps) by extension 'colcon_pkg'
[0.420s] Level 1:colcon.colcon_core.package_identification:_identify(maps) by extensions ['colcon_meta']
[0.420s] Level 1:colcon.colcon_core.package_identification:_identify(maps) by extension 'colcon_meta'
[0.420s] Level 1:colcon.colcon_core.package_identification:_identify(maps) by extensions ['ros']
[0.420s] Level 1:colcon.colcon_core.package_identification:_identify(maps) by extension 'ros'
[0.420s] Level 1:colcon.colcon_core.package_identification:_identify(maps) by extensions ['cmake', 'python']
[0.420s] Level 1:colcon.colcon_core.package_identification:_identify(maps) by extension 'cmake'
[0.420s] Level 1:colcon.colcon_core.package_identification:_identify(maps) by extension 'python'
[0.420s] Level 1:colcon.colcon_core.package_identification:_identify(maps) by extensions ['python_setup_py']
[0.420s] Level 1:colcon.colcon_core.package_identification:_identify(maps) by extension 'python_setup_py'
[0.420s] Level 1:colcon.colcon_core.package_identification:_identify(src) by extensions ['ignore', 'ignore_ament_install']
[0.420s] Level 1:colcon.colcon_core.package_identification:_identify(src) by extension 'ignore'
[0.420s] Level 1:colcon.colcon_core.package_identification:_identify(src) by extension 'ignore_ament_install'
[0.421s] Level 1:colcon.colcon_core.package_identification:_identify(src) by extensions ['colcon_pkg']
[0.421s] Level 1:colcon.colcon_core.package_identification:_identify(src) by extension 'colcon_pkg'
[0.421s] Level 1:colcon.colcon_core.package_identification:_identify(src) by extensions ['colcon_meta']
[0.421s] Level 1:colcon.colcon_core.package_identification:_identify(src) by extension 'colcon_meta'
[0.421s] Level 1:colcon.colcon_core.package_identification:_identify(src) by extensions ['ros']
[0.421s] Level 1:colcon.colcon_core.package_identification:_identify(src) by extension 'ros'
[0.421s] Level 1:colcon.colcon_core.package_identification:_identify(src) by extensions ['cmake', 'python']
[0.421s] Level 1:colcon.colcon_core.package_identification:_identify(src) by extension 'cmake'
[0.421s] Level 1:colcon.colcon_core.package_identification:_identify(src) by extension 'python'
[0.421s] Level 1:colcon.colcon_core.package_identification:_identify(src) by extensions ['python_setup_py']
[0.421s] Level 1:colcon.colcon_core.package_identification:_identify(src) by extension 'python_setup_py'
[0.421s] Level 1:colcon.colcon_core.package_identification:_identify(src/lio_sam) by extensions ['ignore', 'ignore_ament_install']
[0.421s] Level 1:colcon.colcon_core.package_identification:_identify(src/lio_sam) by extension 'ignore'
[0.421s] Level 1:colcon.colcon_core.package_identification:_identify(src/lio_sam) by extension 'ignore_ament_install'
[0.421s] Level 1:colcon.colcon_core.package_identification:_identify(src/lio_sam) by extensions ['colcon_pkg']
[0.421s] Level 1:colcon.colcon_core.package_identification:_identify(src/lio_sam) by extension 'colcon_pkg'
[0.421s] Level 1:colcon.colcon_core.package_identification:_identify(src/lio_sam) by extensions ['colcon_meta']
[0.421s] Level 1:colcon.colcon_core.package_identification:_identify(src/lio_sam) by extension 'colcon_meta'
[0.421s] Level 1:colcon.colcon_core.package_identification:_identify(src/lio_sam) by extensions ['ros']
[0.421s] Level 1:colcon.colcon_core.package_identification:_identify(src/lio_sam) by extension 'ros'
[0.424s] DEBUG:colcon.colcon_core.package_identification:Package 'src/lio_sam' with type 'ros.ament_cmake' and name 'lio_sam'
[0.424s] Level 1:colcon.colcon_core.package_identification:_identify(src/rtabmap_ros) by extensions ['ignore', 'ignore_ament_install']
[0.424s] Level 1:colcon.colcon_core.package_identification:_identify(src/rtabmap_ros) by extension 'ignore'
[0.424s] Level 1:colcon.colcon_core.package_identification:_identify(src/rtabmap_ros) by extension 'ignore_ament_install'
[0.424s] Level 1:colcon.colcon_core.package_identification:_identify(src/rtabmap_ros) by extensions ['colcon_pkg']
[0.424s] Level 1:colcon.colcon_core.package_identification:_identify(src/rtabmap_ros) by extension 'colcon_pkg'
[0.424s] Level 1:colcon.colcon_core.package_identification:_identify(src/rtabmap_ros) by extensions ['colcon_meta']
[0.425s] Level 1:colcon.colcon_core.package_identification:_identify(src/rtabmap_ros) by extension 'colcon_meta'
[0.425s] Level 1:colcon.colcon_core.package_identification:_identify(src/rtabmap_ros) by extensions ['ros']
[0.425s] Level 1:colcon.colcon_core.package_identification:_identify(src/rtabmap_ros) by extension 'ros'
[0.425s] DEBUG:colcon.colcon_core.package_identification:Package 'src/rtabmap_ros' with type 'ros.ament_cmake' and name 'rtabmap_ros'
[0.425s] Level 1:colcon.colcon_core.package_identification:_identify(src/unilidar_sdk) by extensions ['ignore', 'ignore_ament_install']
[0.425s] Level 1:colcon.colcon_core.package_identification:_identify(src/unilidar_sdk) by extension 'ignore'
[0.425s] Level 1:colcon.colcon_core.package_identification:_identify(src/unilidar_sdk) by extension 'ignore_ament_install'
[0.426s] Level 1:colcon.colcon_core.package_identification:_identify(src/unilidar_sdk) by extensions ['colcon_pkg']
[0.426s] Level 1:colcon.colcon_core.package_identification:_identify(src/unilidar_sdk) by extension 'colcon_pkg'
[0.426s] Level 1:colcon.colcon_core.package_identification:_identify(src/unilidar_sdk) by extensions ['colcon_meta']
[0.426s] Level 1:colcon.colcon_core.package_identification:_identify(src/unilidar_sdk) by extension 'colcon_meta'
[0.426s] Level 1:colcon.colcon_core.package_identification:_identify(src/unilidar_sdk) by extensions ['ros']
[0.426s] Level 1:colcon.colcon_core.package_identification:_identify(src/unilidar_sdk) by extension 'ros'
[0.426s] Level 1:colcon.colcon_core.package_identification:_identify(src/unilidar_sdk) by extensions ['cmake', 'python']
[0.426s] Level 1:colcon.colcon_core.package_identification:_identify(src/unilidar_sdk) by extension 'cmake'
[0.426s] Level 1:colcon.colcon_core.package_identification:_identify(src/unilidar_sdk) by extension 'python'
[0.426s] Level 1:colcon.colcon_core.package_identification:_identify(src/unilidar_sdk) by extensions ['python_setup_py']
[0.426s] Level 1:colcon.colcon_core.package_identification:_identify(src/unilidar_sdk) by extension 'python_setup_py'
[0.426s] Level 1:colcon.colcon_core.package_identification:_identify(src/unilidar_sdk/docs) by extensions ['ignore', 'ignore_ament_install']
[0.426s] Level 1:colcon.colcon_core.package_identification:_identify(src/unilidar_sdk/docs) by extension 'ignore'
[0.426s] Level 1:colcon.colcon_core.package_identification:_identify(src/unilidar_sdk/docs) by extension 'ignore_ament_install'
[0.426s] Level 1:colcon.colcon_core.package_identification:_identify(src/unilidar_sdk/docs) by extensions ['colcon_pkg']
[0.426s] Level 1:colcon.colcon_core.package_identification:_identify(src/unilidar_sdk/docs) by extension 'colcon_pkg'
[0.426s] Level 1:colcon.colcon_core.package_identification:_identify(src/unilidar_sdk/docs) by extensions ['colcon_meta']
[0.426s] Level 1:colcon.colcon_core.package_identification:_identify(src/unilidar_sdk/docs) by extension 'colcon_meta'
[0.426s] Level 1:colcon.colcon_core.package_identification:_identify(src/unilidar_sdk/docs) by extensions ['ros']
[0.426s] Level 1:colcon.colcon_core.package_identification:_identify(src/unilidar_sdk/docs) by extension 'ros'
[0.427s] Level 1:colcon.colcon_core.package_identification:_identify(src/unilidar_sdk/docs) by extensions ['cmake', 'python']
[0.427s] Level 1:colcon.colcon_core.package_identification:_identify(src/unilidar_sdk/docs) by extension 'cmake'
[0.427s] Level 1:colcon.colcon_core.package_identification:_identify(src/unilidar_sdk/docs) by extension 'python'
[0.427s] Level 1:colcon.colcon_core.package_identification:_identify(src/unilidar_sdk/docs) by extensions ['python_setup_py']
[0.427s] Level 1:colcon.colcon_core.package_identification:_identify(src/unilidar_sdk/docs) by extension 'python_setup_py'
[0.427s] Level 1:colcon.colcon_core.package_identification:_identify(src/unilidar_sdk/unitree_lidar_ros2) by extensions ['ignore', 'ignore_ament_install']
[0.427s] Level 1:colcon.colcon_core.package_identification:_identify(src/unilidar_sdk/unitree_lidar_ros2) by extension 'ignore'
[0.427s] Level 1:colcon.colcon_core.package_identification:_identify(src/unilidar_sdk/unitree_lidar_ros2) by extension 'ignore_ament_install'
[0.427s] Level 1:colcon.colcon_core.package_identification:_identify(src/unilidar_sdk/unitree_lidar_ros2) by extensions ['colcon_pkg']
[0.427s] Level 1:colcon.colcon_core.package_identification:_identify(src/unilidar_sdk/unitree_lidar_ros2) by extension 'colcon_pkg'
[0.427s] Level 1:colcon.colcon_core.package_identification:_identify(src/unilidar_sdk/unitree_lidar_ros2) by extensions ['colcon_meta']
[0.427s] Level 1:colcon.colcon_core.package_identification:_identify(src/unilidar_sdk/unitree_lidar_ros2) by extension 'colcon_meta'
[0.427s] Level 1:colcon.colcon_core.package_identification:_identify(src/unilidar_sdk/unitree_lidar_ros2) by extensions ['ros']
[0.427s] Level 1:colcon.colcon_core.package_identification:_identify(src/unilidar_sdk/unitree_lidar_ros2) by extension 'ros'
[0.427s] Level 1:colcon.colcon_core.package_identification:_identify(src/unilidar_sdk/unitree_lidar_ros2) by extensions ['cmake', 'python']
[0.427s] Level 1:colcon.colcon_core.package_identification:_identify(src/unilidar_sdk/unitree_lidar_ros2) by extension 'cmake'
[0.427s] Level 1:colcon.colcon_core.package_identification:_identify(src/unilidar_sdk/unitree_lidar_ros2) by extension 'python'
[0.427s] Level 1:colcon.colcon_core.package_identification:_identify(src/unilidar_sdk/unitree_lidar_ros2) by extensions ['python_setup_py']
[0.427s] Level 1:colcon.colcon_core.package_identification:_identify(src/unilidar_sdk/unitree_lidar_ros2) by extension 'python_setup_py'
[0.427s] Level 1:colcon.colcon_core.package_identification:_identify(src/unilidar_sdk/unitree_lidar_ros2/build) by extensions ['ignore', 'ignore_ament_install']
[0.428s] Level 1:colcon.colcon_core.package_identification:_identify(src/unilidar_sdk/unitree_lidar_ros2/build) by extension 'ignore'
[0.428s] Level 1:colcon.colcon_core.package_identification:_identify(src/unilidar_sdk/unitree_lidar_ros2/build) ignored
[0.428s] Level 1:colcon.colcon_core.package_identification:_identify(src/unilidar_sdk/unitree_lidar_ros2/install) by extensions ['ignore', 'ignore_ament_install']
[0.428s] Level 1:colcon.colcon_core.package_identification:_identify(src/unilidar_sdk/unitree_lidar_ros2/install) by extension 'ignore'
[0.428s] Level 1:colcon.colcon_core.package_identification:_identify(src/unilidar_sdk/unitree_lidar_ros2/install) ignored
[0.428s] Level 1:colcon.colcon_core.package_identification:_identify(src/unilidar_sdk/unitree_lidar_ros2/log) by extensions ['ignore', 'ignore_ament_install']
[0.428s] Level 1:colcon.colcon_core.package_identification:_identify(src/unilidar_sdk/unitree_lidar_ros2/log) by extension 'ignore'
[0.428s] Level 1:colcon.colcon_core.package_identification:_identify(src/unilidar_sdk/unitree_lidar_ros2/log) ignored
[0.428s] Level 1:colcon.colcon_core.package_identification:_identify(src/unilidar_sdk/unitree_lidar_ros2/src) by extensions ['ignore', 'ignore_ament_install']
[0.428s] Level 1:colcon.colcon_core.package_identification:_identify(src/unilidar_sdk/unitree_lidar_ros2/src) by extension 'ignore'
[0.428s] Level 1:colcon.colcon_core.package_identification:_identify(src/unilidar_sdk/unitree_lidar_ros2/src) by extension 'ignore_ament_install'
[0.428s] Level 1:colcon.colcon_core.package_identification:_identify(src/unilidar_sdk/unitree_lidar_ros2/src) by extensions ['colcon_pkg']
[0.428s] Level 1:colcon.colcon_core.package_identification:_identify(src/unilidar_sdk/unitree_lidar_ros2/src) by extension 'colcon_pkg'
[0.428s] Level 1:colcon.colcon_core.package_identification:_identify(src/unilidar_sdk/unitree_lidar_ros2/src) by extensions ['colcon_meta']
[0.428s] Level 1:colcon.colcon_core.package_identification:_identify(src/unilidar_sdk/unitree_lidar_ros2/src) by extension 'colcon_meta'
[0.428s] Level 1:colcon.colcon_core.package_identification:_identify(src/unilidar_sdk/unitree_lidar_ros2/src) by extensions ['ros']
[0.429s] Level 1:colcon.colcon_core.package_identification:_identify(src/unilidar_sdk/unitree_lidar_ros2/src) by extension 'ros'
[0.429s] Level 1:colcon.colcon_core.package_identification:_identify(src/unilidar_sdk/unitree_lidar_ros2/src) by extensions ['cmake', 'python']
[0.429s] Level 1:colcon.colcon_core.package_identification:_identify(src/unilidar_sdk/unitree_lidar_ros2/src) by extension 'cmake'
[0.429s] Level 1:colcon.colcon_core.package_identification:_identify(src/unilidar_sdk/unitree_lidar_ros2/src) by extension 'python'
[0.429s] Level 1:colcon.colcon_core.package_identification:_identify(src/unilidar_sdk/unitree_lidar_ros2/src) by extensions ['python_setup_py']
[0.429s] Level 1:colcon.colcon_core.package_identification:_identify(src/unilidar_sdk/unitree_lidar_ros2/src) by extension 'python_setup_py'
[0.429s] Level 1:colcon.colcon_core.package_identification:_identify(src/unilidar_sdk/unitree_lidar_ros2/src/unitree_lidar_ros2) by extensions ['ignore', 'ignore_ament_install']
[0.429s] Level 1:colcon.colcon_core.package_identification:_identify(src/unilidar_sdk/unitree_lidar_ros2/src/unitree_lidar_ros2) by extension 'ignore'
[0.429s] Level 1:colcon.colcon_core.package_identification:_identify(src/unilidar_sdk/unitree_lidar_ros2/src/unitree_lidar_ros2) by extension 'ignore_ament_install'
[0.429s] Level 1:colcon.colcon_core.package_identification:_identify(src/unilidar_sdk/unitree_lidar_ros2/src/unitree_lidar_ros2) by extensions ['colcon_pkg']
[0.429s] Level 1:colcon.colcon_core.package_identification:_identify(src/unilidar_sdk/unitree_lidar_ros2/src/unitree_lidar_ros2) by extension 'colcon_pkg'
[0.429s] Level 1:colcon.colcon_core.package_identification:_identify(src/unilidar_sdk/unitree_lidar_ros2/src/unitree_lidar_ros2) by extensions ['colcon_meta']
[0.429s] Level 1:colcon.colcon_core.package_identification:_identify(src/unilidar_sdk/unitree_lidar_ros2/src/unitree_lidar_ros2) by extension 'colcon_meta'
[0.429s] Level 1:colcon.colcon_core.package_identification:_identify(src/unilidar_sdk/unitree_lidar_ros2/src/unitree_lidar_ros2) by extensions ['ros']
[0.429s] Level 1:colcon.colcon_core.package_identification:_identify(src/unilidar_sdk/unitree_lidar_ros2/src/unitree_lidar_ros2) by extension 'ros'
[0.430s] DEBUG:colcon.colcon_core.package_identification:Package 'src/unilidar_sdk/unitree_lidar_ros2/src/unitree_lidar_ros2' with type 'ros.ament_cmake' and name 'unitree_lidar_ros2'
[0.430s] Level 1:colcon.colcon_core.package_identification:_identify(src/unilidar_sdk/unitree_lidar_sdk) by extensions ['ignore', 'ignore_ament_install']
[0.430s] Level 1:colcon.colcon_core.package_identification:_identify(src/unilidar_sdk/unitree_lidar_sdk) by extension 'ignore'
[0.430s] Level 1:colcon.colcon_core.package_identification:_identify(src/unilidar_sdk/unitree_lidar_sdk) by extension 'ignore_ament_install'
[0.430s] Level 1:colcon.colcon_core.package_identification:_identify(src/unilidar_sdk/unitree_lidar_sdk) by extensions ['colcon_pkg']
[0.430s] Level 1:colcon.colcon_core.package_identification:_identify(src/unilidar_sdk/unitree_lidar_sdk) by extension 'colcon_pkg'
[0.430s] Level 1:colcon.colcon_core.package_identification:_identify(src/unilidar_sdk/unitree_lidar_sdk) by extensions ['colcon_meta']
[0.430s] Level 1:colcon.colcon_core.package_identification:_identify(src/unilidar_sdk/unitree_lidar_sdk) by extension 'colcon_meta'
[0.430s] Level 1:colcon.colcon_core.package_identification:_identify(src/unilidar_sdk/unitree_lidar_sdk) by extensions ['ros']
[0.431s] Level 1:colcon.colcon_core.package_identification:_identify(src/unilidar_sdk/unitree_lidar_sdk) by extension 'ros'
[0.431s] Level 1:colcon.colcon_core.package_identification:_identify(src/unilidar_sdk/unitree_lidar_sdk) by extensions ['cmake', 'python']
[0.431s] Level 1:colcon.colcon_core.package_identification:_identify(src/unilidar_sdk/unitree_lidar_sdk) by extension 'cmake'
[0.432s] Level 1:colcon.colcon_core.package_identification:_identify(src/unilidar_sdk/unitree_lidar_sdk) by extension 'python'
[0.432s] DEBUG:colcon.colcon_core.package_identification:Package 'src/unilidar_sdk/unitree_lidar_sdk' with type 'cmake' and name 'unitree_lidar_sdk'
[0.432s] Level 1:colcon.colcon_core.package_identification:_identify(src/unitree_lidar_mapping) by extensions ['ignore', 'ignore_ament_install']
[0.432s] Level 1:colcon.colcon_core.package_identification:_identify(src/unitree_lidar_mapping) by extension 'ignore'
[0.432s] Level 1:colcon.colcon_core.package_identification:_identify(src/unitree_lidar_mapping) by extension 'ignore_ament_install'
[0.432s] Level 1:colcon.colcon_core.package_identification:_identify(src/unitree_lidar_mapping) by extensions ['colcon_pkg']
[0.432s] Level 1:colcon.colcon_core.package_identification:_identify(src/unitree_lidar_mapping) by extension 'colcon_pkg'
[0.432s] Level 1:colcon.colcon_core.package_identification:_identify(src/unitree_lidar_mapping) by extensions ['colcon_meta']
[0.432s] Level 1:colcon.colcon_core.package_identification:_identify(src/unitree_lidar_mapping) by extension 'colcon_meta'
[0.433s] Level 1:colcon.colcon_core.package_identification:_identify(src/unitree_lidar_mapping) by extensions ['ros']
[0.433s] Level 1:colcon.colcon_core.package_identification:_identify(src/unitree_lidar_mapping) by extension 'ros'
[0.434s] DEBUG:colcon.colcon_core.package_identification:Package 'src/unitree_lidar_mapping' with type 'ros.ament_cmake' and name 'unitree_lidar_mapping'
[0.434s] Level 1:colcon.colcon_core.package_discovery:discover_packages(recursive) using defaults
[0.434s] Level 1:colcon.colcon_core.package_discovery:discover_packages(ignore) discover
[0.434s] Level 1:colcon.colcon_core.package_discovery:discover_packages(ignore) using defaults
[0.434s] Level 1:colcon.colcon_core.package_discovery:discover_packages(path) discover
[0.434s] Level 1:colcon.colcon_core.package_discovery:discover_packages(path) using defaults
[0.450s] Level 1:colcon.colcon_core.package_discovery:discover_packages(prefix_path) check parameters
[0.450s] Level 1:colcon.colcon_core.package_discovery:discover_packages(prefix_path) discover
[0.451s] WARNING:colcon.colcon_ros.prefix_path.ament:The path '/home/xmedia/ros2_foxy/install/lio_sam' in the environment variable AMENT_PREFIX_PATH doesn't exist
[0.451s] WARNING:colcon.colcon_ros.prefix_path.ament:The path '/home/xmedia/ros2_foxy/install/unitree_lidar_ros2' in the environment variable AMENT_PREFIX_PATH doesn't exist
[0.452s] WARNING:colcon.colcon_ros.prefix_path.ament:The path '/home/xmedia/ros2_foxy/install/unitree_lidar_mapping' in the environment variable AMENT_PREFIX_PATH doesn't exist
[0.452s] WARNING:colcon.colcon_ros.prefix_path.ament:The path '/home/xmedia/ros2_foxy/install/rtabmap_ros' in the environment variable AMENT_PREFIX_PATH doesn't exist
[0.452s] WARNING:colcon.colcon_ros.prefix_path.catkin:The path '/home/xmedia/ros2_foxy/install/lio_sam' in the environment variable CMAKE_PREFIX_PATH doesn't exist
[0.452s] WARNING:colcon.colcon_ros.prefix_path.catkin:The path '/home/xmedia/ros2_foxy/install/unitree_lidar_ros2' in the environment variable CMAKE_PREFIX_PATH doesn't exist
[0.452s] WARNING:colcon.colcon_ros.prefix_path.catkin:The path '/home/xmedia/ros2_foxy/install/unitree_lidar_mapping' in the environment variable CMAKE_PREFIX_PATH doesn't exist
[0.452s] WARNING:colcon.colcon_ros.prefix_path.catkin:The path '/home/xmedia/ros2_foxy/install/rtabmap_ros' in the environment variable CMAKE_PREFIX_PATH doesn't exist
[0.453s] DEBUG:colcon.colcon_installed_package_information.package_discovery:Found 0 installed packages in /home/xmedia/ros2_foxy/install
[0.455s] DEBUG:colcon.colcon_installed_package_information.package_discovery:Found 335 installed packages in /opt/ros/foxy
[0.472s] Level 1:colcon.colcon_core.package_discovery:discover_packages(prefix_path) using defaults
[0.546s] Level 5:colcon.colcon_core.verb:set package 'lio_sam' build argument 'cmake_args' from command line to '['-DCMAKE_BUILD_TYPE=Release']'
[0.546s] Level 5:colcon.colcon_core.verb:set package 'lio_sam' build argument 'cmake_target' from command line to 'None'
[0.546s] Level 5:colcon.colcon_core.verb:set package 'lio_sam' build argument 'cmake_target_skip_unavailable' from command line to 'False'
[0.546s] Level 5:colcon.colcon_core.verb:set package 'lio_sam' build argument 'cmake_clean_cache' from command line to 'False'
[0.546s] Level 5:colcon.colcon_core.verb:set package 'lio_sam' build argument 'cmake_clean_first' from command line to 'False'
[0.546s] Level 5:colcon.colcon_core.verb:set package 'lio_sam' build argument 'cmake_force_configure' from command line to 'False'
[0.546s] Level 5:colcon.colcon_core.verb:set package 'lio_sam' build argument 'ament_cmake_args' from command line to 'None'
[0.546s] Level 5:colcon.colcon_core.verb:set package 'lio_sam' build argument 'catkin_cmake_args' from command line to 'None'
[0.546s] Level 5:colcon.colcon_core.verb:set package 'lio_sam' build argument 'catkin_skip_building_tests' from command line to 'False'
[0.546s] DEBUG:colcon.colcon_core.verb:Building package 'lio_sam' with the following arguments: {'ament_cmake_args': None, 'build_base': '/home/xmedia/ros2_foxy/build/lio_sam', 'catkin_cmake_args': None, 'catkin_skip_building_tests': False, 'cmake_args': ['-DCMAKE_BUILD_TYPE=Release'], 'cmake_clean_cache': False, 'cmake_clean_first': False, 'cmake_force_configure': False, 'cmake_target': None, 'cmake_target_skip_unavailable': False, 'install_base': '/home/xmedia/ros2_foxy/install/lio_sam', 'merge_install': False, 'path': '/home/xmedia/ros2_foxy/src/lio_sam', 'symlink_install': True, 'test_result_base': None}
[0.546s] Level 5:colcon.colcon_core.verb:set package 'rtabmap_ros' build argument 'cmake_args' from command line to '['-DCMAKE_BUILD_TYPE=Release']'
[0.546s] Level 5:colcon.colcon_core.verb:set package 'rtabmap_ros' build argument 'cmake_target' from command line to 'None'
[0.546s] Level 5:colcon.colcon_core.verb:set package 'rtabmap_ros' build argument 'cmake_target_skip_unavailable' from command line to 'False'
[0.546s] Level 5:colcon.colcon_core.verb:set package 'rtabmap_ros' build argument 'cmake_clean_cache' from command line to 'False'
[0.546s] Level 5:colcon.colcon_core.verb:set package 'rtabmap_ros' build argument 'cmake_clean_first' from command line to 'False'
[0.546s] Level 5:colcon.colcon_core.verb:set package 'rtabmap_ros' build argument 'cmake_force_configure' from command line to 'False'
[0.546s] Level 5:colcon.colcon_core.verb:set package 'rtabmap_ros' build argument 'ament_cmake_args' from command line to 'None'
[0.547s] Level 5:colcon.colcon_core.verb:set package 'rtabmap_ros' build argument 'catkin_cmake_args' from command line to 'None'
[0.547s] Level 5:colcon.colcon_core.verb:set package 'rtabmap_ros' build argument 'catkin_skip_building_tests' from command line to 'False'
[0.547s] DEBUG:colcon.colcon_core.verb:Building package 'rtabmap_ros' with the following arguments: {'ament_cmake_args': None, 'build_base': '/home/xmedia/ros2_foxy/build/rtabmap_ros', 'catkin_cmake_args': None, 'catkin_skip_building_tests': False, 'cmake_args': ['-DCMAKE_BUILD_TYPE=Release'], 'cmake_clean_cache': False, 'cmake_clean_first': False, 'cmake_force_configure': False, 'cmake_target': None, 'cmake_target_skip_unavailable': False, 'install_base': '/home/xmedia/ros2_foxy/install/rtabmap_ros', 'merge_install': False, 'path': '/home/xmedia/ros2_foxy/src/rtabmap_ros', 'symlink_install': True, 'test_result_base': None}
[0.547s] Level 5:colcon.colcon_core.verb:set package 'unitree_lidar_mapping' build argument 'cmake_args' from command line to '['-DCMAKE_BUILD_TYPE=Release']'
[0.547s] Level 5:colcon.colcon_core.verb:set package 'unitree_lidar_mapping' build argument 'cmake_target' from command line to 'None'
[0.547s] Level 5:colcon.colcon_core.verb:set package 'unitree_lidar_mapping' build argument 'cmake_target_skip_unavailable' from command line to 'False'
[0.547s] Level 5:colcon.colcon_core.verb:set package 'unitree_lidar_mapping' build argument 'cmake_clean_cache' from command line to 'False'
[0.547s] Level 5:colcon.colcon_core.verb:set package 'unitree_lidar_mapping' build argument 'cmake_clean_first' from command line to 'False'
[0.547s] Level 5:colcon.colcon_core.verb:set package 'unitree_lidar_mapping' build argument 'cmake_force_configure' from command line to 'False'
[0.547s] Level 5:colcon.colcon_core.verb:set package 'unitree_lidar_mapping' build argument 'ament_cmake_args' from command line to 'None'
[0.547s] Level 5:colcon.colcon_core.verb:set package 'unitree_lidar_mapping' build argument 'catkin_cmake_args' from command line to 'None'
[0.547s] Level 5:colcon.colcon_core.verb:set package 'unitree_lidar_mapping' build argument 'catkin_skip_building_tests' from command line to 'False'
[0.547s] DEBUG:colcon.colcon_core.verb:Building package 'unitree_lidar_mapping' with the following arguments: {'ament_cmake_args': None, 'build_base': '/home/xmedia/ros2_foxy/build/unitree_lidar_mapping', 'catkin_cmake_args': None, 'catkin_skip_building_tests': False, 'cmake_args': ['-DCMAKE_BUILD_TYPE=Release'], 'cmake_clean_cache': False, 'cmake_clean_first': False, 'cmake_force_configure': False, 'cmake_target': None, 'cmake_target_skip_unavailable': False, 'install_base': '/home/xmedia/ros2_foxy/install/unitree_lidar_mapping', 'merge_install': False, 'path': '/home/xmedia/ros2_foxy/src/unitree_lidar_mapping', 'symlink_install': True, 'test_result_base': None}
[0.547s] Level 5:colcon.colcon_core.verb:set package 'unitree_lidar_ros2' build argument 'cmake_args' from command line to '['-DCMAKE_BUILD_TYPE=Release']'
[0.548s] Level 5:colcon.colcon_core.verb:set package 'unitree_lidar_ros2' build argument 'cmake_target' from command line to 'None'
[0.548s] Level 5:colcon.colcon_core.verb:set package 'unitree_lidar_ros2' build argument 'cmake_target_skip_unavailable' from command line to 'False'
[0.548s] Level 5:colcon.colcon_core.verb:set package 'unitree_lidar_ros2' build argument 'cmake_clean_cache' from command line to 'False'
[0.548s] Level 5:colcon.colcon_core.verb:set package 'unitree_lidar_ros2' build argument 'cmake_clean_first' from command line to 'False'
[0.548s] Level 5:colcon.colcon_core.verb:set package 'unitree_lidar_ros2' build argument 'cmake_force_configure' from command line to 'False'
[0.548s] Level 5:colcon.colcon_core.verb:set package 'unitree_lidar_ros2' build argument 'ament_cmake_args' from command line to 'None'
[0.548s] Level 5:colcon.colcon_core.verb:set package 'unitree_lidar_ros2' build argument 'catkin_cmake_args' from command line to 'None'
[0.548s] Level 5:colcon.colcon_core.verb:set package 'unitree_lidar_ros2' build argument 'catkin_skip_building_tests' from command line to 'False'
[0.548s] DEBUG:colcon.colcon_core.verb:Building package 'unitree_lidar_ros2' with the following arguments: {'ament_cmake_args': None, 'build_base': '/home/xmedia/ros2_foxy/build/unitree_lidar_ros2', 'catkin_cmake_args': None, 'catkin_skip_building_tests': False, 'cmake_args': ['-DCMAKE_BUILD_TYPE=Release'], 'cmake_clean_cache': False, 'cmake_clean_first': False, 'cmake_force_configure': False, 'cmake_target': None, 'cmake_target_skip_unavailable': False, 'install_base': '/home/xmedia/ros2_foxy/install/unitree_lidar_ros2', 'merge_install': False, 'path': '/home/xmedia/ros2_foxy/src/unilidar_sdk/unitree_lidar_ros2/src/unitree_lidar_ros2', 'symlink_install': True, 'test_result_base': None}
[0.548s] Level 5:colcon.colcon_core.verb:set package 'unitree_lidar_sdk' build argument 'cmake_args' from command line to '['-DCMAKE_BUILD_TYPE=Release']'
[0.548s] Level 5:colcon.colcon_core.verb:set package 'unitree_lidar_sdk' build argument 'cmake_target' from command line to 'None'
[0.548s] Level 5:colcon.colcon_core.verb:set package 'unitree_lidar_sdk' build argument 'cmake_target_skip_unavailable' from command line to 'False'
[0.548s] Level 5:colcon.colcon_core.verb:set package 'unitree_lidar_sdk' build argument 'cmake_clean_cache' from command line to 'False'
[0.548s] Level 5:colcon.colcon_core.verb:set package 'unitree_lidar_sdk' build argument 'cmake_clean_first' from command line to 'False'
[0.548s] Level 5:colcon.colcon_core.verb:set package 'unitree_lidar_sdk' build argument 'cmake_force_configure' from command line to 'False'
[0.548s] Level 5:colcon.colcon_core.verb:set package 'unitree_lidar_sdk' build argument 'ament_cmake_args' from command line to 'None'
[0.548s] Level 5:colcon.colcon_core.verb:set package 'unitree_lidar_sdk' build argument 'catkin_cmake_args' from command line to 'None'
[0.548s] Level 5:colcon.colcon_core.verb:set package 'unitree_lidar_sdk' build argument 'catkin_skip_building_tests' from command line to 'False'
[0.548s] DEBUG:colcon.colcon_core.verb:Building package 'unitree_lidar_sdk' with the following arguments: {'ament_cmake_args': None, 'build_base': '/home/xmedia/ros2_foxy/build/unitree_lidar_sdk', 'catkin_cmake_args': None, 'catkin_skip_building_tests': False, 'cmake_args': ['-DCMAKE_BUILD_TYPE=Release'], 'cmake_clean_cache': False, 'cmake_clean_first': False, 'cmake_force_configure': False, 'cmake_target': None, 'cmake_target_skip_unavailable': False, 'install_base': '/home/xmedia/ros2_foxy/install/unitree_lidar_sdk', 'merge_install': False, 'path': '/home/xmedia/ros2_foxy/src/unilidar_sdk/unitree_lidar_sdk', 'symlink_install': True, 'test_result_base': None}
[0.548s] INFO:colcon.colcon_core.executor:Executing jobs using 'parallel' executor
[0.549s] DEBUG:colcon.colcon_parallel_executor.executor.parallel:run_until_complete
[0.549s] INFO:colcon.colcon_ros.task.ament_cmake.build:Building ROS package in '/home/xmedia/ros2_foxy/src/lio_sam' with build type 'ament_cmake'
[0.549s] INFO:colcon.colcon_cmake.task.cmake.build:Building CMake package in '/home/xmedia/ros2_foxy/src/lio_sam'
[0.552s] INFO:colcon.colcon_core.plugin_system:Skipping extension 'colcon_core.shell.bat': Not used on non-Windows systems
[0.552s] INFO:colcon.colcon_core.shell:Skip shell extension 'powershell' for command environment: Not usable outside of PowerShell
[0.552s] DEBUG:colcon.colcon_core.shell:Skip shell extension 'dsv' for command environment
[0.557s] INFO:colcon.colcon_ros.task.ament_cmake.build:Building ROS package in '/home/xmedia/ros2_foxy/src/rtabmap_ros' with build type 'ament_cmake'
[0.557s] INFO:colcon.colcon_cmake.task.cmake.build:Building CMake package in '/home/xmedia/ros2_foxy/src/rtabmap_ros'
[0.558s] INFO:colcon.colcon_core.shell:Skip shell extension 'powershell' for command environment: Not usable outside of PowerShell
[0.558s] DEBUG:colcon.colcon_core.shell:Skip shell extension 'dsv' for command environment
[0.567s] INFO:colcon.colcon_ros.task.ament_cmake.build:Building ROS package in '/home/xmedia/ros2_foxy/src/unitree_lidar_mapping' with build type 'ament_cmake'
[0.567s] INFO:colcon.colcon_cmake.task.cmake.build:Building CMake package in '/home/xmedia/ros2_foxy/src/unitree_lidar_mapping'
[0.568s] INFO:colcon.colcon_core.shell:Skip shell extension 'powershell' for command environment: Not usable outside of PowerShell
[0.568s] DEBUG:colcon.colcon_core.shell:Skip shell extension 'dsv' for command environment
[0.573s] INFO:colcon.colcon_ros.task.ament_cmake.build:Building ROS package in '/home/xmedia/ros2_foxy/src/unilidar_sdk/unitree_lidar_ros2/src/unitree_lidar_ros2' with build type 'ament_cmake'
[0.574s] INFO:colcon.colcon_cmake.task.cmake.build:Building CMake package in '/home/xmedia/ros2_foxy/src/unilidar_sdk/unitree_lidar_ros2/src/unitree_lidar_ros2'
[0.574s] INFO:colcon.colcon_core.shell:Skip shell extension 'powershell' for command environment: Not usable outside of PowerShell
[0.575s] DEBUG:colcon.colcon_core.shell:Skip shell extension 'dsv' for command environment
[0.589s] DEBUG:colcon.colcon_core.event_handler.log_command:Invoking command in '/home/xmedia/ros2_foxy/build/lio_sam': CMAKE_PREFIX_PATH=${CMAKE_PREFIX_PATH}:/opt/ros/foxy /usr/bin/cmake /home/xmedia/ros2_foxy/src/lio_sam -DCMAKE_BUILD_TYPE=Release -DAMENT_CMAKE_SYMLINK_INSTALL=1 -DCMAKE_INSTALL_PREFIX=/home/xmedia/ros2_foxy/install/lio_sam
[0.600s] DEBUG:colcon.colcon_core.event_handler.log_command:Invoking command in '/home/xmedia/ros2_foxy/build/rtabmap_ros': CMAKE_PREFIX_PATH=${CMAKE_PREFIX_PATH}:/opt/ros/foxy /usr/bin/cmake /home/xmedia/ros2_foxy/src/rtabmap_ros -DCMAKE_BUILD_TYPE=Release -DAMENT_CMAKE_SYMLINK_INSTALL=1 -DCMAKE_INSTALL_PREFIX=/home/xmedia/ros2_foxy/install/rtabmap_ros
[0.602s] DEBUG:colcon.colcon_core.event_handler.log_command:Invoking command in '/home/xmedia/ros2_foxy/build/unitree_lidar_mapping': CMAKE_PREFIX_PATH=${CMAKE_PREFIX_PATH}:/opt/ros/foxy /usr/bin/cmake /home/xmedia/ros2_foxy/src/unitree_lidar_mapping -DCMAKE_BUILD_TYPE=Release -DAMENT_CMAKE_SYMLINK_INSTALL=1 -DCMAKE_INSTALL_PREFIX=/home/xmedia/ros2_foxy/install/unitree_lidar_mapping
[0.621s] DEBUG:colcon.colcon_core.event_handler.log_command:Invoking command in '/home/xmedia/ros2_foxy/build/unitree_lidar_ros2': CMAKE_PREFIX_PATH=${CMAKE_PREFIX_PATH}:/opt/ros/foxy /usr/bin/cmake /home/xmedia/ros2_foxy/src/unilidar_sdk/unitree_lidar_ros2/src/unitree_lidar_ros2 -DCMAKE_BUILD_TYPE=Release -DAMENT_CMAKE_SYMLINK_INSTALL=1 -DCMAKE_INSTALL_PREFIX=/home/xmedia/ros2_foxy/install/unitree_lidar_ros2
[2.246s] DEBUG:colcon.colcon_core.event_handler.log_command:Invoked command in '/home/xmedia/ros2_foxy/build/rtabmap_ros' returned '0': CMAKE_PREFIX_PATH=${CMAKE_PREFIX_PATH}:/opt/ros/foxy /usr/bin/cmake /home/xmedia/ros2_foxy/src/rtabmap_ros -DCMAKE_BUILD_TYPE=Release -DAMENT_CMAKE_SYMLINK_INSTALL=1 -DCMAKE_INSTALL_PREFIX=/home/xmedia/ros2_foxy/install/rtabmap_ros
[2.247s] DEBUG:colcon.colcon_core.event_handler.log_command:Invoking command in '/home/xmedia/ros2_foxy/build/rtabmap_ros': CMAKE_PREFIX_PATH=${CMAKE_PREFIX_PATH}:/opt/ros/foxy /usr/bin/cmake --build /home/xmedia/ros2_foxy/build/rtabmap_ros -- -j4 -l4
[2.318s] DEBUG:colcon.colcon_core.event_handler.log_command:Invoked command in '/home/xmedia/ros2_foxy/build/rtabmap_ros' returned '0': CMAKE_PREFIX_PATH=${CMAKE_PREFIX_PATH}:/opt/ros/foxy /usr/bin/cmake --build /home/xmedia/ros2_foxy/build/rtabmap_ros -- -j4 -l4
[2.336s] DEBUG:colcon.colcon_core.event_handler.log_command:Invoking command in '/home/xmedia/ros2_foxy/build/rtabmap_ros': CMAKE_PREFIX_PATH=${CMAKE_PREFIX_PATH}:/opt/ros/foxy /usr/bin/cmake --install /home/xmedia/ros2_foxy/build/rtabmap_ros
[2.565s] Level 1:colcon.colcon_core.environment:create_environment_scripts_only(rtabmap_ros)
[2.569s] Level 1:colcon.colcon_core.environment:checking '/home/xmedia/ros2_foxy/install/rtabmap_ros' for CMake module files
[2.570s] DEBUG:colcon.colcon_core.event_handler.log_command:Invoked command in '/home/xmedia/ros2_foxy/build/rtabmap_ros' returned '0': CMAKE_PREFIX_PATH=${CMAKE_PREFIX_PATH}:/opt/ros/foxy /usr/bin/cmake --install /home/xmedia/ros2_foxy/build/rtabmap_ros
[2.571s] Level 1:colcon.colcon_core.environment:checking '/home/xmedia/ros2_foxy/install/rtabmap_ros' for CMake config files
[2.571s] Level 1:colcon.colcon_core.shell:create_environment_hook('rtabmap_ros', 'cmake_prefix_path')
[2.571s] INFO:colcon.colcon_core.shell:Creating environment hook '/home/xmedia/ros2_foxy/install/rtabmap_ros/share/rtabmap_ros/hook/cmake_prefix_path.ps1'
[2.573s] INFO:colcon.colcon_core.shell:Creating environment descriptor '/home/xmedia/ros2_foxy/install/rtabmap_ros/share/rtabmap_ros/hook/cmake_prefix_path.dsv'
[2.573s] INFO:colcon.colcon_core.shell:Creating environment hook '/home/xmedia/ros2_foxy/install/rtabmap_ros/share/rtabmap_ros/hook/cmake_prefix_path.sh'
[2.575s] Level 1:colcon.colcon_core.environment:checking '/home/xmedia/ros2_foxy/install/rtabmap_ros/bin'
[2.575s] Level 1:colcon.colcon_core.environment:checking '/home/xmedia/ros2_foxy/install/rtabmap_ros/lib/pkgconfig/rtabmap_ros.pc'
[2.575s] Level 1:colcon.colcon_core.environment:checking '/home/xmedia/ros2_foxy/install/rtabmap_ros/lib/python3.8/site-packages'
[2.576s] Level 1:colcon.colcon_core.environment:checking '/home/xmedia/ros2_foxy/install/rtabmap_ros/bin'
[2.576s] INFO:colcon.colcon_core.shell:Creating package script '/home/xmedia/ros2_foxy/install/rtabmap_ros/share/rtabmap_ros/package.ps1'
[2.578s] INFO:colcon.colcon_core.shell:Creating package descriptor '/home/xmedia/ros2_foxy/install/rtabmap_ros/share/rtabmap_ros/package.dsv'
[2.584s] INFO:colcon.colcon_core.shell:Creating package script '/home/xmedia/ros2_foxy/install/rtabmap_ros/share/rtabmap_ros/package.sh'
[2.585s] INFO:colcon.colcon_core.shell:Creating package script '/home/xmedia/ros2_foxy/install/rtabmap_ros/share/rtabmap_ros/package.bash'
[2.586s] INFO:colcon.colcon_core.shell:Creating package script '/home/xmedia/ros2_foxy/install/rtabmap_ros/share/rtabmap_ros/package.zsh'
[2.587s] Level 1:colcon.colcon_core.environment:create_file_with_runtime_dependencies(/home/xmedia/ros2_foxy/install/rtabmap_ros/share/colcon-core/packages/rtabmap_ros)
[2.588s] Level 1:colcon.colcon_core.environment:create_environment_scripts_only(rtabmap_ros)
[2.589s] Level 1:colcon.colcon_core.environment:checking '/home/xmedia/ros2_foxy/install/rtabmap_ros' for CMake module files
[2.590s] Level 1:colcon.colcon_core.environment:checking '/home/xmedia/ros2_foxy/install/rtabmap_ros' for CMake config files
[2.590s] Level 1:colcon.colcon_core.shell:create_environment_hook('rtabmap_ros', 'cmake_prefix_path')
[2.590s] INFO:colcon.colcon_core.shell:Creating environment hook '/home/xmedia/ros2_foxy/install/rtabmap_ros/share/rtabmap_ros/hook/cmake_prefix_path.ps1'
[2.591s] INFO:colcon.colcon_core.shell:Creating environment descriptor '/home/xmedia/ros2_foxy/install/rtabmap_ros/share/rtabmap_ros/hook/cmake_prefix_path.dsv'
[2.592s] INFO:colcon.colcon_core.shell:Creating environment hook '/home/xmedia/ros2_foxy/install/rtabmap_ros/share/rtabmap_ros/hook/cmake_prefix_path.sh'
[2.593s] Level 1:colcon.colcon_core.environment:checking '/home/xmedia/ros2_foxy/install/rtabmap_ros/bin'
[2.593s] Level 1:colcon.colcon_core.environment:checking '/home/xmedia/ros2_foxy/install/rtabmap_ros/lib/pkgconfig/rtabmap_ros.pc'
[2.593s] Level 1:colcon.colcon_core.environment:checking '/home/xmedia/ros2_foxy/install/rtabmap_ros/lib/python3.8/site-packages'
[2.593s] Level 1:colcon.colcon_core.environment:checking '/home/xmedia/ros2_foxy/install/rtabmap_ros/bin'
[2.594s] INFO:colcon.colcon_core.shell:Creating package script '/home/xmedia/ros2_foxy/install/rtabmap_ros/share/rtabmap_ros/package.ps1'
[2.597s] INFO:colcon.colcon_core.shell:Creating package descriptor '/home/xmedia/ros2_foxy/install/rtabmap_ros/share/rtabmap_ros/package.dsv'
[2.599s] INFO:colcon.colcon_core.shell:Creating package script '/home/xmedia/ros2_foxy/install/rtabmap_ros/share/rtabmap_ros/package.sh'
[2.600s] INFO:colcon.colcon_core.shell:Creating package script '/home/xmedia/ros2_foxy/install/rtabmap_ros/share/rtabmap_ros/package.bash'
[2.601s] INFO:colcon.colcon_core.shell:Creating package script '/home/xmedia/ros2_foxy/install/rtabmap_ros/share/rtabmap_ros/package.zsh'
[2.603s] Level 1:colcon.colcon_core.environment:create_file_with_runtime_dependencies(/home/xmedia/ros2_foxy/install/rtabmap_ros/share/colcon-core/packages/rtabmap_ros)
[2.604s] INFO:colcon.colcon_cmake.task.cmake.build:Building CMake package in '/home/xmedia/ros2_foxy/src/unilidar_sdk/unitree_lidar_sdk'
[2.605s] INFO:colcon.colcon_core.shell:Skip shell extension 'powershell' for command environment: Not usable outside of PowerShell
[2.605s] DEBUG:colcon.colcon_core.shell:Skip shell extension 'dsv' for command environment
[2.634s] DEBUG:colcon.colcon_core.event_handler.log_command:Invoking command in '/home/xmedia/ros2_foxy/build/unitree_lidar_sdk': /usr/bin/cmake /home/xmedia/ros2_foxy/src/unilidar_sdk/unitree_lidar_sdk -DCMAKE_BUILD_TYPE=Release -DCMAKE_INSTALL_PREFIX=/home/xmedia/ros2_foxy/install/unitree_lidar_sdk
[3.842s] DEBUG:colcon.colcon_core.event_handler.log_command:Invoked command in '/home/xmedia/ros2_foxy/build/unitree_lidar_sdk' returned '0': /usr/bin/cmake /home/xmedia/ros2_foxy/src/unilidar_sdk/unitree_lidar_sdk -DCMAKE_BUILD_TYPE=Release -DCMAKE_INSTALL_PREFIX=/home/xmedia/ros2_foxy/install/unitree_lidar_sdk
[3.843s] DEBUG:colcon.colcon_core.event_handler.log_command:Invoking command in '/home/xmedia/ros2_foxy/build/unitree_lidar_sdk': /usr/bin/cmake --build /home/xmedia/ros2_foxy/build/unitree_lidar_sdk -- -j4 -l4
[5.748s] DEBUG:colcon.colcon_core.event_handler.log_command:Invoked command in '/home/xmedia/ros2_foxy/build/unitree_lidar_sdk' returned '0': /usr/bin/cmake --build /home/xmedia/ros2_foxy/build/unitree_lidar_sdk -- -j4 -l4
[5.747s] WARNING:colcon.colcon_cmake.task.cmake.build:Could not run installation step for package 'unitree_lidar_sdk' because it has no 'install' target
[5.748s] Level 1:colcon.colcon_core.environment:create_environment_scripts_only(unitree_lidar_sdk)
[5.749s] Level 1:colcon.colcon_core.environment:checking '/home/xmedia/ros2_foxy/install/unitree_lidar_sdk' for CMake module files
[5.750s] Level 1:colcon.colcon_core.environment:checking '/home/xmedia/ros2_foxy/install/unitree_lidar_sdk' for CMake config files
[5.750s] Level 1:colcon.colcon_core.environment:checking '/home/xmedia/ros2_foxy/install/unitree_lidar_sdk/bin'
[5.750s] Level 1:colcon.colcon_core.environment:checking '/home/xmedia/ros2_foxy/install/unitree_lidar_sdk/lib/pkgconfig/unitree_lidar_sdk.pc'
[5.751s] Level 1:colcon.colcon_core.environment:checking '/home/xmedia/ros2_foxy/install/unitree_lidar_sdk/lib/python3.8/site-packages'
[5.751s] Level 1:colcon.colcon_core.environment:checking '/home/xmedia/ros2_foxy/install/unitree_lidar_sdk/bin'
[5.751s] INFO:colcon.colcon_core.shell:Creating package script '/home/xmedia/ros2_foxy/install/unitree_lidar_sdk/share/unitree_lidar_sdk/package.ps1'
[5.753s] INFO:colcon.colcon_core.shell:Creating package descriptor '/home/xmedia/ros2_foxy/install/unitree_lidar_sdk/share/unitree_lidar_sdk/package.dsv'
[5.754s] INFO:colcon.colcon_core.shell:Creating package script '/home/xmedia/ros2_foxy/install/unitree_lidar_sdk/share/unitree_lidar_sdk/package.sh'
[5.755s] INFO:colcon.colcon_core.shell:Creating package script '/home/xmedia/ros2_foxy/install/unitree_lidar_sdk/share/unitree_lidar_sdk/package.bash'
[5.757s] INFO:colcon.colcon_core.shell:Creating package script '/home/xmedia/ros2_foxy/install/unitree_lidar_sdk/share/unitree_lidar_sdk/package.zsh'
[5.758s] Level 1:colcon.colcon_core.environment:create_file_with_runtime_dependencies(/home/xmedia/ros2_foxy/install/unitree_lidar_sdk/share/colcon-core/packages/unitree_lidar_sdk)
[6.466s] DEBUG:colcon.colcon_core.event_handler.log_command:Invoked command in '/home/xmedia/ros2_foxy/build/unitree_lidar_ros2' returned '0': CMAKE_PREFIX_PATH=${CMAKE_PREFIX_PATH}:/opt/ros/foxy /usr/bin/cmake /home/xmedia/ros2_foxy/src/unilidar_sdk/unitree_lidar_ros2/src/unitree_lidar_ros2 -DCMAKE_BUILD_TYPE=Release -DAMENT_CMAKE_SYMLINK_INSTALL=1 -DCMAKE_INSTALL_PREFIX=/home/xmedia/ros2_foxy/install/unitree_lidar_ros2
[6.467s] DEBUG:colcon.colcon_core.event_handler.log_command:Invoking command in '/home/xmedia/ros2_foxy/build/unitree_lidar_ros2': CMAKE_PREFIX_PATH=${CMAKE_PREFIX_PATH}:/opt/ros/foxy /usr/bin/cmake --build /home/xmedia/ros2_foxy/build/unitree_lidar_ros2 -- -j4 -l4
[7.880s] DEBUG:colcon.colcon_core.event_handler.log_command:Invoked command in '/home/xmedia/ros2_foxy/build/unitree_lidar_mapping' returned '0': CMAKE_PREFIX_PATH=${CMAKE_PREFIX_PATH}:/opt/ros/foxy /usr/bin/cmake /home/xmedia/ros2_foxy/src/unitree_lidar_mapping -DCMAKE_BUILD_TYPE=Release -DAMENT_CMAKE_SYMLINK_INSTALL=1 -DCMAKE_INSTALL_PREFIX=/home/xmedia/ros2_foxy/install/unitree_lidar_mapping
[7.881s] DEBUG:colcon.colcon_core.event_handler.log_command:Invoking command in '/home/xmedia/ros2_foxy/build/unitree_lidar_mapping': CMAKE_PREFIX_PATH=${CMAKE_PREFIX_PATH}:/opt/ros/foxy /usr/bin/cmake --build /home/xmedia/ros2_foxy/build/unitree_lidar_mapping -- -j4 -l4
[12.083s] DEBUG:colcon.colcon_core.event_handler.log_command:Invoked command in '/home/xmedia/ros2_foxy/build/lio_sam' returned '0': CMAKE_PREFIX_PATH=${CMAKE_PREFIX_PATH}:/opt/ros/foxy /usr/bin/cmake /home/xmedia/ros2_foxy/src/lio_sam -DCMAKE_BUILD_TYPE=Release -DAMENT_CMAKE_SYMLINK_INSTALL=1 -DCMAKE_INSTALL_PREFIX=/home/xmedia/ros2_foxy/install/lio_sam
[12.084s] DEBUG:colcon.colcon_core.event_handler.log_command:Invoking command in '/home/xmedia/ros2_foxy/build/lio_sam': CMAKE_PREFIX_PATH=${CMAKE_PREFIX_PATH}:/opt/ros/foxy /usr/bin/cmake --build /home/xmedia/ros2_foxy/build/lio_sam -- -j4 -l4
[43.217s] DEBUG:colcon.colcon_core.event_handler.log_command:Invoked command in '/home/xmedia/ros2_foxy/build/unitree_lidar_ros2' returned '0': CMAKE_PREFIX_PATH=${CMAKE_PREFIX_PATH}:/opt/ros/foxy /usr/bin/cmake --build /home/xmedia/ros2_foxy/build/unitree_lidar_ros2 -- -j4 -l4
[43.218s] DEBUG:colcon.colcon_core.event_handler.log_command:Invoking command in '/home/xmedia/ros2_foxy/build/unitree_lidar_ros2': CMAKE_PREFIX_PATH=${CMAKE_PREFIX_PATH}:/opt/ros/foxy /usr/bin/cmake --install /home/xmedia/ros2_foxy/build/unitree_lidar_ros2
[43.593s] Level 1:colcon.colcon_core.environment:create_environment_scripts_only(unitree_lidar_ros2)
[43.593s] Level 1:colcon.colcon_core.environment:checking '/home/xmedia/ros2_foxy/install/unitree_lidar_ros2' for CMake module files
[43.594s] Level 1:colcon.colcon_core.environment:checking '/home/xmedia/ros2_foxy/install/unitree_lidar_ros2' for CMake config files
[43.595s] Level 1:colcon.colcon_core.shell:create_environment_hook('unitree_lidar_ros2', 'cmake_prefix_path')
[43.595s] INFO:colcon.colcon_core.shell:Creating environment hook '/home/xmedia/ros2_foxy/install/unitree_lidar_ros2/share/unitree_lidar_ros2/hook/cmake_prefix_path.ps1'
[43.596s] INFO:colcon.colcon_core.shell:Creating environment descriptor '/home/xmedia/ros2_foxy/install/unitree_lidar_ros2/share/unitree_lidar_ros2/hook/cmake_prefix_path.dsv'
[43.597s] INFO:colcon.colcon_core.shell:Creating environment hook '/home/xmedia/ros2_foxy/install/unitree_lidar_ros2/share/unitree_lidar_ros2/hook/cmake_prefix_path.sh'
[43.598s] Level 1:colcon.colcon_core.environment:checking '/home/xmedia/ros2_foxy/install/unitree_lidar_ros2/lib'
[43.598s] Level 1:colcon.colcon_core.environment:checking '/home/xmedia/ros2_foxy/install/unitree_lidar_ros2/bin'
[43.598s] Level 1:colcon.colcon_core.environment:checking '/home/xmedia/ros2_foxy/install/unitree_lidar_ros2/lib/pkgconfig/unitree_lidar_ros2.pc'
[43.599s] Level 1:colcon.colcon_core.environment:checking '/home/xmedia/ros2_foxy/install/unitree_lidar_ros2/lib/python3.8/site-packages'
[43.599s] DEBUG:colcon.colcon_core.event_handler.log_command:Invoked command in '/home/xmedia/ros2_foxy/build/unitree_lidar_ros2' returned '0': CMAKE_PREFIX_PATH=${CMAKE_PREFIX_PATH}:/opt/ros/foxy /usr/bin/cmake --install /home/xmedia/ros2_foxy/build/unitree_lidar_ros2
[43.600s] Level 1:colcon.colcon_core.environment:checking '/home/xmedia/ros2_foxy/install/unitree_lidar_ros2/bin'
[43.601s] INFO:colcon.colcon_core.shell:Creating package script '/home/xmedia/ros2_foxy/install/unitree_lidar_ros2/share/unitree_lidar_ros2/package.ps1'
[43.601s] INFO:colcon.colcon_core.shell:Creating package descriptor '/home/xmedia/ros2_foxy/install/unitree_lidar_ros2/share/unitree_lidar_ros2/package.dsv'
[43.602s] INFO:colcon.colcon_core.shell:Creating package script '/home/xmedia/ros2_foxy/install/unitree_lidar_ros2/share/unitree_lidar_ros2/package.sh'
[43.605s] INFO:colcon.colcon_core.shell:Creating package script '/home/xmedia/ros2_foxy/install/unitree_lidar_ros2/share/unitree_lidar_ros2/package.bash'
[43.605s] INFO:colcon.colcon_core.shell:Creating package script '/home/xmedia/ros2_foxy/install/unitree_lidar_ros2/share/unitree_lidar_ros2/package.zsh'
[43.617s] Level 1:colcon.colcon_core.environment:create_file_with_runtime_dependencies(/home/xmedia/ros2_foxy/install/unitree_lidar_ros2/share/colcon-core/packages/unitree_lidar_ros2)
[43.619s] Level 1:colcon.colcon_core.environment:create_environment_scripts_only(unitree_lidar_ros2)
[43.620s] Level 1:colcon.colcon_core.environment:checking '/home/xmedia/ros2_foxy/install/unitree_lidar_ros2' for CMake module files
[43.620s] Level 1:colcon.colcon_core.environment:checking '/home/xmedia/ros2_foxy/install/unitree_lidar_ros2' for CMake config files
[43.621s] Level 1:colcon.colcon_core.shell:create_environment_hook('unitree_lidar_ros2', 'cmake_prefix_path')
[43.621s] INFO:colcon.colcon_core.shell:Creating environment hook '/home/xmedia/ros2_foxy/install/unitree_lidar_ros2/share/unitree_lidar_ros2/hook/cmake_prefix_path.ps1'
[43.622s] INFO:colcon.colcon_core.shell:Creating environment descriptor '/home/xmedia/ros2_foxy/install/unitree_lidar_ros2/share/unitree_lidar_ros2/hook/cmake_prefix_path.dsv'
[43.623s] INFO:colcon.colcon_core.shell:Creating environment hook '/home/xmedia/ros2_foxy/install/unitree_lidar_ros2/share/unitree_lidar_ros2/hook/cmake_prefix_path.sh'
[43.627s] Level 1:colcon.colcon_core.environment:checking '/home/xmedia/ros2_foxy/install/unitree_lidar_ros2/lib'
[43.627s] Level 1:colcon.colcon_core.environment:checking '/home/xmedia/ros2_foxy/install/unitree_lidar_ros2/bin'
[43.634s] Level 1:colcon.colcon_core.environment:checking '/home/xmedia/ros2_foxy/install/unitree_lidar_ros2/lib/pkgconfig/unitree_lidar_ros2.pc'
[43.635s] Level 1:colcon.colcon_core.environment:checking '/home/xmedia/ros2_foxy/install/unitree_lidar_ros2/lib/python3.8/site-packages'
[43.635s] Level 1:colcon.colcon_core.environment:checking '/home/xmedia/ros2_foxy/install/unitree_lidar_ros2/bin'
[43.636s] INFO:colcon.colcon_core.shell:Creating package script '/home/xmedia/ros2_foxy/install/unitree_lidar_ros2/share/unitree_lidar_ros2/package.ps1'
[43.637s] INFO:colcon.colcon_core.shell:Creating package descriptor '/home/xmedia/ros2_foxy/install/unitree_lidar_ros2/share/unitree_lidar_ros2/package.dsv'
[43.639s] INFO:colcon.colcon_core.shell:Creating package script '/home/xmedia/ros2_foxy/install/unitree_lidar_ros2/share/unitree_lidar_ros2/package.sh'
[43.640s] INFO:colcon.colcon_core.shell:Creating package script '/home/xmedia/ros2_foxy/install/unitree_lidar_ros2/share/unitree_lidar_ros2/package.bash'
[43.641s] INFO:colcon.colcon_core.shell:Creating package script '/home/xmedia/ros2_foxy/install/unitree_lidar_ros2/share/unitree_lidar_ros2/package.zsh'
[43.643s] Level 1:colcon.colcon_core.environment:create_file_with_runtime_dependencies(/home/xmedia/ros2_foxy/install/unitree_lidar_ros2/share/colcon-core/packages/unitree_lidar_ros2)
[53.610s] DEBUG:colcon.colcon_core.event_handler.log_command:Invoked command in '/home/xmedia/ros2_foxy/build/unitree_lidar_mapping' returned '0': CMAKE_PREFIX_PATH=${CMAKE_PREFIX_PATH}:/opt/ros/foxy /usr/bin/cmake --build /home/xmedia/ros2_foxy/build/unitree_lidar_mapping -- -j4 -l4
[53.611s] DEBUG:colcon.colcon_core.event_handler.log_command:Invoking command in '/home/xmedia/ros2_foxy/build/unitree_lidar_mapping': CMAKE_PREFIX_PATH=${CMAKE_PREFIX_PATH}:/opt/ros/foxy /usr/bin/cmake --install /home/xmedia/ros2_foxy/build/unitree_lidar_mapping
[54.302s] Level 1:colcon.colcon_core.environment:create_environment_scripts_only(unitree_lidar_mapping)
[54.303s] Level 1:colcon.colcon_core.environment:checking '/home/xmedia/ros2_foxy/install/unitree_lidar_mapping' for CMake module files
[54.304s] Level 1:colcon.colcon_core.environment:checking '/home/xmedia/ros2_foxy/install/unitree_lidar_mapping' for CMake config files
[54.305s] Level 1:colcon.colcon_core.shell:create_environment_hook('unitree_lidar_mapping', 'cmake_prefix_path')
[54.305s] INFO:colcon.colcon_core.shell:Creating environment hook '/home/xmedia/ros2_foxy/install/unitree_lidar_mapping/share/unitree_lidar_mapping/hook/cmake_prefix_path.ps1'
[54.307s] DEBUG:colcon.colcon_core.event_handler.log_command:Invoked command in '/home/xmedia/ros2_foxy/build/unitree_lidar_mapping' returned '0': CMAKE_PREFIX_PATH=${CMAKE_PREFIX_PATH}:/opt/ros/foxy /usr/bin/cmake --install /home/xmedia/ros2_foxy/build/unitree_lidar_mapping
[54.308s] INFO:colcon.colcon_core.shell:Creating environment descriptor '/home/xmedia/ros2_foxy/install/unitree_lidar_mapping/share/unitree_lidar_mapping/hook/cmake_prefix_path.dsv'
[54.310s] INFO:colcon.colcon_core.shell:Creating environment hook '/home/xmedia/ros2_foxy/install/unitree_lidar_mapping/share/unitree_lidar_mapping/hook/cmake_prefix_path.sh'
[54.311s] Level 1:colcon.colcon_core.environment:checking '/home/xmedia/ros2_foxy/install/unitree_lidar_mapping/lib'
[54.311s] Level 1:colcon.colcon_core.environment:checking '/home/xmedia/ros2_foxy/install/unitree_lidar_mapping/bin'
[54.311s] Level 1:colcon.colcon_core.environment:checking '/home/xmedia/ros2_foxy/install/unitree_lidar_mapping/lib/pkgconfig/unitree_lidar_mapping.pc'
[54.312s] Level 1:colcon.colcon_core.environment:checking '/home/xmedia/ros2_foxy/install/unitree_lidar_mapping/lib/python3.8/site-packages'
[54.312s] Level 1:colcon.colcon_core.environment:checking '/home/xmedia/ros2_foxy/install/unitree_lidar_mapping/bin'
[54.312s] INFO:colcon.colcon_core.shell:Creating package script '/home/xmedia/ros2_foxy/install/unitree_lidar_mapping/share/unitree_lidar_mapping/package.ps1'
[54.315s] INFO:colcon.colcon_core.shell:Creating package descriptor '/home/xmedia/ros2_foxy/install/unitree_lidar_mapping/share/unitree_lidar_mapping/package.dsv'
[54.317s] INFO:colcon.colcon_core.shell:Creating package script '/home/xmedia/ros2_foxy/install/unitree_lidar_mapping/share/unitree_lidar_mapping/package.sh'
[54.327s] INFO:colcon.colcon_core.shell:Creating package script '/home/xmedia/ros2_foxy/install/unitree_lidar_mapping/share/unitree_lidar_mapping/package.bash'
[54.328s] INFO:colcon.colcon_core.shell:Creating package script '/home/xmedia/ros2_foxy/install/unitree_lidar_mapping/share/unitree_lidar_mapping/package.zsh'
[54.329s] Level 1:colcon.colcon_core.environment:create_file_with_runtime_dependencies(/home/xmedia/ros2_foxy/install/unitree_lidar_mapping/share/colcon-core/packages/unitree_lidar_mapping)
[54.331s] Level 1:colcon.colcon_core.environment:create_environment_scripts_only(unitree_lidar_mapping)
[54.332s] Level 1:colcon.colcon_core.environment:checking '/home/xmedia/ros2_foxy/install/unitree_lidar_mapping' for CMake module files
[54.332s] Level 1:colcon.colcon_core.environment:checking '/home/xmedia/ros2_foxy/install/unitree_lidar_mapping' for CMake config files
[54.333s] Level 1:colcon.colcon_core.shell:create_environment_hook('unitree_lidar_mapping', 'cmake_prefix_path')
[54.333s] INFO:colcon.colcon_core.shell:Creating environment hook '/home/xmedia/ros2_foxy/install/unitree_lidar_mapping/share/unitree_lidar_mapping/hook/cmake_prefix_path.ps1'
[54.334s] INFO:colcon.colcon_core.shell:Creating environment descriptor '/home/xmedia/ros2_foxy/install/unitree_lidar_mapping/share/unitree_lidar_mapping/hook/cmake_prefix_path.dsv'
[54.335s] INFO:colcon.colcon_core.shell:Creating environment hook '/home/xmedia/ros2_foxy/install/unitree_lidar_mapping/share/unitree_lidar_mapping/hook/cmake_prefix_path.sh'
[54.337s] Level 1:colcon.colcon_core.environment:checking '/home/xmedia/ros2_foxy/install/unitree_lidar_mapping/lib'
[54.337s] Level 1:colcon.colcon_core.environment:checking '/home/xmedia/ros2_foxy/install/unitree_lidar_mapping/bin'
[54.337s] Level 1:colcon.colcon_core.environment:checking '/home/xmedia/ros2_foxy/install/unitree_lidar_mapping/lib/pkgconfig/unitree_lidar_mapping.pc'
[54.337s] Level 1:colcon.colcon_core.environment:checking '/home/xmedia/ros2_foxy/install/unitree_lidar_mapping/lib/python3.8/site-packages'
[54.337s] Level 1:colcon.colcon_core.environment:checking '/home/xmedia/ros2_foxy/install/unitree_lidar_mapping/bin'
[54.338s] INFO:colcon.colcon_core.shell:Creating package script '/home/xmedia/ros2_foxy/install/unitree_lidar_mapping/share/unitree_lidar_mapping/package.ps1'
[54.339s] INFO:colcon.colcon_core.shell:Creating package descriptor '/home/xmedia/ros2_foxy/install/unitree_lidar_mapping/share/unitree_lidar_mapping/package.dsv'
[54.351s] INFO:colcon.colcon_core.shell:Creating package script '/home/xmedia/ros2_foxy/install/unitree_lidar_mapping/share/unitree_lidar_mapping/package.sh'
[54.352s] INFO:colcon.colcon_core.shell:Creating package script '/home/xmedia/ros2_foxy/install/unitree_lidar_mapping/share/unitree_lidar_mapping/package.bash'
[54.354s] INFO:colcon.colcon_core.shell:Creating package script '/home/xmedia/ros2_foxy/install/unitree_lidar_mapping/share/unitree_lidar_mapping/package.zsh'
[54.355s] Level 1:colcon.colcon_core.environment:create_file_with_runtime_dependencies(/home/xmedia/ros2_foxy/install/unitree_lidar_mapping/share/colcon-core/packages/unitree_lidar_mapping)
[116.811s] DEBUG:colcon.colcon_core.event_handler.log_command:Invoked command in '/home/xmedia/ros2_foxy/build/lio_sam' returned '0': CMAKE_PREFIX_PATH=${CMAKE_PREFIX_PATH}:/opt/ros/foxy /usr/bin/cmake --build /home/xmedia/ros2_foxy/build/lio_sam -- -j4 -l4
[116.814s] DEBUG:colcon.colcon_core.event_handler.log_command:Invoking command in '/home/xmedia/ros2_foxy/build/lio_sam': CMAKE_PREFIX_PATH=${CMAKE_PREFIX_PATH}:/opt/ros/foxy /usr/bin/cmake --install /home/xmedia/ros2_foxy/build/lio_sam
[117.891s] Level 1:colcon.colcon_core.environment:create_environment_scripts_only(lio_sam)
[117.892s] Level 1:colcon.colcon_core.environment:checking '/home/xmedia/ros2_foxy/install/lio_sam' for CMake module files
[117.894s] Level 1:colcon.colcon_core.environment:checking '/home/xmedia/ros2_foxy/install/lio_sam' for CMake config files
[117.895s] DEBUG:colcon.colcon_core.event_handler.log_command:Invoked command in '/home/xmedia/ros2_foxy/build/lio_sam' returned '0': CMAKE_PREFIX_PATH=${CMAKE_PREFIX_PATH}:/opt/ros/foxy /usr/bin/cmake --install /home/xmedia/ros2_foxy/build/lio_sam
[117.895s] Level 1:colcon.colcon_core.shell:create_environment_hook('lio_sam', 'cmake_prefix_path')
[117.896s] INFO:colcon.colcon_core.shell:Creating environment hook '/home/xmedia/ros2_foxy/install/lio_sam/share/lio_sam/hook/cmake_prefix_path.ps1'
[117.897s] INFO:colcon.colcon_core.shell:Creating environment descriptor '/home/xmedia/ros2_foxy/install/lio_sam/share/lio_sam/hook/cmake_prefix_path.dsv'
[117.897s] INFO:colcon.colcon_core.shell:Creating environment hook '/home/xmedia/ros2_foxy/install/lio_sam/share/lio_sam/hook/cmake_prefix_path.sh'
[117.898s] Level 1:colcon.colcon_core.environment:checking '/home/xmedia/ros2_foxy/install/lio_sam/lib'
[117.898s] Level 1:colcon.colcon_core.shell:create_environment_hook('lio_sam', 'ld_library_path_lib')
[117.899s] INFO:colcon.colcon_core.shell:Creating environment hook '/home/xmedia/ros2_foxy/install/lio_sam/share/lio_sam/hook/ld_library_path_lib.ps1'
[117.899s] INFO:colcon.colcon_core.shell:Creating environment descriptor '/home/xmedia/ros2_foxy/install/lio_sam/share/lio_sam/hook/ld_library_path_lib.dsv'
[117.900s] INFO:colcon.colcon_core.shell:Creating environment hook '/home/xmedia/ros2_foxy/install/lio_sam/share/lio_sam/hook/ld_library_path_lib.sh'
[117.900s] Level 1:colcon.colcon_core.environment:checking '/home/xmedia/ros2_foxy/install/lio_sam/bin'
[117.901s] Level 1:colcon.colcon_core.environment:checking '/home/xmedia/ros2_foxy/install/lio_sam/lib/pkgconfig/lio_sam.pc'
[117.901s] Level 1:colcon.colcon_core.environment:checking '/home/xmedia/ros2_foxy/install/lio_sam/lib/python3.8/site-packages'
[117.901s] Level 1:colcon.colcon_core.shell:create_environment_hook('lio_sam', 'pythonpath')
[117.902s] INFO:colcon.colcon_core.shell:Creating environment hook '/home/xmedia/ros2_foxy/install/lio_sam/share/lio_sam/hook/pythonpath.ps1'
[117.902s] INFO:colcon.colcon_core.shell:Creating environment descriptor '/home/xmedia/ros2_foxy/install/lio_sam/share/lio_sam/hook/pythonpath.dsv'
[117.903s] INFO:colcon.colcon_core.shell:Creating environment hook '/home/xmedia/ros2_foxy/install/lio_sam/share/lio_sam/hook/pythonpath.sh'
[117.904s] Level 1:colcon.colcon_core.environment:checking '/home/xmedia/ros2_foxy/install/lio_sam/bin'
[117.904s] INFO:colcon.colcon_core.shell:Creating package script '/home/xmedia/ros2_foxy/install/lio_sam/share/lio_sam/package.ps1'
[117.905s] INFO:colcon.colcon_core.shell:Creating package descriptor '/home/xmedia/ros2_foxy/install/lio_sam/share/lio_sam/package.dsv'
[117.906s] INFO:colcon.colcon_core.shell:Creating package script '/home/xmedia/ros2_foxy/install/lio_sam/share/lio_sam/package.sh'
[117.906s] INFO:colcon.colcon_core.shell:Creating package script '/home/xmedia/ros2_foxy/install/lio_sam/share/lio_sam/package.bash'
[117.907s] INFO:colcon.colcon_core.shell:Creating package script '/home/xmedia/ros2_foxy/install/lio_sam/share/lio_sam/package.zsh'
[117.907s] Level 1:colcon.colcon_core.environment:create_file_with_runtime_dependencies(/home/xmedia/ros2_foxy/install/lio_sam/share/colcon-core/packages/lio_sam)
[117.908s] Level 1:colcon.colcon_core.environment:create_environment_scripts_only(lio_sam)
[117.909s] Level 1:colcon.colcon_core.environment:checking '/home/xmedia/ros2_foxy/install/lio_sam' for CMake module files
[117.909s] Level 1:colcon.colcon_core.environment:checking '/home/xmedia/ros2_foxy/install/lio_sam' for CMake config files
[117.910s] Level 1:colcon.colcon_core.shell:create_environment_hook('lio_sam', 'cmake_prefix_path')
[117.910s] INFO:colcon.colcon_core.shell:Creating environment hook '/home/xmedia/ros2_foxy/install/lio_sam/share/lio_sam/hook/cmake_prefix_path.ps1'
[117.911s] INFO:colcon.colcon_core.shell:Creating environment descriptor '/home/xmedia/ros2_foxy/install/lio_sam/share/lio_sam/hook/cmake_prefix_path.dsv'
[117.911s] INFO:colcon.colcon_core.shell:Creating environment hook '/home/xmedia/ros2_foxy/install/lio_sam/share/lio_sam/hook/cmake_prefix_path.sh'
[117.912s] Level 1:colcon.colcon_core.environment:checking '/home/xmedia/ros2_foxy/install/lio_sam/lib'
[117.912s] Level 1:colcon.colcon_core.shell:create_environment_hook('lio_sam', 'ld_library_path_lib')
[117.912s] INFO:colcon.colcon_core.shell:Creating environment hook '/home/xmedia/ros2_foxy/install/lio_sam/share/lio_sam/hook/ld_library_path_lib.ps1'
[117.912s] INFO:colcon.colcon_core.shell:Creating environment descriptor '/home/xmedia/ros2_foxy/install/lio_sam/share/lio_sam/hook/ld_library_path_lib.dsv'
[117.913s] INFO:colcon.colcon_core.shell:Creating environment hook '/home/xmedia/ros2_foxy/install/lio_sam/share/lio_sam/hook/ld_library_path_lib.sh'
[117.913s] Level 1:colcon.colcon_core.environment:checking '/home/xmedia/ros2_foxy/install/lio_sam/bin'
[117.913s] Level 1:colcon.colcon_core.environment:checking '/home/xmedia/ros2_foxy/install/lio_sam/lib/pkgconfig/lio_sam.pc'
[117.913s] Level 1:colcon.colcon_core.environment:checking '/home/xmedia/ros2_foxy/install/lio_sam/lib/python3.8/site-packages'
[117.913s] Level 1:colcon.colcon_core.shell:create_environment_hook('lio_sam', 'pythonpath')
[117.914s] INFO:colcon.colcon_core.shell:Creating environment hook '/home/xmedia/ros2_foxy/install/lio_sam/share/lio_sam/hook/pythonpath.ps1'
[117.914s] INFO:colcon.colcon_core.shell:Creating environment descriptor '/home/xmedia/ros2_foxy/install/lio_sam/share/lio_sam/hook/pythonpath.dsv'
[117.915s] INFO:colcon.colcon_core.shell:Creating environment hook '/home/xmedia/ros2_foxy/install/lio_sam/share/lio_sam/hook/pythonpath.sh'
[117.916s] Level 1:colcon.colcon_core.environment:checking '/home/xmedia/ros2_foxy/install/lio_sam/bin'
[117.917s] INFO:colcon.colcon_core.shell:Creating package script '/home/xmedia/ros2_foxy/install/lio_sam/share/lio_sam/package.ps1'
[117.918s] INFO:colcon.colcon_core.shell:Creating package descriptor '/home/xmedia/ros2_foxy/install/lio_sam/share/lio_sam/package.dsv'
[117.919s] INFO:colcon.colcon_core.shell:Creating package script '/home/xmedia/ros2_foxy/install/lio_sam/share/lio_sam/package.sh'
[117.920s] INFO:colcon.colcon_core.shell:Creating package script '/home/xmedia/ros2_foxy/install/lio_sam/share/lio_sam/package.bash'
[117.921s] INFO:colcon.colcon_core.shell:Creating package script '/home/xmedia/ros2_foxy/install/lio_sam/share/lio_sam/package.zsh'
[117.921s] Level 1:colcon.colcon_core.environment:create_file_with_runtime_dependencies(/home/xmedia/ros2_foxy/install/lio_sam/share/colcon-core/packages/lio_sam)
[117.922s] DEBUG:colcon.colcon_parallel_executor.executor.parallel:closing loop
[117.922s] DEBUG:colcon.colcon_parallel_executor.executor.parallel:loop closed
[117.923s] DEBUG:colcon.colcon_parallel_executor.executor.parallel:run_until_complete finished with '0'
[117.923s] DEBUG:colcon.colcon_core.event_reactor:joining thread
[117.930s] INFO:colcon.colcon_core.plugin_system:Skipping extension 'colcon_notification.desktop_notification.terminal_notifier': Not used on non-Darwin systems
[117.930s] INFO:colcon.colcon_core.plugin_system:Skipping extension 'colcon_notification.desktop_notification.win32': Not used on non-Windows systems
[117.930s] INFO:colcon.colcon_notification.desktop_notification:Sending desktop notification using 'notify2'
[117.953s] DEBUG:colcon.colcon_core.event_reactor:joined thread
[117.954s] INFO:colcon.colcon_core.shell:Creating prefix script '/home/xmedia/ros2_foxy/install/local_setup.ps1'
[117.956s] INFO:colcon.colcon_core.shell:Creating prefix util module '/home/xmedia/ros2_foxy/install/_local_setup_util_ps1.py'
[117.959s] INFO:colcon.colcon_core.shell:Creating prefix chain script '/home/xmedia/ros2_foxy/install/setup.ps1'
[117.960s] INFO:colcon.colcon_core.shell:Creating prefix script '/home/xmedia/ros2_foxy/install/local_setup.sh'
[117.961s] INFO:colcon.colcon_core.shell:Creating prefix util module '/home/xmedia/ros2_foxy/install/_local_setup_util_sh.py'
[117.962s] INFO:colcon.colcon_core.shell:Creating prefix chain script '/home/xmedia/ros2_foxy/install/setup.sh'
[117.963s] INFO:colcon.colcon_core.shell:Creating prefix script '/home/xmedia/ros2_foxy/install/local_setup.bash'
[117.964s] INFO:colcon.colcon_core.shell:Creating prefix chain script '/home/xmedia/ros2_foxy/install/setup.bash'
[117.966s] INFO:colcon.colcon_core.shell:Creating prefix script '/home/xmedia/ros2_foxy/install/local_setup.zsh'
[117.967s] INFO:colcon.colcon_core.shell:Creating prefix chain script '/home/xmedia/ros2_foxy/install/setup.zsh'
