-- Found ament_cmake: 0.9.12 (/opt/ros/foxy/share/ament_cmake/cmake)
-- Using PYTHON_EXECUTABLE: /usr/bin/python3
-- Override CMake install command with custom implementation using symlinks instead of copying resources
-- Found rclcpp: 2.4.3 (/opt/ros/foxy/share/rclcpp/cmake)
-- Using all available rosidl_typesupport_c: rosidl_typesupport_fastrtps_c;rosidl_typesupport_introspection_c
-- Found rosidl_adapter: 1.3.1 (/opt/ros/foxy/share/rosidl_adapter/cmake)
-- Using all available rosidl_typesupport_cpp: rosidl_typesupport_fastrtps_cpp;rosidl_typesupport_introspection_cpp
-- Found rmw_implementation_cmake: 1.0.4 (/opt/ros/foxy/share/rmw_implementation_cmake/cmake)
-- Using RMW implementation 'rmw_fastrtps_cpp' as default
-- Found sensor_msgs: 2.0.5 (/opt/ros/foxy/share/sensor_msgs/cmake)
-- Found octomap_msgs: 2.0.0 (/opt/ros/foxy/share/octomap_msgs/cmake)
-- Found pcl_conversions: 2.2.1 (/opt/ros/foxy/share/pcl_conversions/cmake)
-- Found pcl_ros: 2.2.1 (/opt/ros/foxy/share/pcl_ros/cmake)
-- Found eigen3_cmake_module: 0.1.1 (/opt/ros/foxy/share/eigen3_cmake_module/cmake)
-- Eigen found (include: /usr/include/eigen3, version: 3.3.7)
-- The imported target "vtkParseOGLExt" references the file
   "/usr/bin/vtkParseOGLExt-7.1"
but this file does not exist.  Possible reasons include:
* The file was deleted, renamed, or moved to another location.
* An install or uninstall procedure did not complete successfully.
* The installation package was faulty and contained
   "/usr/lib/cmake/vtk-7.1/VTKTargets.cmake"
but not all the files it references.

-- The imported target "vtkRenderingPythonTkWidgets" references the file
   "/usr/lib/x86_64-linux-gnu/libvtkRenderingPythonTkWidgets.so"
but this file does not exist.  Possible reasons include:
* The file was deleted, renamed, or moved to another location.
* An install or uninstall procedure did not complete successfully.
* The installation package was faulty and contained
   "/usr/lib/cmake/vtk-7.1/VTKTargets.cmake"
but not all the files it references.

-- The imported target "vtk" references the file
   "/usr/bin/vtk"
but this file does not exist.  Possible reasons include:
* The file was deleted, renamed, or moved to another location.
* An install or uninstall procedure did not complete successfully.
* The installation package was faulty and contained
   "/usr/lib/cmake/vtk-7.1/VTKTargets.cmake"
but not all the files it references.

-- The imported target "pvtk" references the file
   "/usr/bin/pvtk"
but this file does not exist.  Possible reasons include:
* The file was deleted, renamed, or moved to another location.
* An install or uninstall procedure did not complete successfully.
* The installation package was faulty and contained
   "/usr/lib/cmake/vtk-7.1/VTKTargets.cmake"
but not all the files it references.

-- OpenNI found (include: /usr/include/ni, lib: /usr/lib/libOpenNI.so)
-- OpenNI2 found (include: /usr/include/openni2, lib: /usr/lib/libOpenNI2.so)
-- OpenNI found (include: /usr/include/ni, lib: /usr/lib/libOpenNI.so)
-- OpenNI2 found (include: /usr/include/openni2, lib: /usr/lib/libOpenNI2.so)
-- QHULL found (include: /usr/include, lib: optimized;/usr/lib/x86_64-linux-gnu/libqhull.so;debug;/usr/lib/x86_64-linux-gnu/libqhull.so)
-- OpenNI found (include: /usr/include/ni, lib: /usr/lib/libOpenNI.so)
-- Found std_srvs: 2.0.5 (/opt/ros/foxy/share/std_srvs/cmake)
-- Configuring done
-- Generating done
-- Build files have been written to: /home/xmedia/ros2_foxy/build/unitree_lidar_mapping
[35m[1mScanning dependencies of target lidar_mapping_node[0m
[ 50%] Built target lidar_imu_tf_node
[ 75%] [32mBuilding CXX object CMakeFiles/lidar_mapping_node.dir/src/lidar_mapping_node.cpp.o[0m
[100%] [32m[1mLinking CXX executable lidar_mapping_node[0m
[100%] Built target lidar_mapping_node
-- Install configuration: "Release"
-- Execute custom install script
-- Up-to-date symlink: /home/xmedia/ros2_foxy/install/unitree_lidar_mapping/lib/unitree_lidar_mapping/lidar_mapping_node
-- Up-to-date symlink: /home/xmedia/ros2_foxy/install/unitree_lidar_mapping/share/unitree_lidar_mapping/launch/lidar_mapping_launch.py
-- Up-to-date symlink: /home/xmedia/ros2_foxy/install/unitree_lidar_mapping/share/unitree_lidar_mapping/config/mapping_config.rviz
-- Up-to-date symlink: /home/xmedia/ros2_foxy/install/unitree_lidar_mapping/lib/unitree_lidar_mapping/lidar_imu_tf_node
-- Up-to-date symlink: /home/xmedia/ros2_foxy/install/unitree_lidar_mapping/share/ament_index/resource_index/package_run_dependencies/unitree_lidar_mapping
-- Up-to-date symlink: /home/xmedia/ros2_foxy/install/unitree_lidar_mapping/share/ament_index/resource_index/parent_prefix_path/unitree_lidar_mapping
-- Up-to-date symlink: /home/xmedia/ros2_foxy/install/unitree_lidar_mapping/share/unitree_lidar_mapping/environment/ament_prefix_path.sh
-- Up-to-date symlink: /home/xmedia/ros2_foxy/install/unitree_lidar_mapping/share/unitree_lidar_mapping/environment/ament_prefix_path.dsv
-- Up-to-date symlink: /home/xmedia/ros2_foxy/install/unitree_lidar_mapping/share/unitree_lidar_mapping/environment/path.sh
-- Up-to-date symlink: /home/xmedia/ros2_foxy/install/unitree_lidar_mapping/share/unitree_lidar_mapping/environment/path.dsv
-- Up-to-date symlink: /home/xmedia/ros2_foxy/install/unitree_lidar_mapping/share/unitree_lidar_mapping/local_setup.bash
-- Up-to-date symlink: /home/xmedia/ros2_foxy/install/unitree_lidar_mapping/share/unitree_lidar_mapping/local_setup.sh
-- Up-to-date symlink: /home/xmedia/ros2_foxy/install/unitree_lidar_mapping/share/unitree_lidar_mapping/local_setup.zsh
-- Up-to-date symlink: /home/xmedia/ros2_foxy/install/unitree_lidar_mapping/share/unitree_lidar_mapping/local_setup.dsv
-- Symlinking: /home/xmedia/ros2_foxy/install/unitree_lidar_mapping/share/unitree_lidar_mapping/package.dsv
-- Up-to-date symlink: /home/xmedia/ros2_foxy/install/unitree_lidar_mapping/share/ament_index/resource_index/packages/unitree_lidar_mapping
-- Up-to-date symlink: /home/xmedia/ros2_foxy/install/unitree_lidar_mapping/share/unitree_lidar_mapping/cmake/unitree_lidar_mappingConfig.cmake
-- Up-to-date symlink: /home/xmedia/ros2_foxy/install/unitree_lidar_mapping/share/unitree_lidar_mapping/cmake/unitree_lidar_mappingConfig-version.cmake
-- Up-to-date symlink: /home/xmedia/ros2_foxy/install/unitree_lidar_mapping/share/unitree_lidar_mapping/package.xml
