[0.038s] Invoking command in '/home/xmedia/ros2_foxy/build/lio_sam': CMAKE_PREFIX_PATH=${CMAKE_PREFIX_PATH}:/opt/ros/foxy /usr/bin/cmake /home/xmedia/ros2_foxy/src/lio_sam -DCMAKE_BUILD_TYPE=Release -DAMENT_CMAKE_SYMLINK_INSTALL=1 -DCMAKE_INSTALL_PREFIX=/home/xmedia/ros2_foxy/install/lio_sam
[0.155s] -- The C compiler identification is GNU 9.4.0
[0.331s] -- The CXX compiler identification is GNU 9.4.0
[0.357s] -- Check for working C compiler: /usr/bin/cc
[0.482s] -- Check for working C compiler: /usr/bin/cc -- works
[0.484s] -- Detecting C compiler ABI info
[0.621s] -- Detecting C compiler ABI info - done
[0.661s] -- Detecting C compile features
[0.665s] -- Detecting C compile features - done
[0.665s] -- Check for working CXX compiler: /usr/bin/c++
[0.831s] -- Check for working CXX compiler: /usr/bin/c++ -- works
[0.834s] -- Detecting CXX compiler ABI info
[0.982s] -- Detecting CXX compiler ABI info - done
[1.013s] -- Detecting CXX compile features
[1.013s] -- Detecting CXX compile features - done
[1.016s] -- Found ament_cmake: 0.9.12 (/opt/ros/foxy/share/ament_cmake/cmake)
[1.053s] -- Found PythonInterp: /usr/bin/python3 (found suitable version "3.8.10", minimum required is "3") 
[1.054s] -- Using PYTHON_EXECUTABLE: /usr/bin/python3
[1.374s] -- Override CMake install command with custom implementation using symlinks instead of copying resources
[1.419s] -- Found rosidl_default_generators: 1.0.1 (/opt/ros/foxy/share/rosidl_default_generators/cmake)
[1.425s] -- Using all available rosidl_typesupport_c: rosidl_typesupport_fastrtps_c;rosidl_typesupport_introspection_c
[1.442s] -- Found rosidl_adapter: 1.3.1 (/opt/ros/foxy/share/rosidl_adapter/cmake)
[1.619s] -- Found OpenSSL: /usr/lib/x86_64-linux-gnu/libcrypto.so (found version "1.1.1f")  
[1.681s] -- Found FastRTPS: /opt/ros/foxy/include  
[1.835s] -- Using all available rosidl_typesupport_cpp: rosidl_typesupport_fastrtps_cpp;rosidl_typesupport_introspection_cpp
[1.895s] -- Found rclcpp: 2.4.3 (/opt/ros/foxy/share/rclcpp/cmake)
[2.026s] -- Found rmw_implementation_cmake: 1.0.4 (/opt/ros/foxy/share/rmw_implementation_cmake/cmake)
[2.033s] -- Using RMW implementation 'rmw_fastrtps_cpp' as default
[2.033s] -- Looking for pthread.h
[2.187s] -- Looking for pthread.h - found
[2.188s] -- Performing Test CMAKE_HAVE_LIBC_PTHREAD
[2.341s] -- Performing Test CMAKE_HAVE_LIBC_PTHREAD - Failed
[2.341s] -- Looking for pthread_create in pthreads
[2.449s] -- Looking for pthread_create in pthreads - not found
[2.449s] -- Looking for pthread_create in pthread
[2.671s] -- Looking for pthread_create in pthread - found
[2.673s] -- Found Threads: TRUE  
[3.106s] -- Found rclpy: 1.0.13 (/opt/ros/foxy/share/rclpy/cmake)
[3.108s] -- Found cv_bridge: 3.0.7 (/opt/ros/foxy/share/cv_bridge/cmake)
[3.435s] -- Found nav_msgs: 2.0.5 (/opt/ros/foxy/share/nav_msgs/cmake)
[3.596s] -- Found visualization_msgs: 2.0.5 (/opt/ros/foxy/share/visualization_msgs/cmake)
[3.767s] -- Found pcl_conversions: 2.2.1 (/opt/ros/foxy/share/pcl_conversions/cmake)
[4.244s] -- Found tf2: 0.13.14 (/opt/ros/foxy/share/tf2/cmake)
[4.283s] -- Found tf2_geometry_msgs: 0.13.14 (/opt/ros/foxy/share/tf2_geometry_msgs/cmake)
[4.316s] -- Found eigen3_cmake_module: 0.1.1 (/opt/ros/foxy/share/eigen3_cmake_module/cmake)
[4.327s] -- Found Eigen3: TRUE (found version "3.3.7") 
[5.421s] -- Found tf2_sensor_msgs: 0.13.14 (/opt/ros/foxy/share/tf2_sensor_msgs/cmake)
[5.448s] -- Found tf2_eigen: 0.13.14 (/opt/ros/foxy/share/tf2_eigen/cmake)
[5.457s] -- Found OpenCV: /usr (found version "4.2.0") 
[5.471s] -- Checking for module 'eigen3'
[5.489s] --   Found eigen3, version 3.3.7
[5.537s] -- Found Eigen: /usr/include/eigen3 (Required is at least version "3.1") 
[5.537s] -- Eigen found (include: /usr/include/eigen3, version: 3.3.7)
[5.618s] -- Found Boost: /usr/include (found suitable version "1.71.0", minimum required is "1.55.0") found components: system filesystem date_time iostreams regex 
[5.638s] -- Checking for module 'flann'
[5.665s] --   Found flann, version 1.9.1
[5.734s] -- Found FLANN: /usr/lib/x86_64-linux-gnu/libflann_cpp.so  
[5.834s] -- The imported target "vtkParseOGLExt" references the file
[5.835s]    "/usr/bin/vtkParseOGLExt-7.1"
[5.835s] but this file does not exist.  Possible reasons include:
[5.835s] * The file was deleted, renamed, or moved to another location.
[5.835s] * An install or uninstall procedure did not complete successfully.
[5.835s] * The installation package was faulty and contained
[5.835s]    "/usr/lib/cmake/vtk-7.1/VTKTargets.cmake"
[5.835s] but not all the files it references.
[5.835s] 
[5.836s] -- The imported target "vtkRenderingPythonTkWidgets" references the file
[5.836s]    "/usr/lib/x86_64-linux-gnu/libvtkRenderingPythonTkWidgets.so"
[5.836s] but this file does not exist.  Possible reasons include:
[5.836s] * The file was deleted, renamed, or moved to another location.
[5.836s] * An install or uninstall procedure did not complete successfully.
[5.837s] * The installation package was faulty and contained
[5.837s]    "/usr/lib/cmake/vtk-7.1/VTKTargets.cmake"
[5.837s] but not all the files it references.
[5.837s] 
[5.837s] -- The imported target "vtk" references the file
[5.837s]    "/usr/bin/vtk"
[5.838s] but this file does not exist.  Possible reasons include:
[5.838s] * The file was deleted, renamed, or moved to another location.
[5.838s] * An install or uninstall procedure did not complete successfully.
[5.838s] * The installation package was faulty and contained
[5.838s]    "/usr/lib/cmake/vtk-7.1/VTKTargets.cmake"
[5.838s] but not all the files it references.
[5.839s] 
[5.839s] -- The imported target "pvtk" references the file
[5.839s]    "/usr/bin/pvtk"
[5.839s] but this file does not exist.  Possible reasons include:
[5.839s] * The file was deleted, renamed, or moved to another location.
[5.839s] * An install or uninstall procedure did not complete successfully.
[5.839s] * The installation package was faulty and contained
[5.840s]    "/usr/lib/cmake/vtk-7.1/VTKTargets.cmake"
[5.840s] but not all the files it references.
[5.840s] 
[5.880s] -- Checking for module 'libusb-1.0'
[5.908s] --   Found libusb-1.0, version 1.0.23
[5.983s] -- Found USB_10: /usr/lib/x86_64-linux-gnu/libusb-1.0.so  
[6.084s] -- Found OpenNI: /usr/lib/libOpenNI.so  
[6.084s] -- OpenNI found (include: /usr/include/ni, lib: /usr/lib/libOpenNI.so)
[6.197s] -- Found OpenNI2: /usr/lib/libOpenNI2.so  
[6.198s] -- OpenNI2 found (include: /usr/include/openni2, lib: /usr/lib/libOpenNI2.so)
[6.198s] ** WARNING ** io features related to pcap will be disabled
[6.199s] ** WARNING ** io features related to png will be disabled
[6.230s] -- Found libusb-1.0: /usr/include  
[6.231s] ** WARNING ** io features related to libusb-1.0 will be disabled
[6.241s] -- OpenNI found (include: /usr/include/ni, lib: /usr/lib/libOpenNI.so)
[6.253s] -- OpenNI2 found (include: /usr/include/openni2, lib: /usr/lib/libOpenNI2.so)
[6.308s] -- Found Qhull: optimized;/usr/lib/x86_64-linux-gnu/libqhull.so;debug;/usr/lib/x86_64-linux-gnu/libqhull.so  
[6.309s] -- QHULL found (include: /usr/include, lib: optimized;/usr/lib/x86_64-linux-gnu/libqhull.so;debug;/usr/lib/x86_64-linux-gnu/libqhull.so)
[6.322s] -- OpenNI found (include: /usr/include/ni, lib: /usr/lib/libOpenNI.so)
[6.355s] -- looking for PCL_COMMON
[6.357s] -- Found PCL_COMMON: /usr/lib/x86_64-linux-gnu/libpcl_common.so  
[6.357s] -- looking for PCL_KDTREE
[6.360s] -- Found PCL_KDTREE: /usr/lib/x86_64-linux-gnu/libpcl_kdtree.so  
[6.366s] -- looking for PCL_OCTREE
[6.368s] -- Found PCL_OCTREE: /usr/lib/x86_64-linux-gnu/libpcl_octree.so  
[6.369s] -- looking for PCL_SEARCH
[6.371s] -- Found PCL_SEARCH: /usr/lib/x86_64-linux-gnu/libpcl_search.so  
[6.371s] -- looking for PCL_SAMPLE_CONSENSUS
[6.372s] -- Found PCL_SAMPLE_CONSENSUS: /usr/lib/x86_64-linux-gnu/libpcl_sample_consensus.so  
[6.373s] -- looking for PCL_FILTERS
[6.375s] -- Found PCL_FILTERS: /usr/lib/x86_64-linux-gnu/libpcl_filters.so  
[6.375s] -- looking for PCL_2D
[6.376s] -- Found PCL_2D: /usr/include/pcl-1.10  
[6.377s] -- looking for PCL_GEOMETRY
[6.377s] -- Found PCL_GEOMETRY: /usr/include/pcl-1.10  
[6.381s] -- looking for PCL_IO
[6.381s] -- Found PCL_IO: /usr/lib/x86_64-linux-gnu/libpcl_io.so  
[6.381s] -- looking for PCL_FEATURES
[6.383s] -- Found PCL_FEATURES: /usr/lib/x86_64-linux-gnu/libpcl_features.so  
[6.383s] -- looking for PCL_ML
[6.385s] -- Found PCL_ML: /usr/lib/x86_64-linux-gnu/libpcl_ml.so  
[6.385s] -- looking for PCL_SEGMENTATION
[6.388s] -- Found PCL_SEGMENTATION: /usr/lib/x86_64-linux-gnu/libpcl_segmentation.so  
[6.389s] -- looking for PCL_VISUALIZATION
[6.390s] -- Found PCL_VISUALIZATION: /usr/lib/x86_64-linux-gnu/libpcl_visualization.so  
[6.391s] -- looking for PCL_SURFACE
[6.392s] -- Found PCL_SURFACE: /usr/lib/x86_64-linux-gnu/libpcl_surface.so  
[6.393s] -- looking for PCL_REGISTRATION
[6.398s] -- Found PCL_REGISTRATION: /usr/lib/x86_64-linux-gnu/libpcl_registration.so  
[6.398s] -- looking for PCL_KEYPOINTS
[6.399s] -- Found PCL_KEYPOINTS: /usr/lib/x86_64-linux-gnu/libpcl_keypoints.so  
[6.400s] -- looking for PCL_TRACKING
[6.402s] -- Found PCL_TRACKING: /usr/lib/x86_64-linux-gnu/libpcl_tracking.so  
[6.403s] -- looking for PCL_RECOGNITION
[6.404s] -- Found PCL_RECOGNITION: /usr/lib/x86_64-linux-gnu/libpcl_recognition.so  
[6.404s] -- looking for PCL_STEREO
[6.407s] -- Found PCL_STEREO: /usr/lib/x86_64-linux-gnu/libpcl_stereo.so  
[6.407s] -- looking for PCL_APPS
[6.408s] -- Found PCL_APPS: /usr/lib/x86_64-linux-gnu/libpcl_apps.so  
[6.410s] -- looking for PCL_IN_HAND_SCANNER
[6.410s] -- Found PCL_IN_HAND_SCANNER: /usr/include/pcl-1.10  
[6.411s] -- looking for PCL_POINT_CLOUD_EDITOR
[6.412s] -- Found PCL_POINT_CLOUD_EDITOR: /usr/include/pcl-1.10  
[6.413s] -- looking for PCL_OUTOFCORE
[6.414s] -- Found PCL_OUTOFCORE: /usr/lib/x86_64-linux-gnu/libpcl_outofcore.so  
[6.415s] -- looking for PCL_PEOPLE
[6.416s] -- Found PCL_PEOPLE: /usr/lib/x86_64-linux-gnu/libpcl_people.so  
[6.418s] -- Found PCL: pcl_common;pcl_kdtree;pcl_octree;pcl_search;pcl_sample_consensus;pcl_filters;pcl_io;pcl_features;pcl_ml;pcl_segmentation;pcl_visualization;pcl_surface;pcl_registration;pcl_keypoints;pcl_tracking;pcl_recognition;pcl_stereo;pcl_apps;pcl_outofcore;pcl_people;/usr/lib/x86_64-linux-gnu/libboost_system.so;/usr/lib/x86_64-linux-gnu/libboost_filesystem.so;/usr/lib/x86_64-linux-gnu/libboost_date_time.so;/usr/lib/x86_64-linux-gnu/libboost_iostreams.so;/usr/lib/x86_64-linux-gnu/libboost_regex.so;optimized;/usr/lib/x86_64-linux-gnu/libqhull.so;debug;/usr/lib/x86_64-linux-gnu/libqhull.so;/usr/lib/libOpenNI.so;/usr/lib/libOpenNI2.so;vtkChartsCore;vtkCommonColor;vtkCommonCore;vtksys;vtkCommonDataModel;vtkCommonMath;vtkCommonMisc;vtkCommonSystem;vtkCommonTransforms;vtkCommonExecutionModel;vtkFiltersGeneral;vtkCommonComputationalGeometry;vtkFiltersCore;vtkInfovisCore;vtkFiltersExtraction;vtkFiltersStatistics;vtkImagingFourier;vtkImagingCore;vtkalglib;vtkRenderingContext2D;vtkRenderingCore;vtkFiltersGeometry;vtkFiltersSources;vtkRenderingFreeType;/usr/lib/x86_64-linux-gnu/libfreetype.so;/usr/lib/x86_64-linux-gnu/libz.so;vtkFiltersModeling;vtkImagingSources;vtkInteractionStyle;vtkInteractionWidgets;vtkFiltersHybrid;vtkImagingColor;vtkImagingGeneral;vtkImagingHybrid;vtkIOImage;vtkDICOMParser;vtkmetaio;/usr/lib/x86_64-linux-gnu/libjpeg.so;/usr/lib/x86_64-linux-gnu/libpng.so;/usr/lib/x86_64-linux-gnu/libtiff.so;vtkRenderingAnnotation;vtkRenderingVolume;vtkIOXML;vtkIOCore;vtkIOXMLParser;/usr/lib/x86_64-linux-gnu/libexpat.so;vtkIOGeometry;vtkIOLegacy;vtkIOPLY;vtkRenderingLOD;vtkViewsContext2D;vtkViewsCore;vtkRenderingContextOpenGL2;vtkRenderingOpenGL2;FLANN::FLANN  
[6.495s] -- Found Boost: /usr/include (found suitable version "1.71.0", minimum required is "1.43") found components: serialization system filesystem thread program_options date_time timer chrono regex atomic 
[6.500s] -- GTSAM include directory:  /usr/lib/cmake/GTSAM/../../../include
[6.510s] -- Found Eigen: /usr/include/eigen3  
[6.510s] -- Eigen found (include: /usr/include/eigen3, version: 3.3.7)
[6.924s] -- Found OpenMP_C: -fopenmp (found version "4.5") 
[7.086s] -- Found OpenMP_CXX: -fopenmp (found version "4.5") 
[7.087s] -- Found OpenMP: TRUE (found version "4.5")  
[7.124s] -- Found PythonInterp: /usr/bin/python3 (found version "3.8.10") 
[7.520s] -- Found ament_cmake_ros: 0.9.2 (/opt/ros/foxy/share/ament_cmake_ros/cmake)
[8.368s] -- Using all available rosidl_typesupport_c: rosidl_typesupport_fastrtps_c;rosidl_typesupport_introspection_c
[8.818s] -- Using all available rosidl_typesupport_cpp: rosidl_typesupport_fastrtps_cpp;rosidl_typesupport_introspection_cpp
[8.860s] -- Found PythonInterp: /usr/bin/python3 (found suitable version "3.8.10", minimum required is "3.5") 
[8.863s] -- Found python_cmake_module: 0.8.1 (/opt/ros/foxy/share/python_cmake_module/cmake)
[8.904s] -- Found PythonLibs: /usr/lib/x86_64-linux-gnu/libpython3.8.so (found suitable version "3.8.10", minimum required is "3.5") 
[8.904s] -- Using PYTHON_EXECUTABLE: /usr/bin/python3
[8.904s] -- Using PYTHON_INCLUDE_DIRS: /usr/include/python3.8
[8.904s] -- Using PYTHON_LIBRARIES: /usr/lib/x86_64-linux-gnu/libpython3.8.so
[8.940s] -- Found PythonExtra: .so  
[10.222s] -- Found ament_lint_auto: 0.9.8 (/opt/ros/foxy/share/ament_lint_auto/cmake)
[10.290s] -- Added test 'copyright' to check source files copyright and LICENSE
[10.297s] -- Added test 'cppcheck' to perform static code analysis on C / C++ code
[10.310s] -- Configured cppcheck include dirs: /home/xmedia/ros2_foxy/src/lio_sam/include/lio_sam
[10.310s] -- Configured cppcheck exclude dirs and/or files: 
[10.317s] -- Added test 'cpplint' to check C / C++ code against the Google style
[10.317s] -- Configured cpplint exclude dirs and/or files: 
[10.318s] -- Added test 'flake8' to check Python code syntax and style conventions
[10.321s] -- Added test 'lint_cmake' to check CMake code style
[10.322s] -- Added test 'pep257' to check Python code against some of the style conventions in PEP 257
[10.329s] -- Added test 'uncrustify' to check C / C++ code style
[10.329s] -- Configured uncrustify additional arguments: 
[10.331s] -- Added test 'xmllint' to check XML markup files
[10.351s] -- Configuring done
[11.159s] -- Generating done
[11.490s] -- Build files have been written to: /home/xmedia/ros2_foxy/build/lio_sam
[11.532s] Invoked command in '/home/xmedia/ros2_foxy/build/lio_sam' returned '0': CMAKE_PREFIX_PATH=${CMAKE_PREFIX_PATH}:/opt/ros/foxy /usr/bin/cmake /home/xmedia/ros2_foxy/src/lio_sam -DCMAKE_BUILD_TYPE=Release -DAMENT_CMAKE_SYMLINK_INSTALL=1 -DCMAKE_INSTALL_PREFIX=/home/xmedia/ros2_foxy/install/lio_sam
[11.534s] Invoking command in '/home/xmedia/ros2_foxy/build/lio_sam': CMAKE_PREFIX_PATH=${CMAKE_PREFIX_PATH}:/opt/ros/foxy /usr/bin/cmake --build /home/xmedia/ros2_foxy/build/lio_sam -- -j4 -l4
[11.603s] [35m[1mScanning dependencies of target lio_sam__cpp[0m
[11.621s] [  2%] [34m[1mGenerating C code for ROS interfaces[0m
[11.666s] [  4%] [34m[1mGenerating C++ code for ROS interfaces[0m
[12.620s] [35m[1mScanning dependencies of target lio_sam__rosidl_generator_c[0m
[12.658s] [  6%] [32mBuilding C object CMakeFiles/lio_sam__rosidl_generator_c.dir/rosidl_generator_c/lio_sam/msg/detail/cloud_info__functions.c.o[0m
[12.673s] [  8%] [32mBuilding C object CMakeFiles/lio_sam__rosidl_generator_c.dir/rosidl_generator_c/lio_sam/srv/detail/save_map__functions.c.o[0m
[12.681s] [  8%] Built target lio_sam__cpp
[12.753s] [ 10%] [34m[1mGenerating C++ type support for eProsima Fast-RTPS[0m
[12.767s] [ 12%] [34m[1mGenerating C++ type support dispatch for ROS interfaces[0m
[13.009s] [ 14%] [34m[1mGenerating C++ introspection for ROS interfaces[0m
[13.089s] [ 17%] [32m[1mLinking C shared library liblio_sam__rosidl_generator_c.so[0m
[13.311s] [ 17%] Built target lio_sam__rosidl_generator_c
[13.377s] [ 19%] [34m[1mGenerating C type support dispatch for ROS interfaces[0m
[14.034s] [35m[1mScanning dependencies of target lio_sam__rosidl_typesupport_cpp[0m
[14.086s] [ 21%] [32mBuilding CXX object CMakeFiles/lio_sam__rosidl_typesupport_cpp.dir/rosidl_typesupport_cpp/lio_sam/msg/cloud_info__type_support.cpp.o[0m
[14.111s] [35m[1mScanning dependencies of target lio_sam__rosidl_typesupport_fastrtps_cpp[0m
[14.218s] [ 23%] [32mBuilding CXX object CMakeFiles/lio_sam__rosidl_typesupport_fastrtps_cpp.dir/rosidl_typesupport_fastrtps_cpp/lio_sam/msg/detail/dds_fastrtps/cloud_info__type_support.cpp.o[0m
[14.373s] [35m[1mScanning dependencies of target lio_sam__rosidl_typesupport_introspection_cpp[0m
[14.483s] [ 25%] [32mBuilding CXX object CMakeFiles/lio_sam__rosidl_typesupport_introspection_cpp.dir/rosidl_typesupport_introspection_cpp/lio_sam/msg/detail/cloud_info__type_support.cpp.o[0m
[14.547s] [35m[1mScanning dependencies of target lio_sam__rosidl_typesupport_c[0m
[14.632s] [ 27%] [32mBuilding CXX object CMakeFiles/lio_sam__rosidl_typesupport_c.dir/rosidl_typesupport_c/lio_sam/msg/cloud_info__type_support.cpp.o[0m
[14.749s] [ 29%] [32mBuilding CXX object CMakeFiles/lio_sam__rosidl_typesupport_c.dir/rosidl_typesupport_c/lio_sam/srv/save_map__type_support.cpp.o[0m
[14.941s] [ 31%] [32m[1mLinking CXX shared library liblio_sam__rosidl_typesupport_c.so[0m
[15.129s] [ 34%] [32mBuilding CXX object CMakeFiles/lio_sam__rosidl_typesupport_cpp.dir/rosidl_typesupport_cpp/lio_sam/srv/save_map__type_support.cpp.o[0m
[15.144s] [ 34%] Built target lio_sam__rosidl_typesupport_c
[15.190s] [ 36%] [32mBuilding CXX object CMakeFiles/lio_sam__rosidl_typesupport_introspection_cpp.dir/rosidl_typesupport_introspection_cpp/lio_sam/srv/detail/save_map__type_support.cpp.o[0m
[15.742s] [ 38%] [32mBuilding CXX object CMakeFiles/lio_sam__rosidl_typesupport_fastrtps_cpp.dir/rosidl_typesupport_fastrtps_cpp/lio_sam/srv/detail/dds_fastrtps/save_map__type_support.cpp.o[0m
[15.757s] [ 40%] [32m[1mLinking CXX shared library liblio_sam__rosidl_typesupport_cpp.so[0m
[15.801s] [ 42%] [34m[1mGenerating C introspection for ROS interfaces[0m
[15.949s] [ 42%] Built target lio_sam__rosidl_typesupport_cpp
[16.292s] [ 44%] [32m[1mLinking CXX shared library liblio_sam__rosidl_typesupport_introspection_cpp.so[0m
[16.553s] [ 44%] Built target lio_sam__rosidl_typesupport_introspection_cpp
[16.560s] [35m[1mScanning dependencies of target lio_sam__rosidl_typesupport_introspection_c[0m
[16.604s] [ 46%] [32mBuilding C object CMakeFiles/lio_sam__rosidl_typesupport_introspection_c.dir/rosidl_typesupport_introspection_c/lio_sam/msg/detail/cloud_info__type_support.c.o[0m
[16.620s] [ 48%] [32mBuilding C object CMakeFiles/lio_sam__rosidl_typesupport_introspection_c.dir/rosidl_typesupport_introspection_c/lio_sam/srv/detail/save_map__type_support.c.o[0m
[16.759s] [ 51%] [32m[1mLinking C shared library liblio_sam__rosidl_typesupport_introspection_c.so[0m
[16.917s] [ 51%] Built target lio_sam__rosidl_typesupport_introspection_c
[17.064s] [ 53%] [32m[1mLinking CXX shared library liblio_sam__rosidl_typesupport_fastrtps_cpp.so[0m
[17.240s] [ 53%] Built target lio_sam__rosidl_typesupport_fastrtps_cpp
[17.257s] [ 55%] [34m[1mGenerating C type support for eProsima Fast-RTPS[0m
[17.955s] [35m[1mScanning dependencies of target lio_sam__rosidl_typesupport_fastrtps_c[0m
[18.039s] [ 57%] [32mBuilding CXX object CMakeFiles/lio_sam__rosidl_typesupport_fastrtps_c.dir/rosidl_typesupport_fastrtps_c/lio_sam/srv/detail/save_map__type_support_c.cpp.o[0m
[18.044s] [ 59%] [32mBuilding CXX object CMakeFiles/lio_sam__rosidl_typesupport_fastrtps_c.dir/rosidl_typesupport_fastrtps_c/lio_sam/msg/detail/cloud_info__type_support_c.cpp.o[0m
[18.855s] [ 61%] [32m[1mLinking CXX shared library liblio_sam__rosidl_typesupport_fastrtps_c.so[0m
[19.018s] [ 61%] Built target lio_sam__rosidl_typesupport_fastrtps_c
[19.033s] [35m[1mScanning dependencies of target lio_sam[0m
[19.049s] [ 61%] Built target lio_sam
[19.073s] [35m[1mScanning dependencies of target lio_sam_featureExtraction[0m
[19.096s] [35m[1mScanning dependencies of target lio_sam__py[0m
[19.097s] [35m[1mScanning dependencies of target lio_sam_imuPreintegration[0m
[19.125s] [35m[1mScanning dependencies of target lio_sam_mapOptimization[0m
[19.148s] [ 63%] [34m[1mGenerating Python code for ROS interfaces[0m
[19.560s] [ 65%] [32mBuilding CXX object CMakeFiles/lio_sam_imuPreintegration.dir/src/imuPreintegration.cpp.o[0m
[19.570s] [ 68%] [32mBuilding CXX object CMakeFiles/lio_sam_featureExtraction.dir/src/featureExtraction.cpp.o[0m
[19.688s] [ 70%] [32mBuilding CXX object CMakeFiles/lio_sam_mapOptimization.dir/src/mapOptmization.cpp.o[0m
[22.519s] [ 70%] Built target lio_sam__py
[22.616s] [35m[1mScanning dependencies of target lio_sam_imageProjection[0m
[23.125s] [ 72%] [32mBuilding CXX object CMakeFiles/lio_sam_imageProjection.dir/src/imageProjection.cpp.o[0m
[46.179s] In file included from [01m[K/usr/include/boost/preprocessor/tuple/elem.hpp:23[m[K,
[46.179s]                  from [01m[K/usr/include/boost/preprocessor/arithmetic/add.hpp:21[m[K,
[46.179s]                  from [01m[K/usr/include/boost/mpl/aux_/preprocessor/def_params_tail.hpp:66[m[K,
[46.180s]                  from [01m[K/usr/include/boost/mpl/aux_/na_spec.hpp:28[m[K,
[46.180s]                  from [01m[K/usr/include/boost/mpl/not.hpp:20[m[K,
[46.180s]                  from [01m[K/usr/include/boost/mpl/assert.hpp:17[m[K,
[46.180s]                  from [01m[K/usr/include/pcl-1.10/pcl/point_traits.h:48[m[K,
[46.181s]                  from [01m[K/usr/include/pcl-1.10/pcl/point_cloud.h:50[m[K,
[46.181s]                  from [01m[K/usr/include/pcl-1.10/pcl/kdtree/kdtree.h:43[m[K,
[46.181s]                  from [01m[K/usr/include/pcl-1.10/pcl/kdtree/kdtree_flann.h:43[m[K,
[46.182s]                  from [01m[K/home/xmedia/ros2_foxy/src/lio_sam/include/lio_sam/utility.hpp:21[m[K,
[46.182s]                  from [01m[K/home/xmedia/ros2_foxy/src/lio_sam/src/imageProjection.cpp:1[m[K:
[46.182s] [01m[K/home/xmedia/ros2_foxy/src/lio_sam/src/imageProjection.cpp:14:6:[m[K [01;35m[Kwarning: [m[K‘[01m[Kusing uint16_t = uint16_t[m[K’ is deprecated: use std::uint16_t instead of pcl::uint16_t [[01;35m[K-Wdeprecated-declarations[m[K]
[46.182s]    14 |     ([01;35m[Kuint16_t[m[K, ring, ring) (float, time, time)
[46.183s]       |      [01;35m[K^~~~~~~~[m[K
[46.183s] In file included from [01m[K/usr/include/pcl-1.10/pcl/kdtree/kdtree.h:42[m[K,
[46.183s]                  from [01m[K/usr/include/pcl-1.10/pcl/kdtree/kdtree_flann.h:43[m[K,
[46.184s]                  from [01m[K/home/xmedia/ros2_foxy/src/lio_sam/include/lio_sam/utility.hpp:21[m[K,
[46.184s]                  from [01m[K/home/xmedia/ros2_foxy/src/lio_sam/src/imageProjection.cpp:1[m[K:
[46.184s] [01m[K/usr/include/pcl-1.10/pcl/pcl_macros.h:94:9:[m[K [01;36m[Knote: [m[Kdeclared here
[46.184s]    94 |   using [01;36m[Kuint16_t[m[K [[deprecated("use std::uint16_t instead of pcl::uint16_t")]] = std::uint16_t;
[46.184s]       |         [01;36m[K^~~~~~~~[m[K
[46.210s] In file included from [01m[K/usr/include/boost/preprocessor/tuple/elem.hpp:23[m[K,
[46.210s]                  from [01m[K/usr/include/boost/preprocessor/arithmetic/add.hpp:21[m[K,
[46.210s]                  from [01m[K/usr/include/boost/mpl/aux_/preprocessor/def_params_tail.hpp:66[m[K,
[46.211s]                  from [01m[K/usr/include/boost/mpl/aux_/na_spec.hpp:28[m[K,
[46.211s]                  from [01m[K/usr/include/boost/mpl/not.hpp:20[m[K,
[46.211s]                  from [01m[K/usr/include/boost/mpl/assert.hpp:17[m[K,
[46.211s]                  from [01m[K/usr/include/pcl-1.10/pcl/point_traits.h:48[m[K,
[46.211s]                  from [01m[K/usr/include/pcl-1.10/pcl/point_cloud.h:50[m[K,
[46.212s]                  from [01m[K/usr/include/pcl-1.10/pcl/kdtree/kdtree.h:43[m[K,
[46.212s]                  from [01m[K/usr/include/pcl-1.10/pcl/kdtree/kdtree_flann.h:43[m[K,
[46.212s]                  from [01m[K/home/xmedia/ros2_foxy/src/lio_sam/include/lio_sam/utility.hpp:21[m[K,
[46.212s]                  from [01m[K/home/xmedia/ros2_foxy/src/lio_sam/src/imageProjection.cpp:1[m[K:
[46.212s] [01m[K/home/xmedia/ros2_foxy/src/lio_sam/src/imageProjection.cpp:29:6:[m[K [01;35m[Kwarning: [m[K‘[01m[Kusing uint32_t = uint32_t[m[K’ is deprecated: use std::uint32_t instead of pcl::uint32_t [[01;35m[K-Wdeprecated-declarations[m[K]
[46.213s]    29 |     ([01;35m[Kuint32_t[m[K, t, t) (uint16_t, reflectivity, reflectivity)
[46.213s]       |      [01;35m[K^~~~~~~~[m[K
[46.213s] In file included from [01m[K/usr/include/pcl-1.10/pcl/kdtree/kdtree.h:42[m[K,
[46.214s]                  from [01m[K/usr/include/pcl-1.10/pcl/kdtree/kdtree_flann.h:43[m[K,
[46.214s]                  from [01m[K/home/xmedia/ros2_foxy/src/lio_sam/include/lio_sam/utility.hpp:21[m[K,
[46.214s]                  from [01m[K/home/xmedia/ros2_foxy/src/lio_sam/src/imageProjection.cpp:1[m[K:
[46.214s] [01m[K/usr/include/pcl-1.10/pcl/pcl_macros.h:96:9:[m[K [01;36m[Knote: [m[Kdeclared here
[46.214s]    96 |   using [01;36m[Kuint32_t[m[K [[deprecated("use std::uint32_t instead of pcl::uint32_t")]] = std::uint32_t;
[46.214s]       |         [01;36m[K^~~~~~~~[m[K
[46.215s] In file included from [01m[K/usr/include/boost/preprocessor/tuple/elem.hpp:23[m[K,
[46.215s]                  from [01m[K/usr/include/boost/preprocessor/arithmetic/add.hpp:21[m[K,
[46.216s]                  from [01m[K/usr/include/boost/mpl/aux_/preprocessor/def_params_tail.hpp:66[m[K,
[46.216s]                  from [01m[K/usr/include/boost/mpl/aux_/na_spec.hpp:28[m[K,
[46.216s]                  from [01m[K/usr/include/boost/mpl/not.hpp:20[m[K,
[46.216s]                  from [01m[K/usr/include/boost/mpl/assert.hpp:17[m[K,
[46.216s]                  from [01m[K/usr/include/pcl-1.10/pcl/point_traits.h:48[m[K,
[46.217s]                  from [01m[K/usr/include/pcl-1.10/pcl/point_cloud.h:50[m[K,
[46.217s]                  from [01m[K/usr/include/pcl-1.10/pcl/kdtree/kdtree.h:43[m[K,
[46.217s]                  from [01m[K/usr/include/pcl-1.10/pcl/kdtree/kdtree_flann.h:43[m[K,
[46.217s]                  from [01m[K/home/xmedia/ros2_foxy/src/lio_sam/include/lio_sam/utility.hpp:21[m[K,
[46.217s]                  from [01m[K/home/xmedia/ros2_foxy/src/lio_sam/src/imageProjection.cpp:1[m[K:
[46.218s] [01m[K/home/xmedia/ros2_foxy/src/lio_sam/src/imageProjection.cpp:29:23:[m[K [01;35m[Kwarning: [m[K‘[01m[Kusing uint16_t = uint16_t[m[K’ is deprecated: use std::uint16_t instead of pcl::uint16_t [[01;35m[K-Wdeprecated-declarations[m[K]
[46.218s]    29 |     (uint32_t, t, t) ([01;35m[Kuint16_t[m[K, reflectivity, reflectivity)
[46.218s]       |                       [01;35m[K^~~~~~~~[m[K
[46.218s] In file included from [01m[K/usr/include/pcl-1.10/pcl/kdtree/kdtree.h:42[m[K,
[46.218s]                  from [01m[K/usr/include/pcl-1.10/pcl/kdtree/kdtree_flann.h:43[m[K,
[46.219s]                  from [01m[K/home/xmedia/ros2_foxy/src/lio_sam/include/lio_sam/utility.hpp:21[m[K,
[46.219s]                  from [01m[K/home/xmedia/ros2_foxy/src/lio_sam/src/imageProjection.cpp:1[m[K:
[46.219s] [01m[K/usr/include/pcl-1.10/pcl/pcl_macros.h:94:9:[m[K [01;36m[Knote: [m[Kdeclared here
[46.219s]    94 |   using [01;36m[Kuint16_t[m[K [[deprecated("use std::uint16_t instead of pcl::uint16_t")]] = std::uint16_t;
[46.219s]       |         [01;36m[K^~~~~~~~[m[K
[46.220s] In file included from [01m[K/usr/include/boost/preprocessor/tuple/elem.hpp:23[m[K,
[46.220s]                  from [01m[K/usr/include/boost/preprocessor/arithmetic/add.hpp:21[m[K,
[46.220s]                  from [01m[K/usr/include/boost/mpl/aux_/preprocessor/def_params_tail.hpp:66[m[K,
[46.221s]                  from [01m[K/usr/include/boost/mpl/aux_/na_spec.hpp:28[m[K,
[46.221s]                  from [01m[K/usr/include/boost/mpl/not.hpp:20[m[K,
[46.221s]                  from [01m[K/usr/include/boost/mpl/assert.hpp:17[m[K,
[46.222s]                  from [01m[K/usr/include/pcl-1.10/pcl/point_traits.h:48[m[K,
[46.222s]                  from [01m[K/usr/include/pcl-1.10/pcl/point_cloud.h:50[m[K,
[46.222s]                  from [01m[K/usr/include/pcl-1.10/pcl/kdtree/kdtree.h:43[m[K,
[46.222s]                  from [01m[K/usr/include/pcl-1.10/pcl/kdtree/kdtree_flann.h:43[m[K,
[46.222s]                  from [01m[K/home/xmedia/ros2_foxy/src/lio_sam/include/lio_sam/utility.hpp:21[m[K,
[46.223s]                  from [01m[K/home/xmedia/ros2_foxy/src/lio_sam/src/imageProjection.cpp:1[m[K:
[46.223s] [01m[K/home/xmedia/ros2_foxy/src/lio_sam/src/imageProjection.cpp:30:6:[m[K [01;35m[Kwarning: [m[K‘[01m[Kusing uint8_t = uint8_t[m[K’ is deprecated: use std::uint8_t instead of pcl::uint8_t [[01;35m[K-Wdeprecated-declarations[m[K]
[46.223s]    30 |     ([01;35m[Kuint8_t[m[K, ring, ring) (uint16_t, noise, noise) (uint32_t, range, range)
[46.224s]       |      [01;35m[K^~~~~~~[m[K
[46.224s] In file included from [01m[K/usr/include/pcl-1.10/pcl/kdtree/kdtree.h:42[m[K,
[46.224s]                  from [01m[K/usr/include/pcl-1.10/pcl/kdtree/kdtree_flann.h:43[m[K,
[46.224s]                  from [01m[K/home/xmedia/ros2_foxy/src/lio_sam/include/lio_sam/utility.hpp:21[m[K,
[46.225s]                  from [01m[K/home/xmedia/ros2_foxy/src/lio_sam/src/imageProjection.cpp:1[m[K:
[46.225s] [01m[K/usr/include/pcl-1.10/pcl/pcl_macros.h:92:9:[m[K [01;36m[Knote: [m[Kdeclared here
[46.226s]    92 |   using [01;36m[Kuint8_t[m[K [[deprecated("use std::uint8_t instead of pcl::uint8_t")]] = std::uint8_t;
[46.226s]       |         [01;36m[K^~~~~~~[m[K
[46.227s] In file included from [01m[K/usr/include/boost/preprocessor/tuple/elem.hpp:23[m[K,
[46.227s]                  from [01m[K/usr/include/boost/preprocessor/arithmetic/add.hpp:21[m[K,
[46.227s]                  from [01m[K/usr/include/boost/mpl/aux_/preprocessor/def_params_tail.hpp:66[m[K,
[46.227s]                  from [01m[K/usr/include/boost/mpl/aux_/na_spec.hpp:28[m[K,
[46.228s]                  from [01m[K/usr/include/boost/mpl/not.hpp:20[m[K,
[46.228s]                  from [01m[K/usr/include/boost/mpl/assert.hpp:17[m[K,
[46.228s]                  from [01m[K/usr/include/pcl-1.10/pcl/point_traits.h:48[m[K,
[46.228s]                  from [01m[K/usr/include/pcl-1.10/pcl/point_cloud.h:50[m[K,
[46.228s]                  from [01m[K/usr/include/pcl-1.10/pcl/kdtree/kdtree.h:43[m[K,
[46.229s]                  from [01m[K/usr/include/pcl-1.10/pcl/kdtree/kdtree_flann.h:43[m[K,
[46.230s]                  from [01m[K/home/xmedia/ros2_foxy/src/lio_sam/include/lio_sam/utility.hpp:21[m[K,
[46.230s]                  from [01m[K/home/xmedia/ros2_foxy/src/lio_sam/src/imageProjection.cpp:1[m[K:
[46.230s] [01m[K/home/xmedia/ros2_foxy/src/lio_sam/src/imageProjection.cpp:30:28:[m[K [01;35m[Kwarning: [m[K‘[01m[Kusing uint16_t = uint16_t[m[K’ is deprecated: use std::uint16_t instead of pcl::uint16_t [[01;35m[K-Wdeprecated-declarations[m[K]
[46.230s]    30 |     (uint8_t, ring, ring) ([01;35m[Kuint16_t[m[K, noise, noise) (uint32_t, range, range)
[46.231s]       |                            [01;35m[K^~~~~~~~[m[K
[46.231s] In file included from [01m[K/usr/include/pcl-1.10/pcl/kdtree/kdtree.h:42[m[K,
[46.231s]                  from [01m[K/usr/include/pcl-1.10/pcl/kdtree/kdtree_flann.h:43[m[K,
[46.231s]                  from [01m[K/home/xmedia/ros2_foxy/src/lio_sam/include/lio_sam/utility.hpp:21[m[K,
[46.231s]                  from [01m[K/home/xmedia/ros2_foxy/src/lio_sam/src/imageProjection.cpp:1[m[K:
[46.231s] [01m[K/usr/include/pcl-1.10/pcl/pcl_macros.h:94:9:[m[K [01;36m[Knote: [m[Kdeclared here
[46.231s]    94 |   using [01;36m[Kuint16_t[m[K [[deprecated("use std::uint16_t instead of pcl::uint16_t")]] = std::uint16_t;
[46.241s]       |         [01;36m[K^~~~~~~~[m[K
[46.241s] In file included from [01m[K/usr/include/boost/preprocessor/tuple/elem.hpp:23[m[K,
[46.241s]                  from [01m[K/usr/include/boost/preprocessor/arithmetic/add.hpp:21[m[K,
[46.241s]                  from [01m[K/usr/include/boost/mpl/aux_/preprocessor/def_params_tail.hpp:66[m[K,
[46.241s]                  from [01m[K/usr/include/boost/mpl/aux_/na_spec.hpp:28[m[K,
[46.241s]                  from [01m[K/usr/include/boost/mpl/not.hpp:20[m[K,
[46.242s]                  from [01m[K/usr/include/boost/mpl/assert.hpp:17[m[K,
[46.242s]                  from [01m[K/usr/include/pcl-1.10/pcl/point_traits.h:48[m[K,
[46.242s]                  from [01m[K/usr/include/pcl-1.10/pcl/point_cloud.h:50[m[K,
[46.242s]                  from [01m[K/usr/include/pcl-1.10/pcl/kdtree/kdtree.h:43[m[K,
[46.242s]                  from [01m[K/usr/include/pcl-1.10/pcl/kdtree/kdtree_flann.h:43[m[K,
[46.242s]                  from [01m[K/home/xmedia/ros2_foxy/src/lio_sam/include/lio_sam/utility.hpp:21[m[K,
[46.242s]                  from [01m[K/home/xmedia/ros2_foxy/src/lio_sam/src/imageProjection.cpp:1[m[K:
[46.242s] [01m[K/home/xmedia/ros2_foxy/src/lio_sam/src/imageProjection.cpp:30:53:[m[K [01;35m[Kwarning: [m[K‘[01m[Kusing uint32_t = uint32_t[m[K’ is deprecated: use std::uint32_t instead of pcl::uint32_t [[01;35m[K-Wdeprecated-declarations[m[K]
[46.242s]    30 |     (uint8_t, ring, ring) (uint16_t, noise, noise) ([01;35m[Kuint32_t[m[K, range, range)
[46.243s]       |                                                     [01;35m[K^~~~~~~~[m[K
[46.243s] In file included from [01m[K/usr/include/pcl-1.10/pcl/kdtree/kdtree.h:42[m[K,
[46.243s]                  from [01m[K/usr/include/pcl-1.10/pcl/kdtree/kdtree_flann.h:43[m[K,
[46.243s]                  from [01m[K/home/xmedia/ros2_foxy/src/lio_sam/include/lio_sam/utility.hpp:21[m[K,
[46.243s]                  from [01m[K/home/xmedia/ros2_foxy/src/lio_sam/src/imageProjection.cpp:1[m[K:
[46.243s] [01m[K/usr/include/pcl-1.10/pcl/pcl_macros.h:96:9:[m[K [01;36m[Knote: [m[Kdeclared here
[46.243s]    96 |   using [01;36m[Kuint32_t[m[K [[deprecated("use std::uint32_t instead of pcl::uint32_t")]] = std::uint32_t;
[46.243s]       |         [01;36m[K^~~~~~~~[m[K
[74.616s] [ 74%] [32m[1mLinking CXX executable lio_sam_featureExtraction[0m
[75.463s] [ 74%] Built target lio_sam_featureExtraction
[82.824s] [ 76%] [32m[1mLinking CXX executable lio_sam_imageProjection[0m
[83.790s] [ 76%] Built target lio_sam_imageProjection
[93.443s] [ 78%] [32m[1mLinking CXX executable lio_sam_imuPreintegration[0m
[94.354s] [ 78%] Built target lio_sam_imuPreintegration
[114.245s] [ 80%] [32m[1mLinking CXX executable lio_sam_mapOptimization[0m
[115.492s] [ 80%] Built target lio_sam_mapOptimization
[115.502s] [35m[1mScanning dependencies of target lio_sam__python[0m
[115.529s] [ 85%] [32mBuilding C object CMakeFiles/lio_sam__python.dir/rosidl_generator_py/lio_sam/msg/_cloud_info_s.c.o[0m
[115.529s] [ 85%] [32mBuilding C object CMakeFiles/lio_sam__python.dir/rosidl_generator_py/lio_sam/srv/_save_map_s.c.o[0m
[115.819s] [ 87%] [32m[1mLinking C shared library rosidl_generator_py/lio_sam/liblio_sam__python.so[0m
[115.872s] [ 87%] Built target lio_sam__python
[115.883s] [35m[1mScanning dependencies of target lio_sam__rosidl_typesupport_c__pyext[0m
[115.886s] [35m[1mScanning dependencies of target lio_sam__rosidl_typesupport_introspection_c__pyext[0m
[115.887s] [35m[1mScanning dependencies of target lio_sam__rosidl_typesupport_fastrtps_c__pyext[0m
[115.912s] [ 89%] [32mBuilding C object CMakeFiles/lio_sam__rosidl_typesupport_c__pyext.dir/rosidl_generator_py/lio_sam/_lio_sam_s.ep.rosidl_typesupport_c.c.o[0m
[115.931s] [ 91%] [32mBuilding C object CMakeFiles/lio_sam__rosidl_typesupport_introspection_c__pyext.dir/rosidl_generator_py/lio_sam/_lio_sam_s.ep.rosidl_typesupport_introspection_c.c.o[0m
[115.934s] [ 93%] [32mBuilding C object CMakeFiles/lio_sam__rosidl_typesupport_fastrtps_c__pyext.dir/rosidl_generator_py/lio_sam/_lio_sam_s.ep.rosidl_typesupport_fastrtps_c.c.o[0m
[116.106s] [ 95%] [32m[1mLinking C shared library rosidl_generator_py/lio_sam/lio_sam_s__rosidl_typesupport_introspection_c.cpython-38-x86_64-linux-gnu.so[0m
[116.115s] [ 97%] [32m[1mLinking C shared library rosidl_generator_py/lio_sam/lio_sam_s__rosidl_typesupport_c.cpython-38-x86_64-linux-gnu.so[0m
[116.154s] [100%] [32m[1mLinking CXX shared library rosidl_generator_py/lio_sam/lio_sam_s__rosidl_typesupport_fastrtps_c.cpython-38-x86_64-linux-gnu.so[0m
[116.178s] [100%] Built target lio_sam__rosidl_typesupport_c__pyext
[116.185s] [100%] Built target lio_sam__rosidl_typesupport_introspection_c__pyext
[116.248s] [100%] Built target lio_sam__rosidl_typesupport_fastrtps_c__pyext
[116.261s] Invoked command in '/home/xmedia/ros2_foxy/build/lio_sam' returned '0': CMAKE_PREFIX_PATH=${CMAKE_PREFIX_PATH}:/opt/ros/foxy /usr/bin/cmake --build /home/xmedia/ros2_foxy/build/lio_sam -- -j4 -l4
[116.264s] Invoking command in '/home/xmedia/ros2_foxy/build/lio_sam': CMAKE_PREFIX_PATH=${CMAKE_PREFIX_PATH}:/opt/ros/foxy /usr/bin/cmake --install /home/xmedia/ros2_foxy/build/lio_sam
[116.272s] -- Install configuration: "Release"
[116.273s] -- Execute custom install script
[116.273s] -- Symlinking: /home/xmedia/ros2_foxy/install/lio_sam/share/ament_index/resource_index/rosidl_interfaces/lio_sam
[116.283s] -- Symlinking: /home/xmedia/ros2_foxy/install/lio_sam/include/lio_sam/msg/cloud_info.h
[116.292s] -- Symlinking: /home/xmedia/ros2_foxy/install/lio_sam/include/lio_sam/msg/detail/cloud_info__functions.h
[116.301s] -- Symlinking: /home/xmedia/ros2_foxy/install/lio_sam/include/lio_sam/msg/detail/cloud_info__struct.h
[116.310s] -- Symlinking: /home/xmedia/ros2_foxy/install/lio_sam/include/lio_sam/msg/detail/cloud_info__type_support.h
[116.319s] -- Symlinking: /home/xmedia/ros2_foxy/install/lio_sam/include/lio_sam/msg/rosidl_generator_c__visibility_control.h
[116.329s] -- Symlinking: /home/xmedia/ros2_foxy/install/lio_sam/include/lio_sam/srv/detail/save_map__functions.h
[116.339s] -- Symlinking: /home/xmedia/ros2_foxy/install/lio_sam/include/lio_sam/srv/detail/save_map__struct.h
[116.349s] -- Symlinking: /home/xmedia/ros2_foxy/install/lio_sam/include/lio_sam/srv/detail/save_map__type_support.h
[116.359s] -- Symlinking: /home/xmedia/ros2_foxy/install/lio_sam/include/lio_sam/srv/save_map.h
[116.369s] -- Symlinking: /home/xmedia/ros2_foxy/install/lio_sam/share/lio_sam/environment/library_path.sh
[116.380s] -- Symlinking: /home/xmedia/ros2_foxy/install/lio_sam/share/lio_sam/environment/library_path.dsv
[116.391s] -- Symlinking: /home/xmedia/ros2_foxy/install/lio_sam/include/lio_sam/msg/detail/cloud_info__rosidl_typesupport_fastrtps_c.h
[116.400s] -- Symlinking: /home/xmedia/ros2_foxy/install/lio_sam/include/lio_sam/msg/rosidl_typesupport_fastrtps_c__visibility_control.h
[116.411s] -- Symlinking: /home/xmedia/ros2_foxy/install/lio_sam/include/lio_sam/srv/detail/save_map__rosidl_typesupport_fastrtps_c.h
[116.423s] -- Symlinking: /home/xmedia/ros2_foxy/install/lio_sam/lib/liblio_sam__rosidl_typesupport_fastrtps_c.so
[116.434s] -- Symlinking: /home/xmedia/ros2_foxy/install/lio_sam/include/lio_sam/msg/detail/cloud_info__rosidl_typesupport_fastrtps_cpp.hpp
[116.447s] -- Symlinking: /home/xmedia/ros2_foxy/install/lio_sam/include/lio_sam/msg/rosidl_typesupport_fastrtps_cpp__visibility_control.h
[116.458s] -- Symlinking: /home/xmedia/ros2_foxy/install/lio_sam/include/lio_sam/srv/detail/save_map__rosidl_typesupport_fastrtps_cpp.hpp
[116.471s] -- Symlinking: /home/xmedia/ros2_foxy/install/lio_sam/lib/liblio_sam__rosidl_typesupport_fastrtps_cpp.so
[116.484s] -- Symlinking: /home/xmedia/ros2_foxy/install/lio_sam/include/lio_sam/msg/detail/cloud_info__rosidl_typesupport_introspection_c.h
[116.494s] -- Symlinking: /home/xmedia/ros2_foxy/install/lio_sam/include/lio_sam/msg/rosidl_typesupport_introspection_c__visibility_control.h
[116.503s] -- Symlinking: /home/xmedia/ros2_foxy/install/lio_sam/include/lio_sam/srv/detail/save_map__rosidl_typesupport_introspection_c.h
[116.513s] -- Symlinking: /home/xmedia/ros2_foxy/install/lio_sam/include/lio_sam/msg/cloud_info.hpp
[116.524s] -- Symlinking: /home/xmedia/ros2_foxy/install/lio_sam/include/lio_sam/msg/detail/cloud_info__builder.hpp
[116.534s] -- Symlinking: /home/xmedia/ros2_foxy/install/lio_sam/include/lio_sam/msg/detail/cloud_info__struct.hpp
[116.544s] -- Symlinking: /home/xmedia/ros2_foxy/install/lio_sam/include/lio_sam/msg/detail/cloud_info__traits.hpp
[116.555s] -- Symlinking: /home/xmedia/ros2_foxy/install/lio_sam/include/lio_sam/msg/detail/cloud_info__type_support.hpp
[116.564s] -- Symlinking: /home/xmedia/ros2_foxy/install/lio_sam/include/lio_sam/msg/rosidl_generator_cpp__visibility_control.hpp
[116.574s] -- Symlinking: /home/xmedia/ros2_foxy/install/lio_sam/include/lio_sam/srv/detail/save_map__builder.hpp
[116.583s] -- Symlinking: /home/xmedia/ros2_foxy/install/lio_sam/include/lio_sam/srv/detail/save_map__struct.hpp
[116.593s] -- Symlinking: /home/xmedia/ros2_foxy/install/lio_sam/include/lio_sam/srv/detail/save_map__traits.hpp
[116.602s] -- Symlinking: /home/xmedia/ros2_foxy/install/lio_sam/include/lio_sam/srv/detail/save_map__type_support.hpp
[116.611s] -- Symlinking: /home/xmedia/ros2_foxy/install/lio_sam/include/lio_sam/srv/save_map.hpp
[116.622s] -- Symlinking: /home/xmedia/ros2_foxy/install/lio_sam/include/lio_sam/msg/detail/cloud_info__rosidl_typesupport_introspection_cpp.hpp
[116.634s] -- Symlinking: /home/xmedia/ros2_foxy/install/lio_sam/include/lio_sam/srv/detail/save_map__rosidl_typesupport_introspection_cpp.hpp
[116.643s] -- Symlinking: /home/xmedia/ros2_foxy/install/lio_sam/share/lio_sam/environment/pythonpath.sh
[116.653s] -- Symlinking: /home/xmedia/ros2_foxy/install/lio_sam/share/lio_sam/environment/pythonpath.dsv
[116.662s] -- Symlinking: /home/xmedia/ros2_foxy/install/lio_sam/lib/python3.8/site-packages/lio_sam/__init__.py
[116.672s] -- Symlinking: /home/xmedia/ros2_foxy/install/lio_sam/lib/python3.8/site-packages/lio_sam/msg/__init__.py
[116.681s] -- Symlinking: /home/xmedia/ros2_foxy/install/lio_sam/lib/python3.8/site-packages/lio_sam/msg/_cloud_info.py
[116.690s] -- Symlinking: /home/xmedia/ros2_foxy/install/lio_sam/lib/python3.8/site-packages/lio_sam/srv/__init__.py
[116.699s] -- Symlinking: /home/xmedia/ros2_foxy/install/lio_sam/lib/python3.8/site-packages/lio_sam/srv/_save_map.py
[116.709s] -- Symlinking: /home/xmedia/ros2_foxy/install/lio_sam/lib/python3.8/site-packages/lio_sam/lio_sam_s__rosidl_typesupport_fastrtps_c.cpython-38-x86_64-linux-gnu.so
[116.720s] -- Symlinking: /home/xmedia/ros2_foxy/install/lio_sam/lib/python3.8/site-packages/lio_sam/lio_sam_s__rosidl_typesupport_introspection_c.cpython-38-x86_64-linux-gnu.so
[116.731s] -- Symlinking: /home/xmedia/ros2_foxy/install/lio_sam/lib/python3.8/site-packages/lio_sam/lio_sam_s__rosidl_typesupport_c.cpython-38-x86_64-linux-gnu.so
[116.742s] -- Symlinking: /home/xmedia/ros2_foxy/install/lio_sam/lib/liblio_sam__python.so
[116.752s] -- Symlinking: /home/xmedia/ros2_foxy/install/lio_sam/share/lio_sam/msg/CloudInfo.idl
[116.761s] -- Symlinking: /home/xmedia/ros2_foxy/install/lio_sam/share/lio_sam/srv/SaveMap.idl
[116.771s] -- Symlinking: /home/xmedia/ros2_foxy/install/lio_sam/share/lio_sam/msg/CloudInfo.msg
[116.781s] -- Symlinking: /home/xmedia/ros2_foxy/install/lio_sam/share/lio_sam/srv/SaveMap.srv
[116.791s] -- Symlinking: /home/xmedia/ros2_foxy/install/lio_sam/share/lio_sam/srv/SaveMap_Request.msg
[116.800s] -- Symlinking: /home/xmedia/ros2_foxy/install/lio_sam/share/lio_sam/srv/SaveMap_Response.msg
[116.811s] -- Symlinking: /home/xmedia/ros2_foxy/install/lio_sam/share/lio_sam//launch/run.launch.py
[116.822s] -- Symlinking: /home/xmedia/ros2_foxy/install/lio_sam/share/lio_sam//config/doc/demo.gif
[116.833s] -- Symlinking: /home/xmedia/ros2_foxy/install/lio_sam/share/lio_sam//config/doc/device-boat.png
[116.844s] -- Symlinking: /home/xmedia/ros2_foxy/install/lio_sam/share/lio_sam//config/doc/device-hand-2.png
[116.854s] -- Symlinking: /home/xmedia/ros2_foxy/install/lio_sam/share/lio_sam//config/doc/device-hand.png
[116.863s] -- Symlinking: /home/xmedia/ros2_foxy/install/lio_sam/share/lio_sam//config/doc/device-jackal.png
[116.873s] -- Symlinking: /home/xmedia/ros2_foxy/install/lio_sam/share/lio_sam//config/doc/gps-demo.gif
[116.882s] -- Symlinking: /home/xmedia/ros2_foxy/install/lio_sam/share/lio_sam//config/doc/imu-debug.gif
[116.892s] -- Symlinking: /home/xmedia/ros2_foxy/install/lio_sam/share/lio_sam//config/doc/imu-transform.png
[116.901s] -- Symlinking: /home/xmedia/ros2_foxy/install/lio_sam/share/lio_sam//config/doc/kitti-demo.gif
[116.911s] -- Symlinking: /home/xmedia/ros2_foxy/install/lio_sam/share/lio_sam//config/doc/kitti-map.png
[116.920s] -- Symlinking: /home/xmedia/ros2_foxy/install/lio_sam/share/lio_sam//config/doc/kitti2bag/README.md
[116.930s] -- Symlinking: /home/xmedia/ros2_foxy/install/lio_sam/share/lio_sam//config/doc/kitti2bag/kitti2bag.py
[116.941s] -- Symlinking: /home/xmedia/ros2_foxy/install/lio_sam/share/lio_sam//config/doc/loop-closure-2.gif
[116.951s] -- Symlinking: /home/xmedia/ros2_foxy/install/lio_sam/share/lio_sam//config/doc/loop-closure.gif
[116.960s] -- Symlinking: /home/xmedia/ros2_foxy/install/lio_sam/share/lio_sam//config/doc/ouster-demo.gif
[116.969s] -- Symlinking: /home/xmedia/ros2_foxy/install/lio_sam/share/lio_sam//config/doc/ouster-device.jpg
[116.978s] -- Symlinking: /home/xmedia/ros2_foxy/install/lio_sam/share/lio_sam//config/doc/paper.pdf
[116.987s] -- Symlinking: /home/xmedia/ros2_foxy/install/lio_sam/share/lio_sam//config/doc/system.png
[116.996s] -- Symlinking: /home/xmedia/ros2_foxy/install/lio_sam/share/lio_sam//config/params.yaml
[117.004s] -- Symlinking: /home/xmedia/ros2_foxy/install/lio_sam/share/lio_sam//config/robot.urdf.xacro
[117.014s] -- Symlinking: /home/xmedia/ros2_foxy/install/lio_sam/share/lio_sam//config/rviz2.rviz
[117.024s] -- Symlinking: /home/xmedia/ros2_foxy/install/lio_sam/lib/lio_sam/lio_sam_imageProjection
[117.036s] -- Symlinking: /home/xmedia/ros2_foxy/install/lio_sam/lib/lio_sam/lio_sam_imuPreintegration
[117.046s] -- Symlinking: /home/xmedia/ros2_foxy/install/lio_sam/lib/lio_sam/lio_sam_featureExtraction
[117.057s] -- Symlinking: /home/xmedia/ros2_foxy/install/lio_sam/lib/lio_sam/lio_sam_mapOptimization
[117.067s] -- Symlinking: /home/xmedia/ros2_foxy/install/lio_sam/include/lio_sam/utility.hpp
[117.077s] -- Symlinking: /home/xmedia/ros2_foxy/install/lio_sam/share/ament_index/resource_index/package_run_dependencies/lio_sam
[117.086s] -- Symlinking: /home/xmedia/ros2_foxy/install/lio_sam/share/ament_index/resource_index/parent_prefix_path/lio_sam
[117.096s] -- Symlinking: /home/xmedia/ros2_foxy/install/lio_sam/share/lio_sam/environment/ament_prefix_path.sh
[117.107s] -- Symlinking: /home/xmedia/ros2_foxy/install/lio_sam/share/lio_sam/environment/ament_prefix_path.dsv
[117.116s] -- Symlinking: /home/xmedia/ros2_foxy/install/lio_sam/share/lio_sam/environment/path.sh
[117.127s] -- Symlinking: /home/xmedia/ros2_foxy/install/lio_sam/share/lio_sam/environment/path.dsv
[117.138s] -- Symlinking: /home/xmedia/ros2_foxy/install/lio_sam/share/lio_sam/local_setup.bash
[117.148s] -- Symlinking: /home/xmedia/ros2_foxy/install/lio_sam/share/lio_sam/local_setup.sh
[117.159s] -- Symlinking: /home/xmedia/ros2_foxy/install/lio_sam/share/lio_sam/local_setup.zsh
[117.168s] -- Symlinking: /home/xmedia/ros2_foxy/install/lio_sam/share/lio_sam/local_setup.dsv
[117.178s] -- Symlinking: /home/xmedia/ros2_foxy/install/lio_sam/share/lio_sam/package.dsv
[117.188s] -- Symlinking: /home/xmedia/ros2_foxy/install/lio_sam/share/ament_index/resource_index/packages/lio_sam
[117.197s] -- Symlinking: /home/xmedia/ros2_foxy/install/lio_sam/share/lio_sam/cmake/rosidl_cmake-extras.cmake
[117.207s] -- Symlinking: /home/xmedia/ros2_foxy/install/lio_sam/share/lio_sam/cmake/ament_cmake_export_dependencies-extras.cmake
[117.216s] -- Symlinking: /home/xmedia/ros2_foxy/install/lio_sam/share/lio_sam/cmake/ament_cmake_export_libraries-extras.cmake
[117.225s] -- Symlinking: /home/xmedia/ros2_foxy/install/lio_sam/share/lio_sam/cmake/ament_cmake_export_targets-extras.cmake
[117.236s] -- Symlinking: /home/xmedia/ros2_foxy/install/lio_sam/share/lio_sam/cmake/ament_cmake_export_include_directories-extras.cmake
[117.245s] -- Symlinking: /home/xmedia/ros2_foxy/install/lio_sam/share/lio_sam/cmake/rosidl_cmake_export_typesupport_libraries-extras.cmake
[117.255s] -- Symlinking: /home/xmedia/ros2_foxy/install/lio_sam/share/lio_sam/cmake/rosidl_cmake_export_typesupport_targets-extras.cmake
[117.264s] -- Symlinking: /home/xmedia/ros2_foxy/install/lio_sam/share/lio_sam/cmake/lio_samConfig.cmake
[117.273s] -- Symlinking: /home/xmedia/ros2_foxy/install/lio_sam/share/lio_sam/cmake/lio_samConfig-version.cmake
[117.282s] -- Symlinking: /home/xmedia/ros2_foxy/install/lio_sam/share/lio_sam/package.xml
[117.291s] -- Installing: /home/xmedia/ros2_foxy/install/lio_sam/lib/liblio_sam__rosidl_generator_c.so
[117.291s] -- Set runtime path of "/home/xmedia/ros2_foxy/install/lio_sam/lib/liblio_sam__rosidl_generator_c.so" to ""
[117.291s] -- Installing: /home/xmedia/ros2_foxy/install/lio_sam/lib/liblio_sam__rosidl_typesupport_introspection_c.so
[117.292s] -- Set runtime path of "/home/xmedia/ros2_foxy/install/lio_sam/lib/liblio_sam__rosidl_typesupport_introspection_c.so" to ""
[117.292s] -- Installing: /home/xmedia/ros2_foxy/install/lio_sam/lib/liblio_sam__rosidl_typesupport_c.so
[117.293s] -- Set runtime path of "/home/xmedia/ros2_foxy/install/lio_sam/lib/liblio_sam__rosidl_typesupport_c.so" to ""
[117.293s] -- Installing: /home/xmedia/ros2_foxy/install/lio_sam/lib/liblio_sam__rosidl_typesupport_introspection_cpp.so
[117.294s] -- Set runtime path of "/home/xmedia/ros2_foxy/install/lio_sam/lib/liblio_sam__rosidl_typesupport_introspection_cpp.so" to ""
[117.294s] -- Installing: /home/xmedia/ros2_foxy/install/lio_sam/lib/liblio_sam__rosidl_typesupport_cpp.so
[117.294s] -- Set runtime path of "/home/xmedia/ros2_foxy/install/lio_sam/lib/liblio_sam__rosidl_typesupport_cpp.so" to ""
[117.330s] Compiling '/home/xmedia/ros2_foxy/install/lio_sam/lib/python3.8/site-packages/lio_sam/__init__.py'...
[117.336s] -- Installing: /home/xmedia/ros2_foxy/install/lio_sam/share/lio_sam/cmake/lio_sam__rosidl_generator_cExport.cmake
[117.337s] -- Installing: /home/xmedia/ros2_foxy/install/lio_sam/share/lio_sam/cmake/lio_sam__rosidl_generator_cExport-release.cmake
[117.337s] -- Installing: /home/xmedia/ros2_foxy/install/lio_sam/share/lio_sam/cmake/lio_sam__rosidl_typesupport_introspection_cExport.cmake
[117.337s] -- Installing: /home/xmedia/ros2_foxy/install/lio_sam/share/lio_sam/cmake/lio_sam__rosidl_typesupport_introspection_cExport-release.cmake
[117.337s] -- Installing: /home/xmedia/ros2_foxy/install/lio_sam/share/lio_sam/cmake/lio_sam__rosidl_typesupport_cExport.cmake
[117.337s] -- Installing: /home/xmedia/ros2_foxy/install/lio_sam/share/lio_sam/cmake/lio_sam__rosidl_typesupport_cExport-release.cmake
[117.338s] -- Installing: /home/xmedia/ros2_foxy/install/lio_sam/share/lio_sam/cmake/lio_sam__rosidl_generator_cppExport.cmake
[117.338s] -- Installing: /home/xmedia/ros2_foxy/install/lio_sam/share/lio_sam/cmake/lio_sam__rosidl_typesupport_introspection_cppExport.cmake
[117.338s] -- Installing: /home/xmedia/ros2_foxy/install/lio_sam/share/lio_sam/cmake/lio_sam__rosidl_typesupport_introspection_cppExport-release.cmake
[117.338s] -- Installing: /home/xmedia/ros2_foxy/install/lio_sam/share/lio_sam/cmake/lio_sam__rosidl_typesupport_cppExport.cmake
[117.339s] -- Installing: /home/xmedia/ros2_foxy/install/lio_sam/share/lio_sam/cmake/lio_sam__rosidl_typesupport_cppExport-release.cmake
[117.345s] Invoked command in '/home/xmedia/ros2_foxy/build/lio_sam' returned '0': CMAKE_PREFIX_PATH=${CMAKE_PREFIX_PATH}:/opt/ros/foxy /usr/bin/cmake --install /home/xmedia/ros2_foxy/build/lio_sam
