-- Found ament_cmake: 0.9.12 (/opt/ros/foxy/share/ament_cmake/cmake)
-- Using PYTHON_EXECUTABLE: /usr/bin/python3
-- Override CMake install command with custom implementation using symlinks instead of copying resources
-- Found rclcpp: 2.4.3 (/opt/ros/foxy/share/rclcpp/cmake)
-- Using all available rosidl_typesupport_c: rosidl_typesupport_fastrtps_c;rosidl_typesupport_introspection_c
-- Found rosidl_adapter: 1.3.1 (/opt/ros/foxy/share/rosidl_adapter/cmake)
-- Using all available rosidl_typesupport_cpp: rosidl_typesupport_fastrtps_cpp;rosidl_typesupport_introspection_cpp
-- Found rmw_implementation_cmake: 1.0.4 (/opt/ros/foxy/share/rmw_implementation_cmake/cmake)
-- Using RMW implementation 'rmw_fastrtps_cpp' as default
-- Found sensor_msgs: 2.0.5 (/opt/ros/foxy/share/sensor_msgs/cmake)
-- Found pcl_conversions: 2.2.1 (/opt/ros/foxy/share/pcl_conversions/cmake)
-- Eigen found (include: /usr/include/eigen3, version: 3.3.7)
-- The imported target "vtkParseOGLExt" references the file
   "/usr/bin/vtkParseOGLExt-7.1"
but this file does not exist.  Possible reasons include:
* The file was deleted, renamed, or moved to another location.
* An install or uninstall procedure did not complete successfully.
* The installation package was faulty and contained
   "/usr/lib/cmake/vtk-7.1/VTKTargets.cmake"
but not all the files it references.

-- The imported target "vtkRenderingPythonTkWidgets" references the file
   "/usr/lib/x86_64-linux-gnu/libvtkRenderingPythonTkWidgets.so"
but this file does not exist.  Possible reasons include:
* The file was deleted, renamed, or moved to another location.
* An install or uninstall procedure did not complete successfully.
* The installation package was faulty and contained
   "/usr/lib/cmake/vtk-7.1/VTKTargets.cmake"
but not all the files it references.

-- The imported target "vtk" references the file
   "/usr/bin/vtk"
but this file does not exist.  Possible reasons include:
* The file was deleted, renamed, or moved to another location.
* An install or uninstall procedure did not complete successfully.
* The installation package was faulty and contained
   "/usr/lib/cmake/vtk-7.1/VTKTargets.cmake"
but not all the files it references.

-- The imported target "pvtk" references the file
   "/usr/bin/pvtk"
but this file does not exist.  Possible reasons include:
* The file was deleted, renamed, or moved to another location.
* An install or uninstall procedure did not complete successfully.
* The installation package was faulty and contained
   "/usr/lib/cmake/vtk-7.1/VTKTargets.cmake"
but not all the files it references.

-- OpenNI found (include: /usr/include/ni, lib: /usr/lib/libOpenNI.so)
-- OpenNI2 found (include: /usr/include/openni2, lib: /usr/lib/libOpenNI2.so)
-- OpenNI found (include: /usr/include/ni, lib: /usr/lib/libOpenNI.so)
-- OpenNI2 found (include: /usr/include/openni2, lib: /usr/lib/libOpenNI2.so)
-- QHULL found (include: /usr/include, lib: optimized;/usr/lib/x86_64-linux-gnu/libqhull.so;debug;/usr/lib/x86_64-linux-gnu/libqhull.so)
-- OpenNI found (include: /usr/include/ni, lib: /usr/lib/libOpenNI.so)
-- looking for PCL_COMMON
-- looking for PCL_KDTREE
-- looking for PCL_OCTREE
-- looking for PCL_SEARCH
-- looking for PCL_SAMPLE_CONSENSUS
-- looking for PCL_FILTERS
-- looking for PCL_2D
-- looking for PCL_GEOMETRY
-- looking for PCL_IO
-- looking for PCL_FEATURES
-- looking for PCL_ML
-- looking for PCL_SEGMENTATION
-- looking for PCL_VISUALIZATION
-- looking for PCL_SURFACE
-- looking for PCL_REGISTRATION
-- looking for PCL_KEYPOINTS
-- looking for PCL_TRACKING
-- looking for PCL_RECOGNITION
-- looking for PCL_STEREO
-- looking for PCL_APPS
-- looking for PCL_IN_HAND_SCANNER
-- looking for PCL_POINT_CLOUD_EDITOR
-- looking for PCL_OUTOFCORE
-- looking for PCL_PEOPLE
-- Configuring done
-- Generating done
-- Build files have been written to: /home/xmedia/ros2_foxy/build/unitree_lidar_ros2
[100%] Built target unitree_lidar_ros2_node
-- Install configuration: "Release"
-- Execute custom install script
-- Up-to-date symlink: /home/xmedia/ros2_foxy/install/unitree_lidar_ros2/lib/unitree_lidar_ros2/unitree_lidar_ros2_node
-- Up-to-date symlink: /home/xmedia/ros2_foxy/install/unitree_lidar_ros2/share/unitree_lidar_ros2/view.rviz
-- Up-to-date symlink: /home/xmedia/ros2_foxy/install/unitree_lidar_ros2/share/unitree_lidar_ros2/launch.py
-- Up-to-date symlink: /home/xmedia/ros2_foxy/install/unitree_lidar_ros2/share/ament_index/resource_index/package_run_dependencies/unitree_lidar_ros2
-- Up-to-date symlink: /home/xmedia/ros2_foxy/install/unitree_lidar_ros2/share/ament_index/resource_index/parent_prefix_path/unitree_lidar_ros2
-- Up-to-date symlink: /home/xmedia/ros2_foxy/install/unitree_lidar_ros2/share/unitree_lidar_ros2/environment/ament_prefix_path.sh
-- Up-to-date symlink: /home/xmedia/ros2_foxy/install/unitree_lidar_ros2/share/unitree_lidar_ros2/environment/ament_prefix_path.dsv
-- Up-to-date symlink: /home/xmedia/ros2_foxy/install/unitree_lidar_ros2/share/unitree_lidar_ros2/environment/path.sh
-- Up-to-date symlink: /home/xmedia/ros2_foxy/install/unitree_lidar_ros2/share/unitree_lidar_ros2/environment/path.dsv
-- Up-to-date symlink: /home/xmedia/ros2_foxy/install/unitree_lidar_ros2/share/unitree_lidar_ros2/local_setup.bash
-- Up-to-date symlink: /home/xmedia/ros2_foxy/install/unitree_lidar_ros2/share/unitree_lidar_ros2/local_setup.sh
-- Up-to-date symlink: /home/xmedia/ros2_foxy/install/unitree_lidar_ros2/share/unitree_lidar_ros2/local_setup.zsh
-- Up-to-date symlink: /home/xmedia/ros2_foxy/install/unitree_lidar_ros2/share/unitree_lidar_ros2/local_setup.dsv
-- Symlinking: /home/xmedia/ros2_foxy/install/unitree_lidar_ros2/share/unitree_lidar_ros2/package.dsv
-- Up-to-date symlink: /home/xmedia/ros2_foxy/install/unitree_lidar_ros2/share/ament_index/resource_index/packages/unitree_lidar_ros2
-- Up-to-date symlink: /home/xmedia/ros2_foxy/install/unitree_lidar_ros2/share/unitree_lidar_ros2/cmake/unitree_lidar_ros2Config.cmake
-- Up-to-date symlink: /home/xmedia/ros2_foxy/install/unitree_lidar_ros2/share/unitree_lidar_ros2/cmake/unitree_lidar_ros2Config-version.cmake
-- Up-to-date symlink: /home/xmedia/ros2_foxy/install/unitree_lidar_ros2/share/unitree_lidar_ros2/package.xml
